{"uid":"5fb8acb56ad5442c","name":"test_auth_add_comment_button","fullName":"hw.code.test_view_comment.TestViewComment#test_auth_add_comment_button","historyId":"2f1614276e730b35c3ca7e62ee096bdf","time":{"start":1683775664895,"stop":1683775670110,"duration":5215},"status":"broken","statusMessage":"selenium.common.exceptions.TimeoutException: Message: \nStacktrace:\n#0 0x562c0a9c0fe3 <unknown>\n#1 0x562c0a6ffd36 <unknown>\n#2 0x562c0a73cc4d <unknown>\n#3 0x562c0a73cd61 <unknown>\n#4 0x562c0a7786a4 <unknown>\n#5 0x562c0a75d8ed <unknown>\n#6 0x562c0a776232 <unknown>\n#7 0x562c0a75d693 <unknown>\n#8 0x562c0a73003a <unknown>\n#9 0x562c0a73117e <unknown>\n#10 0x562c0a982dbd <unknown>\n#11 0x562c0a986c6c <unknown>\n#12 0x562c0a9904b0 <unknown>\n#13 0x562c0a987d63 <unknown>\n#14 0x562c0a95ac35 <unknown>\n#15 0x562c0a9ab138 <unknown>\n#16 0x562c0a9ab2c7 <unknown>\n#17 0x562c0a9b9093 <unknown>\n#18 0x7f5018b35b43 <unknown>","statusTrace":"newSelf = <test_view_comment.TestViewComment object at 0x7f4f0c132160>\n\n    def wrapper(newSelf):\n        self.render_page()\n>       func(newSelf)\n\nhw/code/ui/pages/base_page.py:39: \n_ _ _ _ _ _ _ _ _ _ _ _ _ _ _ _ _ _ _ _ _ _ _ _ _ _ _ _ _ _ _ _ _ _ _ _ _ _ _ _ \nhw/code/test_view_comment.py:45: in test_auth_add_comment_button\n    self.viewComment.checkErrorAddComment()\nhw/code/ui/pages/view_comment.py:19: in checkErrorAddComment\n    self.checkErrorMessage('Вы уже создали отзыв об этом товаре')\nhw/code/ui/pages/base_page.py:68: in checkErrorMessage\n    errorMessageElement = self.find(\nhw/code/ui/pages/base_page.py:46: in find\n    self.waitUntilVisible(locator, 3)\nhw/code/ui/pages/base_page.py:62: in waitUntilVisible\n    self.wait(timeout).until(EC.presence_of_element_located(selector))\n_ _ _ _ _ _ _ _ _ _ _ _ _ _ _ _ _ _ _ _ _ _ _ _ _ _ _ _ _ _ _ _ _ _ _ _ _ _ _ _ \n\nself = <selenium.webdriver.support.wait.WebDriverWait (session=\"7b9ecf100018748583652dfa351574e0\")>\nmethod = <function presence_of_element_located.<locals>._predicate at 0x7f4f0c1171f0>\nmessage = ''\n\n    def until(self, method, message: str = \"\"):\n        \"\"\"Calls the method provided with the driver as an argument until the \\\n        return value does not evaluate to ``False``.\n    \n        :param method: callable(WebDriver)\n        :param message: optional message for :exc:`TimeoutException`\n        :returns: the result of the last call to `method`\n        :raises: :exc:`selenium.common.exceptions.TimeoutException` if timeout occurs\n        \"\"\"\n        screen = None\n        stacktrace = None\n    \n        end_time = time.monotonic() + self._timeout\n        while True:\n            try:\n                value = method(self._driver)\n                if value:\n                    return value\n            except self._ignored_exceptions as exc:\n                screen = getattr(exc, \"screen\", None)\n                stacktrace = getattr(exc, \"stacktrace\", None)\n            time.sleep(self._poll)\n            if time.monotonic() > end_time:\n                break\n>       raise TimeoutException(message, screen, stacktrace)\nE       selenium.common.exceptions.TimeoutException: Message: \nE       Stacktrace:\nE       #0 0x562c0a9c0fe3 <unknown>\nE       #1 0x562c0a6ffd36 <unknown>\nE       #2 0x562c0a73cc4d <unknown>\nE       #3 0x562c0a73cd61 <unknown>\nE       #4 0x562c0a7786a4 <unknown>\nE       #5 0x562c0a75d8ed <unknown>\nE       #6 0x562c0a776232 <unknown>\nE       #7 0x562c0a75d693 <unknown>\nE       #8 0x562c0a73003a <unknown>\nE       #9 0x562c0a73117e <unknown>\nE       #10 0x562c0a982dbd <unknown>\nE       #11 0x562c0a986c6c <unknown>\nE       #12 0x562c0a9904b0 <unknown>\nE       #13 0x562c0a987d63 <unknown>\nE       #14 0x562c0a95ac35 <unknown>\nE       #15 0x562c0a9ab138 <unknown>\nE       #16 0x562c0a9ab2c7 <unknown>\nE       #17 0x562c0a9b9093 <unknown>\nE       #18 0x7f5018b35b43 <unknown>\n\n/opt/hostedtoolcache/Python/3.9.16/x64/lib/python3.9/site-packages/selenium/webdriver/support/wait.py:95: TimeoutException","flaky":false,"newFailed":false,"newBroken":false,"newPassed":false,"retriesCount":0,"retriesStatusChange":false,"beforeStages":[],"testStage":{"status":"broken","statusMessage":"selenium.common.exceptions.TimeoutException: Message: \nStacktrace:\n#0 0x562c0a9c0fe3 <unknown>\n#1 0x562c0a6ffd36 <unknown>\n#2 0x562c0a73cc4d <unknown>\n#3 0x562c0a73cd61 <unknown>\n#4 0x562c0a7786a4 <unknown>\n#5 0x562c0a75d8ed <unknown>\n#6 0x562c0a776232 <unknown>\n#7 0x562c0a75d693 <unknown>\n#8 0x562c0a73003a <unknown>\n#9 0x562c0a73117e <unknown>\n#10 0x562c0a982dbd <unknown>\n#11 0x562c0a986c6c <unknown>\n#12 0x562c0a9904b0 <unknown>\n#13 0x562c0a987d63 <unknown>\n#14 0x562c0a95ac35 <unknown>\n#15 0x562c0a9ab138 <unknown>\n#16 0x562c0a9ab2c7 <unknown>\n#17 0x562c0a9b9093 <unknown>\n#18 0x7f5018b35b43 <unknown>","statusTrace":"newSelf = <test_view_comment.TestViewComment object at 0x7f4f0c132160>\n\n    def wrapper(newSelf):\n        self.render_page()\n>       func(newSelf)\n\nhw/code/ui/pages/base_page.py:39: \n_ _ _ _ _ _ _ _ _ _ _ _ _ _ _ _ _ _ _ _ _ _ _ _ _ _ _ _ _ _ _ _ _ _ _ _ _ _ _ _ \nhw/code/test_view_comment.py:45: in test_auth_add_comment_button\n    self.viewComment.checkErrorAddComment()\nhw/code/ui/pages/view_comment.py:19: in checkErrorAddComment\n    self.checkErrorMessage('Вы уже создали отзыв об этом товаре')\nhw/code/ui/pages/base_page.py:68: in checkErrorMessage\n    errorMessageElement = self.find(\nhw/code/ui/pages/base_page.py:46: in find\n    self.waitUntilVisible(locator, 3)\nhw/code/ui/pages/base_page.py:62: in waitUntilVisible\n    self.wait(timeout).until(EC.presence_of_element_located(selector))\n_ _ _ _ _ _ _ _ _ _ _ _ _ _ _ _ _ _ _ _ _ _ _ _ _ _ _ _ _ _ _ _ _ _ _ _ _ _ _ _ \n\nself = <selenium.webdriver.support.wait.WebDriverWait (session=\"7b9ecf100018748583652dfa351574e0\")>\nmethod = <function presence_of_element_located.<locals>._predicate at 0x7f4f0c1171f0>\nmessage = ''\n\n    def until(self, method, message: str = \"\"):\n        \"\"\"Calls the method provided with the driver as an argument until the \\\n        return value does not evaluate to ``False``.\n    \n        :param method: callable(WebDriver)\n        :param message: optional message for :exc:`TimeoutException`\n        :returns: the result of the last call to `method`\n        :raises: :exc:`selenium.common.exceptions.TimeoutException` if timeout occurs\n        \"\"\"\n        screen = None\n        stacktrace = None\n    \n        end_time = time.monotonic() + self._timeout\n        while True:\n            try:\n                value = method(self._driver)\n                if value:\n                    return value\n            except self._ignored_exceptions as exc:\n                screen = getattr(exc, \"screen\", None)\n                stacktrace = getattr(exc, \"stacktrace\", None)\n            time.sleep(self._poll)\n            if time.monotonic() > end_time:\n                break\n>       raise TimeoutException(message, screen, stacktrace)\nE       selenium.common.exceptions.TimeoutException: Message: \nE       Stacktrace:\nE       #0 0x562c0a9c0fe3 <unknown>\nE       #1 0x562c0a6ffd36 <unknown>\nE       #2 0x562c0a73cc4d <unknown>\nE       #3 0x562c0a73cd61 <unknown>\nE       #4 0x562c0a7786a4 <unknown>\nE       #5 0x562c0a75d8ed <unknown>\nE       #6 0x562c0a776232 <unknown>\nE       #7 0x562c0a75d693 <unknown>\nE       #8 0x562c0a73003a <unknown>\nE       #9 0x562c0a73117e <unknown>\nE       #10 0x562c0a982dbd <unknown>\nE       #11 0x562c0a986c6c <unknown>\nE       #12 0x562c0a9904b0 <unknown>\nE       #13 0x562c0a987d63 <unknown>\nE       #14 0x562c0a95ac35 <unknown>\nE       #15 0x562c0a9ab138 <unknown>\nE       #16 0x562c0a9ab2c7 <unknown>\nE       #17 0x562c0a9b9093 <unknown>\nE       #18 0x7f5018b35b43 <unknown>\n\n/opt/hostedtoolcache/Python/3.9.16/x64/lib/python3.9/site-packages/selenium/webdriver/support/wait.py:95: TimeoutException","steps":[{"name":"login","time":{"start":1683775664955,"stop":1683775666413,"duration":1458},"status":"passed","steps":[],"attachments":[],"parameters":[],"stepsCount":0,"attachmentsCount":0,"shouldDisplayMessage":false,"hasContent":false},{"name":"checkErrorAddComment","time":{"start":1683775666413,"stop":1683775670109,"duration":3696},"status":"broken","statusMessage":"selenium.common.exceptions.TimeoutException: Message: \nStacktrace:\n#0 0x562c0a9c0fe3 <unknown>\n#1 0x562c0a6ffd36 <unknown>\n#2 0x562c0a73cc4d <unknown>\n#3 0x562c0a73cd61 <unknown>\n#4 0x562c0a7786a4 <unknown>\n#5 0x562c0a75d8ed <unknown>\n#6 0x562c0a776232 <unknown>\n#7 0x562c0a75d693 <unknown>\n#8 0x562c0a73003a <unknown>\n#9 0x562c0a73117e <unknown>\n#10 0x562c0a982dbd <unknown>\n#11 0x562c0a986c6c <unknown>\n#12 0x562c0a9904b0 <unknown>\n#13 0x562c0a987d63 <unknown>\n#14 0x562c0a95ac35 <unknown>\n#15 0x562c0a9ab138 <unknown>\n#16 0x562c0a9ab2c7 <unknown>\n#17 0x562c0a9b9093 <unknown>\n#18 0x7f5018b35b43 <unknown>\n\n","statusTrace":"  File \"/home/runner/work/e2e-selenium-TP/e2e-selenium-TP/hw/code/test_view_comment.py\", line 45, in test_auth_add_comment_button\n    self.viewComment.checkErrorAddComment()\n  File \"/home/runner/work/e2e-selenium-TP/e2e-selenium-TP/hw/code/ui/pages/view_comment.py\", line 19, in checkErrorAddComment\n    self.checkErrorMessage('Вы уже создали отзыв об этом товаре')\n  File \"/home/runner/work/e2e-selenium-TP/e2e-selenium-TP/hw/code/ui/pages/base_page.py\", line 68, in checkErrorMessage\n    errorMessageElement = self.find(\n  File \"/home/runner/work/e2e-selenium-TP/e2e-selenium-TP/hw/code/ui/pages/base_page.py\", line 46, in find\n    self.waitUntilVisible(locator, 3)\n  File \"/home/runner/work/e2e-selenium-TP/e2e-selenium-TP/hw/code/ui/pages/base_page.py\", line 62, in waitUntilVisible\n    self.wait(timeout).until(EC.presence_of_element_located(selector))\n  File \"/opt/hostedtoolcache/Python/3.9.16/x64/lib/python3.9/site-packages/selenium/webdriver/support/wait.py\", line 95, in until\n    raise TimeoutException(message, screen, stacktrace)\n","steps":[],"attachments":[],"parameters":[],"stepsCount":0,"attachmentsCount":0,"shouldDisplayMessage":true,"hasContent":true}],"attachments":[],"parameters":[],"stepsCount":2,"attachmentsCount":0,"shouldDisplayMessage":true,"hasContent":true},"afterStages":[],"labels":[{"name":"feature","value":"TestViewComment"},{"name":"story","value":"check error message. Auth add comment button"},{"name":"parentSuite","value":"hw.code"},{"name":"suite","value":"test_view_comment"},{"name":"subSuite","value":"TestViewComment"},{"name":"host","value":"fv-az444-279"},{"name":"thread","value":"3865-MainThread"},{"name":"framework","value":"pytest"},{"name":"language","value":"cpython3"},{"name":"package","value":"hw.code.test_view_comment"},{"name":"resultFormat","value":"allure2"}],"parameters":[],"links":[],"hidden":false,"retry":false,"extra":{"severity":"normal","retries":[],"categories":[{"name":"Test defects","matchedStatuses":[],"flaky":false}],"history":{"statistic":{"failed":0,"broken":5,"skipped":0,"passed":0,"unknown":0,"total":5},"items":[{"uid":"4634eb504e50e480","reportUrl":"https://tUnknownLegend.github.io/e2e-selenium-TP/26//#testresult/4634eb504e50e480","status":"broken","statusDetails":"selenium.common.exceptions.TimeoutException: Message: \nStacktrace:\n#0 0x5602bd838133 <unknown>\n#1 0x5602bd56c966 <unknown>\n#2 0x5602bd5a90dc <unknown>\n#3 0x5602bd5a9211 <unknown>\n#4 0x5602bd5e36c4 <unknown>\n#5 0x5602bd5c8bfd <unknown>\n#6 0x5602bd5e11c7 <unknown>\n#7 0x5602bd5c89a3 <unknown>\n#8 0x5602bd59d46a <unknown>\n#9 0x5602bd59e55e <unknown>\n#10 0x5602bd7f7cae <unknown>\n#11 0x5602bd7fb8fe <unknown>\n#12 0x5602bd804f20 <unknown>\n#13 0x5602bd7fc923 <unknown>\n#14 0x5602bd7cfc0e <unknown>\n#15 0x5602bd81fb08 <unknown>\n#16 0x5602bd81fc97 <unknown>\n#17 0x5602bd830113 <unknown>\n#18 0x7f95d36cdb43 <unknown>","time":{"start":1683775643847,"stop":1683775649674,"duration":5827}},{"uid":"2297066169cd724f","reportUrl":"https://tUnknownLegend.github.io/e2e-selenium-TP/25//#testresult/2297066169cd724f","status":"broken","statusDetails":"selenium.common.exceptions.TimeoutException: Message: \nStacktrace:\n#0 0x55eff28b2fe3 <unknown>\n#1 0x55eff25f1d36 <unknown>\n#2 0x55eff262ec4d <unknown>\n#3 0x55eff262ed61 <unknown>\n#4 0x55eff266a6a4 <unknown>\n#5 0x55eff264f8ed <unknown>\n#6 0x55eff2668232 <unknown>\n#7 0x55eff264f693 <unknown>\n#8 0x55eff262203a <unknown>\n#9 0x55eff262317e <unknown>\n#10 0x55eff2874dbd <unknown>\n#11 0x55eff2878c6c <unknown>\n#12 0x55eff28824b0 <unknown>\n#13 0x55eff2879d63 <unknown>\n#14 0x55eff284cc35 <unknown>\n#15 0x55eff289d138 <unknown>\n#16 0x55eff289d2c7 <unknown>\n#17 0x55eff28ab093 <unknown>\n#18 0x7f3461f03b43 <unknown>","time":{"start":1683749825492,"stop":1683749831384,"duration":5892}},{"uid":"9c8b88fd4af02d30","reportUrl":"https://tUnknownLegend.github.io/e2e-selenium-TP/24//#testresult/9c8b88fd4af02d30","status":"broken","statusDetails":"TypeError: object of type 'NoneType' has no len()","time":{"start":1683749362830,"stop":1683749363801,"duration":971}},{"uid":"a07db3501787fa72","reportUrl":"https://tUnknownLegend.github.io/e2e-selenium-TP/23//#testresult/a07db3501787fa72","status":"broken","statusDetails":"selenium.common.exceptions.TimeoutException: Message: \nStacktrace:\n#0 0x55e4f124bfe3 <unknown>\n#1 0x55e4f0f8ad36 <unknown>\n#2 0x55e4f0fc7c4d <unknown>\n#3 0x55e4f0fc7d61 <unknown>\n#4 0x55e4f10036a4 <unknown>\n#5 0x55e4f0fe88ed <unknown>\n#6 0x55e4f1001232 <unknown>\n#7 0x55e4f0fe8693 <unknown>\n#8 0x55e4f0fbb03a <unknown>\n#9 0x55e4f0fbc17e <unknown>\n#10 0x55e4f120ddbd <unknown>\n#11 0x55e4f1211c6c <unknown>\n#12 0x55e4f121b4b0 <unknown>\n#13 0x55e4f1212d63 <unknown>\n#14 0x55e4f11e5c35 <unknown>\n#15 0x55e4f1236138 <unknown>\n#16 0x55e4f12362c7 <unknown>\n#17 0x55e4f1244093 <unknown>\n#18 0x7fbc79d42b43 <unknown>","time":{"start":1683638351658,"stop":1683638357413,"duration":5755}}]},"tags":[]},"source":"5fb8acb56ad5442c.json","parameterValues":[]}