{"uid":"f8b308a203727b59","name":"test_product_change_count","fullName":"hw.code.test_cart_count.TestChangeItemCountInCart#test_product_change_count","historyId":"2c493f95beaa0e3b700d37d5f3040d83","time":{"start":1683588320647,"stop":1683588325856,"duration":5209},"status":"broken","statusMessage":"selenium.common.exceptions.TimeoutException: Message: \nStacktrace:\n#0 0x55b7f04e3fe3 <unknown>\n#1 0x55b7f0222d36 <unknown>\n#2 0x55b7f025fc4d <unknown>\n#3 0x55b7f025fd61 <unknown>\n#4 0x55b7f029b6a4 <unknown>\n#5 0x55b7f02808ed <unknown>\n#6 0x55b7f0299232 <unknown>\n#7 0x55b7f0280693 <unknown>\n#8 0x55b7f025303a <unknown>\n#9 0x55b7f025417e <unknown>\n#10 0x55b7f04a5dbd <unknown>\n#11 0x55b7f04a9c6c <unknown>\n#12 0x55b7f04b34b0 <unknown>\n#13 0x55b7f04aad63 <unknown>\n#14 0x55b7f047dc35 <unknown>\n#15 0x55b7f04ce138 <unknown>\n#16 0x55b7f04ce2c7 <unknown>\n#17 0x55b7f04dc093 <unknown>\n#18 0x7fde37adcb43 <unknown>","statusTrace":"self = <test_cart_count.TestChangeItemCountInCart object at 0x7f8d013ac5b0>\n\n    def test_product_change_count(self):\n        self.productChangeCount.test_unauth_change_count_buttons()\n>       self.productChangeCount.test_auth_change_count_buttons()\n\nhw/code/test_cart_count.py:16: \n_ _ _ _ _ _ _ _ _ _ _ _ _ _ _ _ _ _ _ _ _ _ _ _ _ _ _ _ _ _ _ _ _ _ _ _ _ _ _ _ \nhw/code/ui/pages/base_page.py:40: in wrapper\n    func(newSelf)\nhw/code/ui/components/changeCartCountButton.py:54: in test_auth_change_count_buttons\n    self.loginPage.login()\nhw/code/ui/pages/login_page.py:34: in login\n    self.waitUntilVisible(self.homeLocators.HOME_CATEGORIES, 1)\nhw/code/ui/pages/base_page.py:64: in waitUntilVisible\n    self.wait(timeout).until(EC.presence_of_element_located(selector))\n_ _ _ _ _ _ _ _ _ _ _ _ _ _ _ _ _ _ _ _ _ _ _ _ _ _ _ _ _ _ _ _ _ _ _ _ _ _ _ _ \n\nself = <selenium.webdriver.support.wait.WebDriverWait (session=\"20552d57c880c54abdd08f6c9d8495d9\")>\nmethod = <function presence_of_element_located.<locals>._predicate at 0x7f8d013b8d30>\nmessage = ''\n\n    def until(self, method, message: str = \"\"):\n        \"\"\"Calls the method provided with the driver as an argument until the \\\n        return value does not evaluate to ``False``.\n    \n        :param method: callable(WebDriver)\n        :param message: optional message for :exc:`TimeoutException`\n        :returns: the result of the last call to `method`\n        :raises: :exc:`selenium.common.exceptions.TimeoutException` if timeout occurs\n        \"\"\"\n        screen = None\n        stacktrace = None\n    \n        end_time = time.monotonic() + self._timeout\n        while True:\n            try:\n                value = method(self._driver)\n                if value:\n                    return value\n            except self._ignored_exceptions as exc:\n                screen = getattr(exc, \"screen\", None)\n                stacktrace = getattr(exc, \"stacktrace\", None)\n            time.sleep(self._poll)\n            if time.monotonic() > end_time:\n                break\n>       raise TimeoutException(message, screen, stacktrace)\nE       selenium.common.exceptions.TimeoutException: Message: \nE       Stacktrace:\nE       #0 0x55b7f04e3fe3 <unknown>\nE       #1 0x55b7f0222d36 <unknown>\nE       #2 0x55b7f025fc4d <unknown>\nE       #3 0x55b7f025fd61 <unknown>\nE       #4 0x55b7f029b6a4 <unknown>\nE       #5 0x55b7f02808ed <unknown>\nE       #6 0x55b7f0299232 <unknown>\nE       #7 0x55b7f0280693 <unknown>\nE       #8 0x55b7f025303a <unknown>\nE       #9 0x55b7f025417e <unknown>\nE       #10 0x55b7f04a5dbd <unknown>\nE       #11 0x55b7f04a9c6c <unknown>\nE       #12 0x55b7f04b34b0 <unknown>\nE       #13 0x55b7f04aad63 <unknown>\nE       #14 0x55b7f047dc35 <unknown>\nE       #15 0x55b7f04ce138 <unknown>\nE       #16 0x55b7f04ce2c7 <unknown>\nE       #17 0x55b7f04dc093 <unknown>\nE       #18 0x7fde37adcb43 <unknown>\n\n/opt/hostedtoolcache/Python/3.9.16/x64/lib/python3.9/site-packages/selenium/webdriver/support/wait.py:95: TimeoutException","flaky":false,"newFailed":false,"newBroken":false,"newPassed":false,"retriesCount":0,"retriesStatusChange":false,"beforeStages":[],"testStage":{"status":"broken","statusMessage":"selenium.common.exceptions.TimeoutException: Message: \nStacktrace:\n#0 0x55b7f04e3fe3 <unknown>\n#1 0x55b7f0222d36 <unknown>\n#2 0x55b7f025fc4d <unknown>\n#3 0x55b7f025fd61 <unknown>\n#4 0x55b7f029b6a4 <unknown>\n#5 0x55b7f02808ed <unknown>\n#6 0x55b7f0299232 <unknown>\n#7 0x55b7f0280693 <unknown>\n#8 0x55b7f025303a <unknown>\n#9 0x55b7f025417e <unknown>\n#10 0x55b7f04a5dbd <unknown>\n#11 0x55b7f04a9c6c <unknown>\n#12 0x55b7f04b34b0 <unknown>\n#13 0x55b7f04aad63 <unknown>\n#14 0x55b7f047dc35 <unknown>\n#15 0x55b7f04ce138 <unknown>\n#16 0x55b7f04ce2c7 <unknown>\n#17 0x55b7f04dc093 <unknown>\n#18 0x7fde37adcb43 <unknown>","statusTrace":"self = <test_cart_count.TestChangeItemCountInCart object at 0x7f8d013ac5b0>\n\n    def test_product_change_count(self):\n        self.productChangeCount.test_unauth_change_count_buttons()\n>       self.productChangeCount.test_auth_change_count_buttons()\n\nhw/code/test_cart_count.py:16: \n_ _ _ _ _ _ _ _ _ _ _ _ _ _ _ _ _ _ _ _ _ _ _ _ _ _ _ _ _ _ _ _ _ _ _ _ _ _ _ _ \nhw/code/ui/pages/base_page.py:40: in wrapper\n    func(newSelf)\nhw/code/ui/components/changeCartCountButton.py:54: in test_auth_change_count_buttons\n    self.loginPage.login()\nhw/code/ui/pages/login_page.py:34: in login\n    self.waitUntilVisible(self.homeLocators.HOME_CATEGORIES, 1)\nhw/code/ui/pages/base_page.py:64: in waitUntilVisible\n    self.wait(timeout).until(EC.presence_of_element_located(selector))\n_ _ _ _ _ _ _ _ _ _ _ _ _ _ _ _ _ _ _ _ _ _ _ _ _ _ _ _ _ _ _ _ _ _ _ _ _ _ _ _ \n\nself = <selenium.webdriver.support.wait.WebDriverWait (session=\"20552d57c880c54abdd08f6c9d8495d9\")>\nmethod = <function presence_of_element_located.<locals>._predicate at 0x7f8d013b8d30>\nmessage = ''\n\n    def until(self, method, message: str = \"\"):\n        \"\"\"Calls the method provided with the driver as an argument until the \\\n        return value does not evaluate to ``False``.\n    \n        :param method: callable(WebDriver)\n        :param message: optional message for :exc:`TimeoutException`\n        :returns: the result of the last call to `method`\n        :raises: :exc:`selenium.common.exceptions.TimeoutException` if timeout occurs\n        \"\"\"\n        screen = None\n        stacktrace = None\n    \n        end_time = time.monotonic() + self._timeout\n        while True:\n            try:\n                value = method(self._driver)\n                if value:\n                    return value\n            except self._ignored_exceptions as exc:\n                screen = getattr(exc, \"screen\", None)\n                stacktrace = getattr(exc, \"stacktrace\", None)\n            time.sleep(self._poll)\n            if time.monotonic() > end_time:\n                break\n>       raise TimeoutException(message, screen, stacktrace)\nE       selenium.common.exceptions.TimeoutException: Message: \nE       Stacktrace:\nE       #0 0x55b7f04e3fe3 <unknown>\nE       #1 0x55b7f0222d36 <unknown>\nE       #2 0x55b7f025fc4d <unknown>\nE       #3 0x55b7f025fd61 <unknown>\nE       #4 0x55b7f029b6a4 <unknown>\nE       #5 0x55b7f02808ed <unknown>\nE       #6 0x55b7f0299232 <unknown>\nE       #7 0x55b7f0280693 <unknown>\nE       #8 0x55b7f025303a <unknown>\nE       #9 0x55b7f025417e <unknown>\nE       #10 0x55b7f04a5dbd <unknown>\nE       #11 0x55b7f04a9c6c <unknown>\nE       #12 0x55b7f04b34b0 <unknown>\nE       #13 0x55b7f04aad63 <unknown>\nE       #14 0x55b7f047dc35 <unknown>\nE       #15 0x55b7f04ce138 <unknown>\nE       #16 0x55b7f04ce2c7 <unknown>\nE       #17 0x55b7f04dc093 <unknown>\nE       #18 0x7fde37adcb43 <unknown>\n\n/opt/hostedtoolcache/Python/3.9.16/x64/lib/python3.9/site-packages/selenium/webdriver/support/wait.py:95: TimeoutException","steps":[{"name":"initial checkButtonLabel","time":{"start":1683588322528,"stop":1683588323133,"duration":605},"status":"passed","steps":[],"attachments":[],"parameters":[],"stepsCount":0,"attachmentsCount":0,"shouldDisplayMessage":false,"hasContent":false},{"name":"initially adds item to cart","time":{"start":1683588323133,"stop":1683588323212,"duration":79},"status":"passed","steps":[],"attachments":[],"parameters":[],"stepsCount":0,"attachmentsCount":0,"shouldDisplayMessage":false,"hasContent":false},{"name":"addes one more item to cart","time":{"start":1683588323212,"stop":1683588323282,"duration":70},"status":"passed","steps":[],"attachments":[],"parameters":[],"stepsCount":0,"attachmentsCount":0,"shouldDisplayMessage":false,"hasContent":false},{"name":"removes items from cart","time":{"start":1683588323283,"stop":1683588323388,"duration":105},"status":"passed","steps":[],"attachments":[],"parameters":[],"stepsCount":0,"attachmentsCount":0,"shouldDisplayMessage":false,"hasContent":false},{"name":"checks if item successfully deleted from cart","time":{"start":1683588323388,"stop":1683588323450,"duration":62},"status":"passed","steps":[],"attachments":[],"parameters":[],"stepsCount":0,"attachmentsCount":0,"shouldDisplayMessage":false,"hasContent":false},{"name":"initial checkButtonLabel","time":{"start":1683588323765,"stop":1683588324344,"duration":579},"status":"passed","steps":[],"attachments":[],"parameters":[],"stepsCount":0,"attachmentsCount":0,"shouldDisplayMessage":false,"hasContent":false},{"name":"login","time":{"start":1683588324344,"stop":1683588325855,"duration":1511},"status":"broken","statusMessage":"selenium.common.exceptions.TimeoutException: Message: \nStacktrace:\n#0 0x55b7f04e3fe3 <unknown>\n#1 0x55b7f0222d36 <unknown>\n#2 0x55b7f025fc4d <unknown>\n#3 0x55b7f025fd61 <unknown>\n#4 0x55b7f029b6a4 <unknown>\n#5 0x55b7f02808ed <unknown>\n#6 0x55b7f0299232 <unknown>\n#7 0x55b7f0280693 <unknown>\n#8 0x55b7f025303a <unknown>\n#9 0x55b7f025417e <unknown>\n#10 0x55b7f04a5dbd <unknown>\n#11 0x55b7f04a9c6c <unknown>\n#12 0x55b7f04b34b0 <unknown>\n#13 0x55b7f04aad63 <unknown>\n#14 0x55b7f047dc35 <unknown>\n#15 0x55b7f04ce138 <unknown>\n#16 0x55b7f04ce2c7 <unknown>\n#17 0x55b7f04dc093 <unknown>\n#18 0x7fde37adcb43 <unknown>\n\n","statusTrace":"  File \"/home/runner/work/e2e-selenium-TP/e2e-selenium-TP/hw/code/ui/components/changeCartCountButton.py\", line 54, in test_auth_change_count_buttons\n    self.loginPage.login()\n  File \"/home/runner/work/e2e-selenium-TP/e2e-selenium-TP/hw/code/ui/pages/login_page.py\", line 34, in login\n    self.waitUntilVisible(self.homeLocators.HOME_CATEGORIES, 1)\n  File \"/home/runner/work/e2e-selenium-TP/e2e-selenium-TP/hw/code/ui/pages/base_page.py\", line 64, in waitUntilVisible\n    self.wait(timeout).until(EC.presence_of_element_located(selector))\n  File \"/opt/hostedtoolcache/Python/3.9.16/x64/lib/python3.9/site-packages/selenium/webdriver/support/wait.py\", line 95, in until\n    raise TimeoutException(message, screen, stacktrace)\n","steps":[],"attachments":[],"parameters":[],"stepsCount":0,"attachmentsCount":0,"shouldDisplayMessage":true,"hasContent":true}],"attachments":[],"parameters":[],"stepsCount":7,"attachmentsCount":0,"shouldDisplayMessage":true,"hasContent":true},"afterStages":[],"labels":[{"name":"parentSuite","value":"hw.code"},{"name":"suite","value":"test_cart_count"},{"name":"subSuite","value":"TestChangeItemCountInCart"},{"name":"host","value":"fv-az256-371"},{"name":"thread","value":"3850-MainThread"},{"name":"framework","value":"pytest"},{"name":"language","value":"cpython3"},{"name":"package","value":"hw.code.test_cart_count"},{"name":"resultFormat","value":"allure2"}],"parameters":[],"links":[],"hidden":false,"retry":false,"extra":{"severity":"normal","retries":[],"categories":[{"name":"Test defects","matchedStatuses":[],"flaky":false}],"history":{"statistic":{"failed":0,"broken":2,"skipped":0,"passed":0,"unknown":0,"total":2},"items":[{"uid":"fff87afab268a5c","reportUrl":"https://tUnknownLegend.github.io/e2e-selenium-TP/18//#testresult/fff87afab268a5c","status":"broken","statusDetails":"ValueError: invalid literal for int() with base 10: '\\n    \\n        \\n    \\n        '","time":{"start":1683570335008,"stop":1683570340067,"duration":5059}}]},"tags":[]},"source":"f8b308a203727b59.json","parameterValues":[]}