{"uid":"2402fc041449bce3","name":"test_auth_add_comment_button","fullName":"hw.code.test_view_comment.TestViewComment#test_auth_add_comment_button","historyId":"2f1614276e730b35c3ca7e62ee096bdf","time":{"start":1683636082496,"stop":1683636084567,"duration":2071},"status":"broken","statusMessage":"selenium.common.exceptions.TimeoutException: Message: \nStacktrace:\n#0 0x55ea420da133 <unknown>\n#1 0x55ea41e0e966 <unknown>\n#2 0x55ea41e4b0dc <unknown>\n#3 0x55ea41e4b211 <unknown>\n#4 0x55ea41e856c4 <unknown>\n#5 0x55ea41e6abfd <unknown>\n#6 0x55ea41e831c7 <unknown>\n#7 0x55ea41e6a9a3 <unknown>\n#8 0x55ea41e3f46a <unknown>\n#9 0x55ea41e4055e <unknown>\n#10 0x55ea42099cae <unknown>\n#11 0x55ea4209d8fe <unknown>\n#12 0x55ea420a6f20 <unknown>\n#13 0x55ea4209e923 <unknown>\n#14 0x55ea42071c0e <unknown>\n#15 0x55ea420c1b08 <unknown>\n#16 0x55ea420c1c97 <unknown>\n#17 0x55ea420d2113 <unknown>\n#18 0x7ffa83dadb43 <unknown>","statusTrace":"newSelf = <test_view_comment.TestViewComment object at 0x7fbfb1a71430>\n\n    def wrapper(newSelf):\n        self.render_page()\n>       func(newSelf)\n\nhw/code/ui/pages/base_page.py:39: \n_ _ _ _ _ _ _ _ _ _ _ _ _ _ _ _ _ _ _ _ _ _ _ _ _ _ _ _ _ _ _ _ _ _ _ _ _ _ _ _ \nhw/code/test_view_comment.py:42: in test_auth_add_comment_button\n    self.loginPage.login()\nhw/code/ui/pages/login_page.py:32: in login\n    self.waitUntilVisible(self.homeLocators.GET_CATEGORIES_CONTAINER, 1)\nhw/code/ui/pages/base_page.py:64: in waitUntilVisible\n    self.wait(timeout).until(EC.presence_of_element_located(selector))\n_ _ _ _ _ _ _ _ _ _ _ _ _ _ _ _ _ _ _ _ _ _ _ _ _ _ _ _ _ _ _ _ _ _ _ _ _ _ _ _ \n\nself = <selenium.webdriver.support.wait.WebDriverWait (session=\"58bb97b44d2985feec61f9309dedfbfa\")>\nmethod = <function presence_of_element_located.<locals>._predicate at 0x7fbfb19aa040>\nmessage = ''\n\n    def until(self, method, message: str = \"\"):\n        \"\"\"Calls the method provided with the driver as an argument until the \\\n        return value does not evaluate to ``False``.\n    \n        :param method: callable(WebDriver)\n        :param message: optional message for :exc:`TimeoutException`\n        :returns: the result of the last call to `method`\n        :raises: :exc:`selenium.common.exceptions.TimeoutException` if timeout occurs\n        \"\"\"\n        screen = None\n        stacktrace = None\n    \n        end_time = time.monotonic() + self._timeout\n        while True:\n            try:\n                value = method(self._driver)\n                if value:\n                    return value\n            except self._ignored_exceptions as exc:\n                screen = getattr(exc, \"screen\", None)\n                stacktrace = getattr(exc, \"stacktrace\", None)\n            time.sleep(self._poll)\n            if time.monotonic() > end_time:\n                break\n>       raise TimeoutException(message, screen, stacktrace)\nE       selenium.common.exceptions.TimeoutException: Message: \nE       Stacktrace:\nE       #0 0x55ea420da133 <unknown>\nE       #1 0x55ea41e0e966 <unknown>\nE       #2 0x55ea41e4b0dc <unknown>\nE       #3 0x55ea41e4b211 <unknown>\nE       #4 0x55ea41e856c4 <unknown>\nE       #5 0x55ea41e6abfd <unknown>\nE       #6 0x55ea41e831c7 <unknown>\nE       #7 0x55ea41e6a9a3 <unknown>\nE       #8 0x55ea41e3f46a <unknown>\nE       #9 0x55ea41e4055e <unknown>\nE       #10 0x55ea42099cae <unknown>\nE       #11 0x55ea4209d8fe <unknown>\nE       #12 0x55ea420a6f20 <unknown>\nE       #13 0x55ea4209e923 <unknown>\nE       #14 0x55ea42071c0e <unknown>\nE       #15 0x55ea420c1b08 <unknown>\nE       #16 0x55ea420c1c97 <unknown>\nE       #17 0x55ea420d2113 <unknown>\nE       #18 0x7ffa83dadb43 <unknown>\n\n/opt/hostedtoolcache/Python/3.9.16/x64/lib/python3.9/site-packages/selenium/webdriver/support/wait.py:95: TimeoutException","flaky":false,"newFailed":false,"newBroken":false,"newPassed":false,"retriesCount":0,"retriesStatusChange":false,"beforeStages":[],"testStage":{"status":"broken","statusMessage":"selenium.common.exceptions.TimeoutException: Message: \nStacktrace:\n#0 0x55ea420da133 <unknown>\n#1 0x55ea41e0e966 <unknown>\n#2 0x55ea41e4b0dc <unknown>\n#3 0x55ea41e4b211 <unknown>\n#4 0x55ea41e856c4 <unknown>\n#5 0x55ea41e6abfd <unknown>\n#6 0x55ea41e831c7 <unknown>\n#7 0x55ea41e6a9a3 <unknown>\n#8 0x55ea41e3f46a <unknown>\n#9 0x55ea41e4055e <unknown>\n#10 0x55ea42099cae <unknown>\n#11 0x55ea4209d8fe <unknown>\n#12 0x55ea420a6f20 <unknown>\n#13 0x55ea4209e923 <unknown>\n#14 0x55ea42071c0e <unknown>\n#15 0x55ea420c1b08 <unknown>\n#16 0x55ea420c1c97 <unknown>\n#17 0x55ea420d2113 <unknown>\n#18 0x7ffa83dadb43 <unknown>","statusTrace":"newSelf = <test_view_comment.TestViewComment object at 0x7fbfb1a71430>\n\n    def wrapper(newSelf):\n        self.render_page()\n>       func(newSelf)\n\nhw/code/ui/pages/base_page.py:39: \n_ _ _ _ _ _ _ _ _ _ _ _ _ _ _ _ _ _ _ _ _ _ _ _ _ _ _ _ _ _ _ _ _ _ _ _ _ _ _ _ \nhw/code/test_view_comment.py:42: in test_auth_add_comment_button\n    self.loginPage.login()\nhw/code/ui/pages/login_page.py:32: in login\n    self.waitUntilVisible(self.homeLocators.GET_CATEGORIES_CONTAINER, 1)\nhw/code/ui/pages/base_page.py:64: in waitUntilVisible\n    self.wait(timeout).until(EC.presence_of_element_located(selector))\n_ _ _ _ _ _ _ _ _ _ _ _ _ _ _ _ _ _ _ _ _ _ _ _ _ _ _ _ _ _ _ _ _ _ _ _ _ _ _ _ \n\nself = <selenium.webdriver.support.wait.WebDriverWait (session=\"58bb97b44d2985feec61f9309dedfbfa\")>\nmethod = <function presence_of_element_located.<locals>._predicate at 0x7fbfb19aa040>\nmessage = ''\n\n    def until(self, method, message: str = \"\"):\n        \"\"\"Calls the method provided with the driver as an argument until the \\\n        return value does not evaluate to ``False``.\n    \n        :param method: callable(WebDriver)\n        :param message: optional message for :exc:`TimeoutException`\n        :returns: the result of the last call to `method`\n        :raises: :exc:`selenium.common.exceptions.TimeoutException` if timeout occurs\n        \"\"\"\n        screen = None\n        stacktrace = None\n    \n        end_time = time.monotonic() + self._timeout\n        while True:\n            try:\n                value = method(self._driver)\n                if value:\n                    return value\n            except self._ignored_exceptions as exc:\n                screen = getattr(exc, \"screen\", None)\n                stacktrace = getattr(exc, \"stacktrace\", None)\n            time.sleep(self._poll)\n            if time.monotonic() > end_time:\n                break\n>       raise TimeoutException(message, screen, stacktrace)\nE       selenium.common.exceptions.TimeoutException: Message: \nE       Stacktrace:\nE       #0 0x55ea420da133 <unknown>\nE       #1 0x55ea41e0e966 <unknown>\nE       #2 0x55ea41e4b0dc <unknown>\nE       #3 0x55ea41e4b211 <unknown>\nE       #4 0x55ea41e856c4 <unknown>\nE       #5 0x55ea41e6abfd <unknown>\nE       #6 0x55ea41e831c7 <unknown>\nE       #7 0x55ea41e6a9a3 <unknown>\nE       #8 0x55ea41e3f46a <unknown>\nE       #9 0x55ea41e4055e <unknown>\nE       #10 0x55ea42099cae <unknown>\nE       #11 0x55ea4209d8fe <unknown>\nE       #12 0x55ea420a6f20 <unknown>\nE       #13 0x55ea4209e923 <unknown>\nE       #14 0x55ea42071c0e <unknown>\nE       #15 0x55ea420c1b08 <unknown>\nE       #16 0x55ea420c1c97 <unknown>\nE       #17 0x55ea420d2113 <unknown>\nE       #18 0x7ffa83dadb43 <unknown>\n\n/opt/hostedtoolcache/Python/3.9.16/x64/lib/python3.9/site-packages/selenium/webdriver/support/wait.py:95: TimeoutException","steps":[{"name":"login","time":{"start":1683636082549,"stop":1683636084567,"duration":2018},"status":"broken","statusMessage":"selenium.common.exceptions.TimeoutException: Message: \nStacktrace:\n#0 0x55ea420da133 <unknown>\n#1 0x55ea41e0e966 <unknown>\n#2 0x55ea41e4b0dc <unknown>\n#3 0x55ea41e4b211 <unknown>\n#4 0x55ea41e856c4 <unknown>\n#5 0x55ea41e6abfd <unknown>\n#6 0x55ea41e831c7 <unknown>\n#7 0x55ea41e6a9a3 <unknown>\n#8 0x55ea41e3f46a <unknown>\n#9 0x55ea41e4055e <unknown>\n#10 0x55ea42099cae <unknown>\n#11 0x55ea4209d8fe <unknown>\n#12 0x55ea420a6f20 <unknown>\n#13 0x55ea4209e923 <unknown>\n#14 0x55ea42071c0e <unknown>\n#15 0x55ea420c1b08 <unknown>\n#16 0x55ea420c1c97 <unknown>\n#17 0x55ea420d2113 <unknown>\n#18 0x7ffa83dadb43 <unknown>\n\n","statusTrace":"  File \"/home/runner/work/e2e-selenium-TP/e2e-selenium-TP/hw/code/test_view_comment.py\", line 42, in test_auth_add_comment_button\n    self.loginPage.login()\n  File \"/home/runner/work/e2e-selenium-TP/e2e-selenium-TP/hw/code/ui/pages/login_page.py\", line 32, in login\n    self.waitUntilVisible(self.homeLocators.GET_CATEGORIES_CONTAINER, 1)\n  File \"/home/runner/work/e2e-selenium-TP/e2e-selenium-TP/hw/code/ui/pages/base_page.py\", line 64, in waitUntilVisible\n    self.wait(timeout).until(EC.presence_of_element_located(selector))\n  File \"/opt/hostedtoolcache/Python/3.9.16/x64/lib/python3.9/site-packages/selenium/webdriver/support/wait.py\", line 95, in until\n    raise TimeoutException(message, screen, stacktrace)\n","steps":[],"attachments":[],"parameters":[],"stepsCount":0,"attachmentsCount":0,"shouldDisplayMessage":true,"hasContent":true}],"attachments":[],"parameters":[],"stepsCount":1,"attachmentsCount":0,"shouldDisplayMessage":true,"hasContent":true},"afterStages":[],"labels":[{"name":"feature","value":"TestViewComment"},{"name":"story","value":"check error message. Auth add comment button"},{"name":"parentSuite","value":"hw.code"},{"name":"suite","value":"test_view_comment"},{"name":"subSuite","value":"TestViewComment"},{"name":"host","value":"fv-az622-799"},{"name":"thread","value":"3840-MainThread"},{"name":"framework","value":"pytest"},{"name":"language","value":"cpython3"},{"name":"package","value":"hw.code.test_view_comment"},{"name":"resultFormat","value":"allure2"}],"parameters":[],"links":[],"hidden":false,"retry":false,"extra":{"severity":"normal","retries":[],"categories":[{"name":"Test defects","matchedStatuses":[],"flaky":false}],"tags":[]},"source":"2402fc041449bce3.json","parameterValues":[]}