{"uid":"eedd3c0dd2c5d6ba","name":"test_unauth","fullName":"hw.code.test_create_commet.TestCreateComment#test_unauth","historyId":"af60af2865e79d70e056828b5ffa201f","time":{"start":1683636031905,"stop":1683636035085,"duration":3180},"status":"broken","statusMessage":"selenium.common.exceptions.TimeoutException: Message: \nStacktrace:\n#0 0x55ca497ef133 <unknown>\n#1 0x55ca49523966 <unknown>\n#2 0x55ca495600dc <unknown>\n#3 0x55ca49560211 <unknown>\n#4 0x55ca4959a6c4 <unknown>\n#5 0x55ca4957fbfd <unknown>\n#6 0x55ca495981c7 <unknown>\n#7 0x55ca4957f9a3 <unknown>\n#8 0x55ca4955446a <unknown>\n#9 0x55ca4955555e <unknown>\n#10 0x55ca497aecae <unknown>\n#11 0x55ca497b28fe <unknown>\n#12 0x55ca497bbf20 <unknown>\n#13 0x55ca497b3923 <unknown>\n#14 0x55ca49786c0e <unknown>\n#15 0x55ca497d6b08 <unknown>\n#16 0x55ca497d6c97 <unknown>\n#17 0x55ca497e7113 <unknown>\n#18 0x7f363c486b43 <unknown>","statusTrace":"newSelf = <test_create_commet.TestCreateComment object at 0x7fbfb1a2fd00>\n\n    def wrapper(newSelf):\n        self.render_page()\n>       func(newSelf)\n\nhw/code/ui/pages/base_page.py:39: \n_ _ _ _ _ _ _ _ _ _ _ _ _ _ _ _ _ _ _ _ _ _ _ _ _ _ _ _ _ _ _ _ _ _ _ _ _ _ _ _ \nhw/code/test_create_commet.py:55: in test_unauth\n    self.createComment.checkUnauthAddComment()\nhw/code/ui/pages/create_review_page.py:31: in checkUnauthAddComment\n    assert self.locators.hrefs.login in self.getHref(self.locators.UNAUTH_LOGIN_LINK)\nhw/code/ui/pages/base_page.py:85: in getHref\n    return self.find(selector).get_attribute('href')\nhw/code/ui/pages/base_page.py:48: in find\n    self.waitUntilVisible(locator, 3)\nhw/code/ui/pages/base_page.py:64: in waitUntilVisible\n    self.wait(timeout).until(EC.presence_of_element_located(selector))\n_ _ _ _ _ _ _ _ _ _ _ _ _ _ _ _ _ _ _ _ _ _ _ _ _ _ _ _ _ _ _ _ _ _ _ _ _ _ _ _ \n\nself = <selenium.webdriver.support.wait.WebDriverWait (session=\"43cb442dc095956993f4f93072ef5297\")>\nmethod = <function presence_of_element_located.<locals>._predicate at 0x7fbfb1a60e50>\nmessage = ''\n\n    def until(self, method, message: str = \"\"):\n        \"\"\"Calls the method provided with the driver as an argument until the \\\n        return value does not evaluate to ``False``.\n    \n        :param method: callable(WebDriver)\n        :param message: optional message for :exc:`TimeoutException`\n        :returns: the result of the last call to `method`\n        :raises: :exc:`selenium.common.exceptions.TimeoutException` if timeout occurs\n        \"\"\"\n        screen = None\n        stacktrace = None\n    \n        end_time = time.monotonic() + self._timeout\n        while True:\n            try:\n                value = method(self._driver)\n                if value:\n                    return value\n            except self._ignored_exceptions as exc:\n                screen = getattr(exc, \"screen\", None)\n                stacktrace = getattr(exc, \"stacktrace\", None)\n            time.sleep(self._poll)\n            if time.monotonic() > end_time:\n                break\n>       raise TimeoutException(message, screen, stacktrace)\nE       selenium.common.exceptions.TimeoutException: Message: \nE       Stacktrace:\nE       #0 0x55ca497ef133 <unknown>\nE       #1 0x55ca49523966 <unknown>\nE       #2 0x55ca495600dc <unknown>\nE       #3 0x55ca49560211 <unknown>\nE       #4 0x55ca4959a6c4 <unknown>\nE       #5 0x55ca4957fbfd <unknown>\nE       #6 0x55ca495981c7 <unknown>\nE       #7 0x55ca4957f9a3 <unknown>\nE       #8 0x55ca4955446a <unknown>\nE       #9 0x55ca4955555e <unknown>\nE       #10 0x55ca497aecae <unknown>\nE       #11 0x55ca497b28fe <unknown>\nE       #12 0x55ca497bbf20 <unknown>\nE       #13 0x55ca497b3923 <unknown>\nE       #14 0x55ca49786c0e <unknown>\nE       #15 0x55ca497d6b08 <unknown>\nE       #16 0x55ca497d6c97 <unknown>\nE       #17 0x55ca497e7113 <unknown>\nE       #18 0x7f363c486b43 <unknown>\n\n/opt/hostedtoolcache/Python/3.9.16/x64/lib/python3.9/site-packages/selenium/webdriver/support/wait.py:95: TimeoutException","flaky":false,"newFailed":false,"newBroken":false,"newPassed":false,"retriesCount":0,"retriesStatusChange":false,"beforeStages":[],"afterStages":[],"labels":[{"name":"story","value":"check redirect unauth add comment button"},{"name":"feature","value":"TestCreateComment"},{"name":"parentSuite","value":"hw.code"},{"name":"suite","value":"test_create_commet"},{"name":"subSuite","value":"TestCreateComment"},{"name":"host","value":"fv-az622-799"},{"name":"thread","value":"3840-MainThread"},{"name":"framework","value":"pytest"},{"name":"language","value":"cpython3"},{"name":"package","value":"hw.code.test_create_commet"},{"name":"resultFormat","value":"allure2"}],"parameters":[],"links":[],"hidden":false,"retry":false,"extra":{"severity":"normal","retries":[],"categories":[{"name":"Test defects","matchedStatuses":[],"flaky":false}],"tags":[]},"source":"eedd3c0dd2c5d6ba.json","parameterValues":[]}