{"uid":"2591825b2512cc8","name":"test_change_password_correct_str","fullName":"hw.code.test_profile.TestProfile#test_change_password_correct_str","historyId":"58091d76bef293a1551ee20da66d697b","time":{"start":1683827251029,"stop":1683827256759,"duration":5730},"status":"broken","statusMessage":"selenium.common.exceptions.TimeoutException: Message: \nStacktrace:\n#0 0x558490f62133 <unknown>\n#1 0x558490c96966 <unknown>\n#2 0x558490cd30dc <unknown>\n#3 0x558490cd3211 <unknown>\n#4 0x558490d0d6c4 <unknown>\n#5 0x558490cf2bfd <unknown>\n#6 0x558490d0b1c7 <unknown>\n#7 0x558490cf29a3 <unknown>\n#8 0x558490cc746a <unknown>\n#9 0x558490cc855e <unknown>\n#10 0x558490f21cae <unknown>\n#11 0x558490f258fe <unknown>\n#12 0x558490f2ef20 <unknown>\n#13 0x558490f26923 <unknown>\n#14 0x558490ef9c0e <unknown>\n#15 0x558490f49b08 <unknown>\n#16 0x558490f49c97 <unknown>\n#17 0x558490f5a113 <unknown>\n#18 0x7ffa62aa1b43 <unknown>","statusTrace":"self = <test_profile.TestProfile object at 0x7fa706830880>\n\n    def test_change_password_correct_str(self):\n>       self.loginPage.loginProfile()\n\nhw/code/test_profile.py:317: \n_ _ _ _ _ _ _ _ _ _ _ _ _ _ _ _ _ _ _ _ _ _ _ _ _ _ _ _ _ _ _ _ _ _ _ _ _ _ _ _ \nhw/code/ui/pages/login_page.py:56: in loginProfile\n    self.header.findUserPageButton().click()\nhw/code/ui/pages/header.py:16: in findUserPageButton\n    return self.find(self.locators.OPEN_USER_PAGE_BUTTON)\nhw/code/ui/pages/base_page.py:66: in find\n    self.waitUntilVisible(locator)\nhw/code/ui/pages/base_page.py:82: in waitUntilVisible\n    self.wait(timeout).until(EC.presence_of_element_located(selector))\n_ _ _ _ _ _ _ _ _ _ _ _ _ _ _ _ _ _ _ _ _ _ _ _ _ _ _ _ _ _ _ _ _ _ _ _ _ _ _ _ \n\nself = <selenium.webdriver.support.wait.WebDriverWait (session=\"2b14eddf53df6a2c82eb27911966d41c\")>\nmethod = <function presence_of_element_located.<locals>._predicate at 0x7fa7069a4280>\nmessage = ''\n\n    def until(self, method, message: str = \"\"):\n        \"\"\"Calls the method provided with the driver as an argument until the \\\n        return value does not evaluate to ``False``.\n    \n        :param method: callable(WebDriver)\n        :param message: optional message for :exc:`TimeoutException`\n        :returns: the result of the last call to `method`\n        :raises: :exc:`selenium.common.exceptions.TimeoutException` if timeout occurs\n        \"\"\"\n        screen = None\n        stacktrace = None\n    \n        end_time = time.monotonic() + self._timeout\n        while True:\n            try:\n                value = method(self._driver)\n                if value:\n                    return value\n            except self._ignored_exceptions as exc:\n                screen = getattr(exc, \"screen\", None)\n                stacktrace = getattr(exc, \"stacktrace\", None)\n            time.sleep(self._poll)\n            if time.monotonic() > end_time:\n                break\n>       raise TimeoutException(message, screen, stacktrace)\nE       selenium.common.exceptions.TimeoutException: Message: \nE       Stacktrace:\nE       #0 0x558490f62133 <unknown>\nE       #1 0x558490c96966 <unknown>\nE       #2 0x558490cd30dc <unknown>\nE       #3 0x558490cd3211 <unknown>\nE       #4 0x558490d0d6c4 <unknown>\nE       #5 0x558490cf2bfd <unknown>\nE       #6 0x558490d0b1c7 <unknown>\nE       #7 0x558490cf29a3 <unknown>\nE       #8 0x558490cc746a <unknown>\nE       #9 0x558490cc855e <unknown>\nE       #10 0x558490f21cae <unknown>\nE       #11 0x558490f258fe <unknown>\nE       #12 0x558490f2ef20 <unknown>\nE       #13 0x558490f26923 <unknown>\nE       #14 0x558490ef9c0e <unknown>\nE       #15 0x558490f49b08 <unknown>\nE       #16 0x558490f49c97 <unknown>\nE       #17 0x558490f5a113 <unknown>\nE       #18 0x7ffa62aa1b43 <unknown>\n\n/opt/hostedtoolcache/Python/3.9.16/x64/lib/python3.9/site-packages/selenium/webdriver/support/wait.py:95: TimeoutException","flaky":false,"newFailed":false,"newBroken":true,"newPassed":false,"retriesCount":0,"retriesStatusChange":false,"beforeStages":[{"name":"browser_config","time":{"start":1683826728954,"stop":1683826728955,"duration":1},"status":"passed","steps":[],"attachments":[],"parameters":[],"stepsCount":0,"attachmentsCount":0,"shouldDisplayMessage":false,"hasContent":false},{"name":"driver","time":{"start":1683827248048,"stop":1683827249004,"duration":956},"status":"passed","steps":[],"attachments":[],"parameters":[],"stepsCount":0,"attachmentsCount":0,"shouldDisplayMessage":false,"hasContent":false},{"name":"set_page","time":{"start":1683827249005,"stop":1683827249005,"duration":0},"status":"passed","steps":[],"attachments":[],"parameters":[],"stepsCount":0,"attachmentsCount":0,"shouldDisplayMessage":false,"hasContent":false},{"name":"setup","time":{"start":1683827249005,"stop":1683827251028,"duration":2023},"status":"passed","steps":[],"attachments":[],"parameters":[],"stepsCount":0,"attachmentsCount":0,"shouldDisplayMessage":false,"hasContent":false}],"afterStages":[{"name":"driver::0","time":{"start":1683827256786,"stop":1683827256846,"duration":60},"status":"passed","steps":[],"attachments":[],"parameters":[],"stepsCount":0,"attachmentsCount":0,"shouldDisplayMessage":false,"hasContent":false}],"labels":[{"name":"parentSuite","value":"hw.code"},{"name":"suite","value":"test_profile"},{"name":"subSuite","value":"TestProfile"},{"name":"host","value":"fv-az577-103"},{"name":"thread","value":"3869-MainThread"},{"name":"framework","value":"pytest"},{"name":"language","value":"cpython3"},{"name":"package","value":"hw.code.test_profile"},{"name":"resultFormat","value":"allure2"}],"parameters":[],"links":[],"hidden":false,"retry":false,"extra":{"severity":"normal","retries":[],"categories":[{"name":"Test defects","matchedStatuses":[],"flaky":false}],"history":{"statistic":{"failed":0,"broken":3,"skipped":0,"passed":2,"unknown":0,"total":5},"items":[{"uid":"d727cfee97174b29","reportUrl":"https://tUnknownLegend.github.io/e2e-selenium-TP/48//#testresult/d727cfee97174b29","status":"passed","time":{"start":1683826391425,"stop":1683826397060,"duration":5635}},{"uid":"e8b600371577c003","reportUrl":"https://tUnknownLegend.github.io/e2e-selenium-TP/47//#testresult/e8b600371577c003","status":"passed","time":{"start":1683826316754,"stop":1683826323390,"duration":6636}},{"uid":"82cfbf9b606c95c9","reportUrl":"https://tUnknownLegend.github.io/e2e-selenium-TP/45//#testresult/82cfbf9b606c95c9","status":"broken","statusDetails":"selenium.common.exceptions.TimeoutException: Message: \nStacktrace:\n#0 0x556166fe5133 <unknown>\n#1 0x556166d19966 <unknown>\n#2 0x556166d560dc <unknown>\n#3 0x556166d56211 <unknown>\n#4 0x556166d906c4 <unknown>\n#5 0x556166d75bfd <unknown>\n#6 0x556166d8e1c7 <unknown>\n#7 0x556166d759a3 <unknown>\n#8 0x556166d4a46a <unknown>\n#9 0x556166d4b55e <unknown>\n#10 0x556166fa4cae <unknown>\n#11 0x556166fa88fe <unknown>\n#12 0x556166fb1f20 <unknown>\n#13 0x556166fa9923 <unknown>\n#14 0x556166f7cc0e <unknown>\n#15 0x556166fccb08 <unknown>\n#16 0x556166fccc97 <unknown>\n#17 0x556166fdd113 <unknown>\n#18 0x7fa0616e4b43 <unknown>","time":{"start":1683816232252,"stop":1683816242862,"duration":10610}},{"uid":"bfae7c8e7e15782e","reportUrl":"https://tUnknownLegend.github.io/e2e-selenium-TP/44//#testresult/bfae7c8e7e15782e","status":"broken","statusDetails":"selenium.common.exceptions.TimeoutException: Message: \nStacktrace:\n#0 0x56420ed86133 <unknown>\n#1 0x56420eaba966 <unknown>\n#2 0x56420eaf70dc <unknown>\n#3 0x56420eaf7211 <unknown>\n#4 0x56420eb316c4 <unknown>\n#5 0x56420eb16bfd <unknown>\n#6 0x56420eb2f1c7 <unknown>\n#7 0x56420eb169a3 <unknown>\n#8 0x56420eaeb46a <unknown>\n#9 0x56420eaec55e <unknown>\n#10 0x56420ed45cae <unknown>\n#11 0x56420ed498fe <unknown>\n#12 0x56420ed52f20 <unknown>\n#13 0x56420ed4a923 <unknown>\n#14 0x56420ed1dc0e <unknown>\n#15 0x56420ed6db08 <unknown>\n#16 0x56420ed6dc97 <unknown>\n#17 0x56420ed7e113 <unknown>\n#18 0x7fbe45c69b43 <unknown>","time":{"start":1683815963146,"stop":1683815973848,"duration":10702}}]},"tags":[]},"source":"2591825b2512cc8.json","parameterValues":[]}