{"uid":"38fbe4da2e5d857","name":"test_address_card_incorrect_params_street","fullName":"hw.code.test_profile.TestProfile#test_address_card_incorrect_params_street","historyId":"c02af47ef0f8e6b5efa9dcd2eb367865","time":{"start":1683885017005,"stop":1683885022683,"duration":5678},"status":"broken","statusMessage":"selenium.common.exceptions.TimeoutException: Message: \nStacktrace:\n#0 0x564250178133 <unknown>\n#1 0x56424feac966 <unknown>\n#2 0x56424fee90dc <unknown>\n#3 0x56424fee9211 <unknown>\n#4 0x56424ff236c4 <unknown>\n#5 0x56424ff08bfd <unknown>\n#6 0x56424ff211c7 <unknown>\n#7 0x56424ff089a3 <unknown>\n#8 0x56424fedd46a <unknown>\n#9 0x56424fede55e <unknown>\n#10 0x564250137cae <unknown>\n#11 0x56425013b8fe <unknown>\n#12 0x564250144f20 <unknown>\n#13 0x56425013c923 <unknown>\n#14 0x56425010fc0e <unknown>\n#15 0x56425015fb08 <unknown>\n#16 0x56425015fc97 <unknown>\n#17 0x564250170113 <unknown>\n#18 0x7f4ffc001b43 <unknown>","statusTrace":"self = <test_profile.TestProfile object at 0x7f5ea30c6940>\n\n    def test_address_card_incorrect_params_street(self):\n>       self.loginPage.loginProfile()\n\nhw/code/test_profile.py:463: \n_ _ _ _ _ _ _ _ _ _ _ _ _ _ _ _ _ _ _ _ _ _ _ _ _ _ _ _ _ _ _ _ _ _ _ _ _ _ _ _ \nhw/code/ui/pages/login_page.py:56: in loginProfile\n    self.header.findUserPageButton().click()\nhw/code/ui/pages/header.py:16: in findUserPageButton\n    return self.find(self.locators.OPEN_USER_PAGE_BUTTON)\nhw/code/ui/pages/base_page.py:66: in find\n    self.waitUntilVisible(locator)\nhw/code/ui/pages/base_page.py:82: in waitUntilVisible\n    self.wait(timeout).until(EC.presence_of_element_located(selector))\n_ _ _ _ _ _ _ _ _ _ _ _ _ _ _ _ _ _ _ _ _ _ _ _ _ _ _ _ _ _ _ _ _ _ _ _ _ _ _ _ \n\nself = <selenium.webdriver.support.wait.WebDriverWait (session=\"97b1c16ddf69cd52ae95547d6e062a08\")>\nmethod = <function presence_of_element_located.<locals>._predicate at 0x7f5ea334f8b0>\nmessage = ''\n\n    def until(self, method, message: str = \"\"):\n        \"\"\"Calls the method provided with the driver as an argument until the \\\n        return value does not evaluate to ``False``.\n    \n        :param method: callable(WebDriver)\n        :param message: optional message for :exc:`TimeoutException`\n        :returns: the result of the last call to `method`\n        :raises: :exc:`selenium.common.exceptions.TimeoutException` if timeout occurs\n        \"\"\"\n        screen = None\n        stacktrace = None\n    \n        end_time = time.monotonic() + self._timeout\n        while True:\n            try:\n                value = method(self._driver)\n                if value:\n                    return value\n            except self._ignored_exceptions as exc:\n                screen = getattr(exc, \"screen\", None)\n                stacktrace = getattr(exc, \"stacktrace\", None)\n            time.sleep(self._poll)\n            if time.monotonic() > end_time:\n                break\n>       raise TimeoutException(message, screen, stacktrace)\nE       selenium.common.exceptions.TimeoutException: Message: \nE       Stacktrace:\nE       #0 0x564250178133 <unknown>\nE       #1 0x56424feac966 <unknown>\nE       #2 0x56424fee90dc <unknown>\nE       #3 0x56424fee9211 <unknown>\nE       #4 0x56424ff236c4 <unknown>\nE       #5 0x56424ff08bfd <unknown>\nE       #6 0x56424ff211c7 <unknown>\nE       #7 0x56424ff089a3 <unknown>\nE       #8 0x56424fedd46a <unknown>\nE       #9 0x56424fede55e <unknown>\nE       #10 0x564250137cae <unknown>\nE       #11 0x56425013b8fe <unknown>\nE       #12 0x564250144f20 <unknown>\nE       #13 0x56425013c923 <unknown>\nE       #14 0x56425010fc0e <unknown>\nE       #15 0x56425015fb08 <unknown>\nE       #16 0x56425015fc97 <unknown>\nE       #17 0x564250170113 <unknown>\nE       #18 0x7f4ffc001b43 <unknown>\n\n/opt/hostedtoolcache/Python/3.9.16/x64/lib/python3.9/site-packages/selenium/webdriver/support/wait.py:95: TimeoutException","flaky":false,"newFailed":false,"newBroken":false,"newPassed":false,"retriesCount":0,"retriesStatusChange":false,"beforeStages":[{"name":"browser_config","time":{"start":1683884474208,"stop":1683884474208,"duration":0},"status":"passed","steps":[],"attachments":[],"parameters":[],"stepsCount":0,"attachmentsCount":0,"shouldDisplayMessage":false,"hasContent":false},{"name":"driver","time":{"start":1683885014657,"stop":1683885015557,"duration":900},"status":"passed","steps":[],"attachments":[],"parameters":[],"stepsCount":0,"attachmentsCount":0,"shouldDisplayMessage":false,"hasContent":false},{"name":"setup","time":{"start":1683885015558,"stop":1683885017004,"duration":1446},"status":"passed","steps":[],"attachments":[],"parameters":[],"stepsCount":0,"attachmentsCount":0,"shouldDisplayMessage":false,"hasContent":false},{"name":"set_page","time":{"start":1683885015558,"stop":1683885015558,"duration":0},"status":"passed","steps":[],"attachments":[],"parameters":[],"stepsCount":0,"attachmentsCount":0,"shouldDisplayMessage":false,"hasContent":false}],"afterStages":[{"name":"driver::0","time":{"start":1683885022711,"stop":1683885022770,"duration":59},"status":"passed","steps":[],"attachments":[],"parameters":[],"stepsCount":0,"attachmentsCount":0,"shouldDisplayMessage":false,"hasContent":false}],"labels":[{"name":"parentSuite","value":"hw.code"},{"name":"suite","value":"test_profile"},{"name":"subSuite","value":"TestProfile"},{"name":"host","value":"fv-az548-899"},{"name":"thread","value":"3849-MainThread"},{"name":"framework","value":"pytest"},{"name":"language","value":"cpython3"},{"name":"package","value":"hw.code.test_profile"},{"name":"resultFormat","value":"allure2"}],"parameters":[],"links":[],"hidden":false,"retry":false,"extra":{"severity":"normal","retries":[],"categories":[{"name":"Test defects","matchedStatuses":[],"flaky":false}],"history":{"statistic":{"failed":0,"broken":4,"skipped":0,"passed":2,"unknown":0,"total":6},"items":[{"uid":"d3c8f57e8d59f66b","reportUrl":"https://tUnknownLegend.github.io/e2e-selenium-TP/49//#testresult/d3c8f57e8d59f66b","status":"broken","statusDetails":"selenium.common.exceptions.TimeoutException: Message: \nStacktrace:\n#0 0x563fcf91e133 <unknown>\n#1 0x563fcf652966 <unknown>\n#2 0x563fcf68f0dc <unknown>\n#3 0x563fcf68f211 <unknown>\n#4 0x563fcf6c96c4 <unknown>\n#5 0x563fcf6aebfd <unknown>\n#6 0x563fcf6c71c7 <unknown>\n#7 0x563fcf6ae9a3 <unknown>\n#8 0x563fcf68346a <unknown>\n#9 0x563fcf68455e <unknown>\n#10 0x563fcf8ddcae <unknown>\n#11 0x563fcf8e18fe <unknown>\n#12 0x563fcf8eaf20 <unknown>\n#13 0x563fcf8e2923 <unknown>\n#14 0x563fcf8b5c0e <unknown>\n#15 0x563fcf905b08 <unknown>\n#16 0x563fcf905c97 <unknown>\n#17 0x563fcf916113 <unknown>\n#18 0x7fe2d491ab43 <unknown>","time":{"start":1683827338395,"stop":1683827344148,"duration":5753}},{"uid":"11329d77344d0315","reportUrl":"https://tUnknownLegend.github.io/e2e-selenium-TP/48//#testresult/11329d77344d0315","status":"passed","time":{"start":1683826438757,"stop":1683826440580,"duration":1823}},{"uid":"2b12ca55a587e37f","reportUrl":"https://tUnknownLegend.github.io/e2e-selenium-TP/47//#testresult/2b12ca55a587e37f","status":"passed","time":{"start":1683826387436,"stop":1683826389499,"duration":2063}},{"uid":"5b19c952acfe5b2a","reportUrl":"https://tUnknownLegend.github.io/e2e-selenium-TP/45//#testresult/5b19c952acfe5b2a","status":"broken","statusDetails":"selenium.common.exceptions.TimeoutException: Message: \nStacktrace:\n#0 0x55e3e02f1133 <unknown>\n#1 0x55e3e0025966 <unknown>\n#2 0x55e3e00620dc <unknown>\n#3 0x55e3e0062211 <unknown>\n#4 0x55e3e009c6c4 <unknown>\n#5 0x55e3e0081bfd <unknown>\n#6 0x55e3e009a1c7 <unknown>\n#7 0x55e3e00819a3 <unknown>\n#8 0x55e3e005646a <unknown>\n#9 0x55e3e005755e <unknown>\n#10 0x55e3e02b0cae <unknown>\n#11 0x55e3e02b48fe <unknown>\n#12 0x55e3e02bdf20 <unknown>\n#13 0x55e3e02b5923 <unknown>\n#14 0x55e3e0288c0e <unknown>\n#15 0x55e3e02d8b08 <unknown>\n#16 0x55e3e02d8c97 <unknown>\n#17 0x55e3e02e9113 <unknown>\n#18 0x7f2b807e1b43 <unknown>","time":{"start":1683816361800,"stop":1683816372407,"duration":10607}},{"uid":"288d48352491de67","reportUrl":"https://tUnknownLegend.github.io/e2e-selenium-TP/44//#testresult/288d48352491de67","status":"broken","statusDetails":"selenium.common.exceptions.TimeoutException: Message: \nStacktrace:\n#0 0x55a799869133 <unknown>\n#1 0x55a79959d966 <unknown>\n#2 0x55a7995da0dc <unknown>\n#3 0x55a7995da211 <unknown>\n#4 0x55a7996146c4 <unknown>\n#5 0x55a7995f9bfd <unknown>\n#6 0x55a7996121c7 <unknown>\n#7 0x55a7995f99a3 <unknown>\n#8 0x55a7995ce46a <unknown>\n#9 0x55a7995cf55e <unknown>\n#10 0x55a799828cae <unknown>\n#11 0x55a79982c8fe <unknown>\n#12 0x55a799835f20 <unknown>\n#13 0x55a79982d923 <unknown>\n#14 0x55a799800c0e <unknown>\n#15 0x55a799850b08 <unknown>\n#16 0x55a799850c97 <unknown>\n#17 0x55a799861113 <unknown>\n#18 0x7f0296b14b43 <unknown>","time":{"start":1683816095556,"stop":1683816106274,"duration":10718}}]},"tags":[]},"source":"38fbe4da2e5d857.json","parameterValues":[]}