{"uid":"6e43f0cad43b86c5","name":"test_scroll_buttons","fullName":"hw.code.test_horizontal_catalog_product_page.TestHorizontalScroll#test_scroll_buttons","historyId":"7e75d771050f04f38ae62437d3abd3e2","time":{"start":1683884756853,"stop":1683884758052,"duration":1199},"status":"broken","statusMessage":"selenium.common.exceptions.NoSuchElementException: Message: no such element: Unable to locate element: {\"method\":\"xpath\",\"selector\":\"//div[@class=\"content__horizontal-scroll\"][1]\"}\n  (Session info: chrome=113.0.5672.63)\nStacktrace:\n#0 0x561ea92d5133 <unknown>\n#1 0x561ea9009966 <unknown>\n#2 0x561ea90460dc <unknown>\n#3 0x561ea9046211 <unknown>\n#4 0x561ea90806c4 <unknown>\n#5 0x561ea9065bfd <unknown>\n#6 0x561ea907e1c7 <unknown>\n#7 0x561ea90659a3 <unknown>\n#8 0x561ea903a46a <unknown>\n#9 0x561ea903b55e <unknown>\n#10 0x561ea9294cae <unknown>\n#11 0x561ea92988fe <unknown>\n#12 0x561ea92a1f20 <unknown>\n#13 0x561ea9299923 <unknown>\n#14 0x561ea926cc0e <unknown>\n#15 0x561ea92bcb08 <unknown>\n#16 0x561ea92bcc97 <unknown>\n#17 0x561ea92cd113 <unknown>\n#18 0x7f6471189b43 <unknown>","statusTrace":"newSelf = <test_horizontal_catalog_product_page.TestHorizontalScroll object at 0x7f5ea32270a0>\n\n    def wrapper(newSelf):\n        self.render_page()\n>       func(newSelf)\n\nhw/code/ui/pages/base_page.py:59: \n_ _ _ _ _ _ _ _ _ _ _ _ _ _ _ _ _ _ _ _ _ _ _ _ _ _ _ _ _ _ _ _ _ _ _ _ _ _ _ _ \nhw/code/test_horizontal_catalog_product_page.py:17: in test_scroll_buttons\n    self.horizontalScroll.scrollToTheContainer()\nhw/code/ui/pages/horizontal_scroll_catalog_locators.py:49: in scrollToTheContainer\n    self.scrollToLocator(self.locators.GET_SCROLL_CONTAINER(index))\nhw/code/ui/pages/base_page.py:71: in scrollToLocator\n    element = self.driver.find_element(locator[0], locator[1])\n/opt/hostedtoolcache/Python/3.9.16/x64/lib/python3.9/site-packages/selenium/webdriver/remote/webdriver.py:831: in find_element\n    return self.execute(Command.FIND_ELEMENT, {\"using\": by, \"value\": value})[\"value\"]\n/opt/hostedtoolcache/Python/3.9.16/x64/lib/python3.9/site-packages/selenium/webdriver/remote/webdriver.py:440: in execute\n    self.error_handler.check_response(response)\n_ _ _ _ _ _ _ _ _ _ _ _ _ _ _ _ _ _ _ _ _ _ _ _ _ _ _ _ _ _ _ _ _ _ _ _ _ _ _ _ \n\nself = <selenium.webdriver.remote.errorhandler.ErrorHandler object at 0x7f5ea4476b20>\nresponse = {'status': 404, 'value': '{\"value\":{\"error\":\"no such element\",\"message\":\"no such element: Unable to locate element: {\\...\\\\n#16 0x561ea92bcc97 \\\\u003Cunknown>\\\\n#17 0x561ea92cd113 \\\\u003Cunknown>\\\\n#18 0x7f6471189b43 \\\\u003Cunknown>\\\\n\"}}'}\n\n    def check_response(self, response: Dict[str, Any]) -> None:\n        \"\"\"Checks that a JSON response from the WebDriver does not have an\n        error.\n    \n        :Args:\n         - response - The JSON response from the WebDriver server as a dictionary\n           object.\n    \n        :Raises: If the response contains an error message.\n        \"\"\"\n        status = response.get(\"status\", None)\n        if not status or status == ErrorCode.SUCCESS:\n            return\n        value = None\n        message = response.get(\"message\", \"\")\n        screen: str = response.get(\"screen\", \"\")\n        stacktrace = None\n        if isinstance(status, int):\n            value_json = response.get(\"value\", None)\n            if value_json and isinstance(value_json, str):\n                import json\n    \n                try:\n                    value = json.loads(value_json)\n                    if len(value) == 1:\n                        value = value[\"value\"]\n                    status = value.get(\"error\", None)\n                    if not status:\n                        status = value.get(\"status\", ErrorCode.UNKNOWN_ERROR)\n                        message = value.get(\"value\") or value.get(\"message\")\n                        if not isinstance(message, str):\n                            value = message\n                            message = message.get(\"message\")\n                    else:\n                        message = value.get(\"message\", None)\n                except ValueError:\n                    pass\n    \n        exception_class: Type[WebDriverException]\n        if status in ErrorCode.NO_SUCH_ELEMENT:\n            exception_class = NoSuchElementException\n        elif status in ErrorCode.NO_SUCH_FRAME:\n            exception_class = NoSuchFrameException\n        elif status in ErrorCode.NO_SUCH_SHADOW_ROOT:\n            exception_class = NoSuchShadowRootException\n        elif status in ErrorCode.NO_SUCH_WINDOW:\n            exception_class = NoSuchWindowException\n        elif status in ErrorCode.STALE_ELEMENT_REFERENCE:\n            exception_class = StaleElementReferenceException\n        elif status in ErrorCode.ELEMENT_NOT_VISIBLE:\n            exception_class = ElementNotVisibleException\n        elif status in ErrorCode.INVALID_ELEMENT_STATE:\n            exception_class = InvalidElementStateException\n        elif (\n            status in ErrorCode.INVALID_SELECTOR\n            or status in ErrorCode.INVALID_XPATH_SELECTOR\n            or status in ErrorCode.INVALID_XPATH_SELECTOR_RETURN_TYPER\n        ):\n            exception_class = InvalidSelectorException\n        elif status in ErrorCode.ELEMENT_IS_NOT_SELECTABLE:\n            exception_class = ElementNotSelectableException\n        elif status in ErrorCode.ELEMENT_NOT_INTERACTABLE:\n            exception_class = ElementNotInteractableException\n        elif status in ErrorCode.INVALID_COOKIE_DOMAIN:\n            exception_class = InvalidCookieDomainException\n        elif status in ErrorCode.UNABLE_TO_SET_COOKIE:\n            exception_class = UnableToSetCookieException\n        elif status in ErrorCode.TIMEOUT:\n            exception_class = TimeoutException\n        elif status in ErrorCode.SCRIPT_TIMEOUT:\n            exception_class = TimeoutException\n        elif status in ErrorCode.UNKNOWN_ERROR:\n            exception_class = WebDriverException\n        elif status in ErrorCode.UNEXPECTED_ALERT_OPEN:\n            exception_class = UnexpectedAlertPresentException\n        elif status in ErrorCode.NO_ALERT_OPEN:\n            exception_class = NoAlertPresentException\n        elif status in ErrorCode.IME_NOT_AVAILABLE:\n            exception_class = ImeNotAvailableException\n        elif status in ErrorCode.IME_ENGINE_ACTIVATION_FAILED:\n            exception_class = ImeActivationFailedException\n        elif status in ErrorCode.MOVE_TARGET_OUT_OF_BOUNDS:\n            exception_class = MoveTargetOutOfBoundsException\n        elif status in ErrorCode.JAVASCRIPT_ERROR:\n            exception_class = JavascriptException\n        elif status in ErrorCode.SESSION_NOT_CREATED:\n            exception_class = SessionNotCreatedException\n        elif status in ErrorCode.INVALID_ARGUMENT:\n            exception_class = InvalidArgumentException\n        elif status in ErrorCode.NO_SUCH_COOKIE:\n            exception_class = NoSuchCookieException\n        elif status in ErrorCode.UNABLE_TO_CAPTURE_SCREEN:\n            exception_class = ScreenshotException\n        elif status in ErrorCode.ELEMENT_CLICK_INTERCEPTED:\n            exception_class = ElementClickInterceptedException\n        elif status in ErrorCode.INSECURE_CERTIFICATE:\n            exception_class = InsecureCertificateException\n        elif status in ErrorCode.INVALID_COORDINATES:\n            exception_class = InvalidCoordinatesException\n        elif status in ErrorCode.INVALID_SESSION_ID:\n            exception_class = InvalidSessionIdException\n        elif status in ErrorCode.UNKNOWN_METHOD:\n            exception_class = UnknownMethodException\n        else:\n            exception_class = WebDriverException\n        if not value:\n            value = response[\"value\"]\n        if isinstance(value, str):\n            raise exception_class(value)\n        if message == \"\" and \"message\" in value:\n            message = value[\"message\"]\n    \n        screen = None  # type: ignore[assignment]\n        if \"screen\" in value:\n            screen = value[\"screen\"]\n    \n        stacktrace = None\n        st_value = value.get(\"stackTrace\") or value.get(\"stacktrace\")\n        if st_value:\n            if isinstance(st_value, str):\n                stacktrace = st_value.split(\"\\n\")\n            else:\n                stacktrace = []\n                try:\n                    for frame in st_value:\n                        line = frame.get(\"lineNumber\", \"\")\n                        file = frame.get(\"fileName\", \"<anonymous>\")\n                        if line:\n                            file = f\"{file}:{line}\"\n                        meth = frame.get(\"methodName\", \"<anonymous>\")\n                        if \"className\" in frame:\n                            meth = f\"{frame['className']}.{meth}\"\n                        msg = \"    at %s (%s)\"\n                        msg = msg % (meth, file)\n                        stacktrace.append(msg)\n                except TypeError:\n                    pass\n        if exception_class == UnexpectedAlertPresentException:\n            alert_text = None\n            if \"data\" in value:\n                alert_text = value[\"data\"].get(\"text\")\n            elif \"alert\" in value:\n                alert_text = value[\"alert\"].get(\"text\")\n            raise exception_class(message, screen, stacktrace, alert_text)  # type: ignore[call-arg]  # mypy is not smart enough here\n>       raise exception_class(message, screen, stacktrace)\nE       selenium.common.exceptions.NoSuchElementException: Message: no such element: Unable to locate element: {\"method\":\"xpath\",\"selector\":\"//div[@class=\"content__horizontal-scroll\"][1]\"}\nE         (Session info: chrome=113.0.5672.63)\nE       Stacktrace:\nE       #0 0x561ea92d5133 <unknown>\nE       #1 0x561ea9009966 <unknown>\nE       #2 0x561ea90460dc <unknown>\nE       #3 0x561ea9046211 <unknown>\nE       #4 0x561ea90806c4 <unknown>\nE       #5 0x561ea9065bfd <unknown>\nE       #6 0x561ea907e1c7 <unknown>\nE       #7 0x561ea90659a3 <unknown>\nE       #8 0x561ea903a46a <unknown>\nE       #9 0x561ea903b55e <unknown>\nE       #10 0x561ea9294cae <unknown>\nE       #11 0x561ea92988fe <unknown>\nE       #12 0x561ea92a1f20 <unknown>\nE       #13 0x561ea9299923 <unknown>\nE       #14 0x561ea926cc0e <unknown>\nE       #15 0x561ea92bcb08 <unknown>\nE       #16 0x561ea92bcc97 <unknown>\nE       #17 0x561ea92cd113 <unknown>\nE       #18 0x7f6471189b43 <unknown>\n\n/opt/hostedtoolcache/Python/3.9.16/x64/lib/python3.9/site-packages/selenium/webdriver/remote/errorhandler.py:245: NoSuchElementException","flaky":false,"newFailed":false,"newBroken":true,"newPassed":false,"retriesCount":0,"retriesStatusChange":false,"beforeStages":[],"testStage":{"status":"broken","statusMessage":"selenium.common.exceptions.NoSuchElementException: Message: no such element: Unable to locate element: {\"method\":\"xpath\",\"selector\":\"//div[@class=\"content__horizontal-scroll\"][1]\"}\n  (Session info: chrome=113.0.5672.63)\nStacktrace:\n#0 0x561ea92d5133 <unknown>\n#1 0x561ea9009966 <unknown>\n#2 0x561ea90460dc <unknown>\n#3 0x561ea9046211 <unknown>\n#4 0x561ea90806c4 <unknown>\n#5 0x561ea9065bfd <unknown>\n#6 0x561ea907e1c7 <unknown>\n#7 0x561ea90659a3 <unknown>\n#8 0x561ea903a46a <unknown>\n#9 0x561ea903b55e <unknown>\n#10 0x561ea9294cae <unknown>\n#11 0x561ea92988fe <unknown>\n#12 0x561ea92a1f20 <unknown>\n#13 0x561ea9299923 <unknown>\n#14 0x561ea926cc0e <unknown>\n#15 0x561ea92bcb08 <unknown>\n#16 0x561ea92bcc97 <unknown>\n#17 0x561ea92cd113 <unknown>\n#18 0x7f6471189b43 <unknown>","statusTrace":"newSelf = <test_horizontal_catalog_product_page.TestHorizontalScroll object at 0x7f5ea32270a0>\n\n    def wrapper(newSelf):\n        self.render_page()\n>       func(newSelf)\n\nhw/code/ui/pages/base_page.py:59: \n_ _ _ _ _ _ _ _ _ _ _ _ _ _ _ _ _ _ _ _ _ _ _ _ _ _ _ _ _ _ _ _ _ _ _ _ _ _ _ _ \nhw/code/test_horizontal_catalog_product_page.py:17: in test_scroll_buttons\n    self.horizontalScroll.scrollToTheContainer()\nhw/code/ui/pages/horizontal_scroll_catalog_locators.py:49: in scrollToTheContainer\n    self.scrollToLocator(self.locators.GET_SCROLL_CONTAINER(index))\nhw/code/ui/pages/base_page.py:71: in scrollToLocator\n    element = self.driver.find_element(locator[0], locator[1])\n/opt/hostedtoolcache/Python/3.9.16/x64/lib/python3.9/site-packages/selenium/webdriver/remote/webdriver.py:831: in find_element\n    return self.execute(Command.FIND_ELEMENT, {\"using\": by, \"value\": value})[\"value\"]\n/opt/hostedtoolcache/Python/3.9.16/x64/lib/python3.9/site-packages/selenium/webdriver/remote/webdriver.py:440: in execute\n    self.error_handler.check_response(response)\n_ _ _ _ _ _ _ _ _ _ _ _ _ _ _ _ _ _ _ _ _ _ _ _ _ _ _ _ _ _ _ _ _ _ _ _ _ _ _ _ \n\nself = <selenium.webdriver.remote.errorhandler.ErrorHandler object at 0x7f5ea4476b20>\nresponse = {'status': 404, 'value': '{\"value\":{\"error\":\"no such element\",\"message\":\"no such element: Unable to locate element: {\\...\\\\n#16 0x561ea92bcc97 \\\\u003Cunknown>\\\\n#17 0x561ea92cd113 \\\\u003Cunknown>\\\\n#18 0x7f6471189b43 \\\\u003Cunknown>\\\\n\"}}'}\n\n    def check_response(self, response: Dict[str, Any]) -> None:\n        \"\"\"Checks that a JSON response from the WebDriver does not have an\n        error.\n    \n        :Args:\n         - response - The JSON response from the WebDriver server as a dictionary\n           object.\n    \n        :Raises: If the response contains an error message.\n        \"\"\"\n        status = response.get(\"status\", None)\n        if not status or status == ErrorCode.SUCCESS:\n            return\n        value = None\n        message = response.get(\"message\", \"\")\n        screen: str = response.get(\"screen\", \"\")\n        stacktrace = None\n        if isinstance(status, int):\n            value_json = response.get(\"value\", None)\n            if value_json and isinstance(value_json, str):\n                import json\n    \n                try:\n                    value = json.loads(value_json)\n                    if len(value) == 1:\n                        value = value[\"value\"]\n                    status = value.get(\"error\", None)\n                    if not status:\n                        status = value.get(\"status\", ErrorCode.UNKNOWN_ERROR)\n                        message = value.get(\"value\") or value.get(\"message\")\n                        if not isinstance(message, str):\n                            value = message\n                            message = message.get(\"message\")\n                    else:\n                        message = value.get(\"message\", None)\n                except ValueError:\n                    pass\n    \n        exception_class: Type[WebDriverException]\n        if status in ErrorCode.NO_SUCH_ELEMENT:\n            exception_class = NoSuchElementException\n        elif status in ErrorCode.NO_SUCH_FRAME:\n            exception_class = NoSuchFrameException\n        elif status in ErrorCode.NO_SUCH_SHADOW_ROOT:\n            exception_class = NoSuchShadowRootException\n        elif status in ErrorCode.NO_SUCH_WINDOW:\n            exception_class = NoSuchWindowException\n        elif status in ErrorCode.STALE_ELEMENT_REFERENCE:\n            exception_class = StaleElementReferenceException\n        elif status in ErrorCode.ELEMENT_NOT_VISIBLE:\n            exception_class = ElementNotVisibleException\n        elif status in ErrorCode.INVALID_ELEMENT_STATE:\n            exception_class = InvalidElementStateException\n        elif (\n            status in ErrorCode.INVALID_SELECTOR\n            or status in ErrorCode.INVALID_XPATH_SELECTOR\n            or status in ErrorCode.INVALID_XPATH_SELECTOR_RETURN_TYPER\n        ):\n            exception_class = InvalidSelectorException\n        elif status in ErrorCode.ELEMENT_IS_NOT_SELECTABLE:\n            exception_class = ElementNotSelectableException\n        elif status in ErrorCode.ELEMENT_NOT_INTERACTABLE:\n            exception_class = ElementNotInteractableException\n        elif status in ErrorCode.INVALID_COOKIE_DOMAIN:\n            exception_class = InvalidCookieDomainException\n        elif status in ErrorCode.UNABLE_TO_SET_COOKIE:\n            exception_class = UnableToSetCookieException\n        elif status in ErrorCode.TIMEOUT:\n            exception_class = TimeoutException\n        elif status in ErrorCode.SCRIPT_TIMEOUT:\n            exception_class = TimeoutException\n        elif status in ErrorCode.UNKNOWN_ERROR:\n            exception_class = WebDriverException\n        elif status in ErrorCode.UNEXPECTED_ALERT_OPEN:\n            exception_class = UnexpectedAlertPresentException\n        elif status in ErrorCode.NO_ALERT_OPEN:\n            exception_class = NoAlertPresentException\n        elif status in ErrorCode.IME_NOT_AVAILABLE:\n            exception_class = ImeNotAvailableException\n        elif status in ErrorCode.IME_ENGINE_ACTIVATION_FAILED:\n            exception_class = ImeActivationFailedException\n        elif status in ErrorCode.MOVE_TARGET_OUT_OF_BOUNDS:\n            exception_class = MoveTargetOutOfBoundsException\n        elif status in ErrorCode.JAVASCRIPT_ERROR:\n            exception_class = JavascriptException\n        elif status in ErrorCode.SESSION_NOT_CREATED:\n            exception_class = SessionNotCreatedException\n        elif status in ErrorCode.INVALID_ARGUMENT:\n            exception_class = InvalidArgumentException\n        elif status in ErrorCode.NO_SUCH_COOKIE:\n            exception_class = NoSuchCookieException\n        elif status in ErrorCode.UNABLE_TO_CAPTURE_SCREEN:\n            exception_class = ScreenshotException\n        elif status in ErrorCode.ELEMENT_CLICK_INTERCEPTED:\n            exception_class = ElementClickInterceptedException\n        elif status in ErrorCode.INSECURE_CERTIFICATE:\n            exception_class = InsecureCertificateException\n        elif status in ErrorCode.INVALID_COORDINATES:\n            exception_class = InvalidCoordinatesException\n        elif status in ErrorCode.INVALID_SESSION_ID:\n            exception_class = InvalidSessionIdException\n        elif status in ErrorCode.UNKNOWN_METHOD:\n            exception_class = UnknownMethodException\n        else:\n            exception_class = WebDriverException\n        if not value:\n            value = response[\"value\"]\n        if isinstance(value, str):\n            raise exception_class(value)\n        if message == \"\" and \"message\" in value:\n            message = value[\"message\"]\n    \n        screen = None  # type: ignore[assignment]\n        if \"screen\" in value:\n            screen = value[\"screen\"]\n    \n        stacktrace = None\n        st_value = value.get(\"stackTrace\") or value.get(\"stacktrace\")\n        if st_value:\n            if isinstance(st_value, str):\n                stacktrace = st_value.split(\"\\n\")\n            else:\n                stacktrace = []\n                try:\n                    for frame in st_value:\n                        line = frame.get(\"lineNumber\", \"\")\n                        file = frame.get(\"fileName\", \"<anonymous>\")\n                        if line:\n                            file = f\"{file}:{line}\"\n                        meth = frame.get(\"methodName\", \"<anonymous>\")\n                        if \"className\" in frame:\n                            meth = f\"{frame['className']}.{meth}\"\n                        msg = \"    at %s (%s)\"\n                        msg = msg % (meth, file)\n                        stacktrace.append(msg)\n                except TypeError:\n                    pass\n        if exception_class == UnexpectedAlertPresentException:\n            alert_text = None\n            if \"data\" in value:\n                alert_text = value[\"data\"].get(\"text\")\n            elif \"alert\" in value:\n                alert_text = value[\"alert\"].get(\"text\")\n            raise exception_class(message, screen, stacktrace, alert_text)  # type: ignore[call-arg]  # mypy is not smart enough here\n>       raise exception_class(message, screen, stacktrace)\nE       selenium.common.exceptions.NoSuchElementException: Message: no such element: Unable to locate element: {\"method\":\"xpath\",\"selector\":\"//div[@class=\"content__horizontal-scroll\"][1]\"}\nE         (Session info: chrome=113.0.5672.63)\nE       Stacktrace:\nE       #0 0x561ea92d5133 <unknown>\nE       #1 0x561ea9009966 <unknown>\nE       #2 0x561ea90460dc <unknown>\nE       #3 0x561ea9046211 <unknown>\nE       #4 0x561ea90806c4 <unknown>\nE       #5 0x561ea9065bfd <unknown>\nE       #6 0x561ea907e1c7 <unknown>\nE       #7 0x561ea90659a3 <unknown>\nE       #8 0x561ea903a46a <unknown>\nE       #9 0x561ea903b55e <unknown>\nE       #10 0x561ea9294cae <unknown>\nE       #11 0x561ea92988fe <unknown>\nE       #12 0x561ea92a1f20 <unknown>\nE       #13 0x561ea9299923 <unknown>\nE       #14 0x561ea926cc0e <unknown>\nE       #15 0x561ea92bcb08 <unknown>\nE       #16 0x561ea92bcc97 <unknown>\nE       #17 0x561ea92cd113 <unknown>\nE       #18 0x7f6471189b43 <unknown>\n\n/opt/hostedtoolcache/Python/3.9.16/x64/lib/python3.9/site-packages/selenium/webdriver/remote/errorhandler.py:245: NoSuchElementException","steps":[{"name":"scroll to the container","time":{"start":1683884758038,"stop":1683884758051,"duration":13},"status":"broken","statusMessage":"selenium.common.exceptions.NoSuchElementException: Message: no such element: Unable to locate element: {\"method\":\"xpath\",\"selector\":\"//div[@class=\"content__horizontal-scroll\"][1]\"}\n  (Session info: chrome=113.0.5672.63)\nStacktrace:\n#0 0x561ea92d5133 <unknown>\n#1 0x561ea9009966 <unknown>\n#2 0x561ea90460dc <unknown>\n#3 0x561ea9046211 <unknown>\n#4 0x561ea90806c4 <unknown>\n#5 0x561ea9065bfd <unknown>\n#6 0x561ea907e1c7 <unknown>\n#7 0x561ea90659a3 <unknown>\n#8 0x561ea903a46a <unknown>\n#9 0x561ea903b55e <unknown>\n#10 0x561ea9294cae <unknown>\n#11 0x561ea92988fe <unknown>\n#12 0x561ea92a1f20 <unknown>\n#13 0x561ea9299923 <unknown>\n#14 0x561ea926cc0e <unknown>\n#15 0x561ea92bcb08 <unknown>\n#16 0x561ea92bcc97 <unknown>\n#17 0x561ea92cd113 <unknown>\n#18 0x7f6471189b43 <unknown>\n\n","statusTrace":"  File \"/home/runner/work/e2e-selenium-TP/e2e-selenium-TP/hw/code/test_horizontal_catalog_product_page.py\", line 17, in test_scroll_buttons\n    self.horizontalScroll.scrollToTheContainer()\n  File \"/home/runner/work/e2e-selenium-TP/e2e-selenium-TP/hw/code/ui/pages/horizontal_scroll_catalog_locators.py\", line 49, in scrollToTheContainer\n    self.scrollToLocator(self.locators.GET_SCROLL_CONTAINER(index))\n  File \"/home/runner/work/e2e-selenium-TP/e2e-selenium-TP/hw/code/ui/pages/base_page.py\", line 71, in scrollToLocator\n    element = self.driver.find_element(locator[0], locator[1])\n  File \"/opt/hostedtoolcache/Python/3.9.16/x64/lib/python3.9/site-packages/selenium/webdriver/remote/webdriver.py\", line 831, in find_element\n    return self.execute(Command.FIND_ELEMENT, {\"using\": by, \"value\": value})[\"value\"]\n  File \"/opt/hostedtoolcache/Python/3.9.16/x64/lib/python3.9/site-packages/selenium/webdriver/remote/webdriver.py\", line 440, in execute\n    self.error_handler.check_response(response)\n  File \"/opt/hostedtoolcache/Python/3.9.16/x64/lib/python3.9/site-packages/selenium/webdriver/remote/errorhandler.py\", line 245, in check_response\n    raise exception_class(message, screen, stacktrace)\n","steps":[],"attachments":[],"parameters":[],"stepsCount":0,"attachmentsCount":0,"shouldDisplayMessage":true,"hasContent":true}],"attachments":[],"parameters":[],"stepsCount":1,"attachmentsCount":0,"shouldDisplayMessage":true,"hasContent":true},"afterStages":[],"labels":[{"name":"feature","value":"Test product recommendations"},{"name":"story","value":"scroll"},{"name":"parentSuite","value":"hw.code"},{"name":"suite","value":"test_horizontal_catalog_product_page"},{"name":"subSuite","value":"TestHorizontalScroll"},{"name":"host","value":"fv-az548-899"},{"name":"thread","value":"3849-MainThread"},{"name":"framework","value":"pytest"},{"name":"language","value":"cpython3"},{"name":"package","value":"hw.code.test_horizontal_catalog_product_page"},{"name":"resultFormat","value":"allure2"}],"parameters":[],"links":[],"hidden":false,"retry":false,"extra":{"severity":"normal","retries":[],"categories":[{"name":"Test defects","matchedStatuses":[],"flaky":false}],"history":{"statistic":{"failed":0,"broken":7,"skipped":0,"passed":17,"unknown":0,"total":24},"items":[{"uid":"26b9d1d581bd0e62","reportUrl":"https://tUnknownLegend.github.io/e2e-selenium-TP/49//#testresult/26b9d1d581bd0e62","status":"passed","time":{"start":1683827071186,"stop":1683827080094,"duration":8908}},{"uid":"8c5c8dfac5d856eb","reportUrl":"https://tUnknownLegend.github.io/e2e-selenium-TP/48//#testresult/8c5c8dfac5d856eb","status":"passed","time":{"start":1683826265708,"stop":1683826273868,"duration":8160}},{"uid":"111b68e9d1d5cd","reportUrl":"https://tUnknownLegend.github.io/e2e-selenium-TP/47//#testresult/111b68e9d1d5cd","status":"passed","time":{"start":1683826134207,"stop":1683826143271,"duration":9064}},{"uid":"50a6a3a473e3f376","reportUrl":"https://tUnknownLegend.github.io/e2e-selenium-TP/46//#testresult/50a6a3a473e3f376","status":"passed","time":{"start":1683819883060,"stop":1683819891315,"duration":8255}},{"uid":"a6832d3589af6aa6","reportUrl":"https://tUnknownLegend.github.io/e2e-selenium-TP/45//#testresult/a6832d3589af6aa6","status":"broken","statusDetails":"selenium.common.exceptions.NoSuchElementException: Message: no such element: Unable to locate element: {\"method\":\"xpath\",\"selector\":\"//div[@class=\"content__horizontal-scroll\"][1]\"}\n  (Session info: chrome=113.0.5672.63)\nStacktrace:\n#0 0x55e82dc09133 <unknown>\n#1 0x55e82d93d966 <unknown>\n#2 0x55e82d97a0dc <unknown>\n#3 0x55e82d97a211 <unknown>\n#4 0x55e82d9b46c4 <unknown>\n#5 0x55e82d999bfd <unknown>\n#6 0x55e82d9b21c7 <unknown>\n#7 0x55e82d9999a3 <unknown>\n#8 0x55e82d96e46a <unknown>\n#9 0x55e82d96f55e <unknown>\n#10 0x55e82dbc8cae <unknown>\n#11 0x55e82dbcc8fe <unknown>\n#12 0x55e82dbd5f20 <unknown>\n#13 0x55e82dbcd923 <unknown>\n#14 0x55e82dba0c0e <unknown>\n#15 0x55e82dbf0b08 <unknown>\n#16 0x55e82dbf0c97 <unknown>\n#17 0x55e82dc01113 <unknown>\n#18 0x7f84201bdb43 <unknown>","time":{"start":1683815966853,"stop":1683815968012,"duration":1159}},{"uid":"9fba20fee2aff364","reportUrl":"https://tUnknownLegend.github.io/e2e-selenium-TP/44//#testresult/9fba20fee2aff364","status":"passed","time":{"start":1683815756303,"stop":1683815764755,"duration":8452}},{"uid":"b6bd8fd7a05f3ba5","reportUrl":"https://tUnknownLegend.github.io/e2e-selenium-TP/43//#testresult/b6bd8fd7a05f3ba5","status":"passed","time":{"start":1683815123904,"stop":1683815132856,"duration":8952}},{"uid":"cb73a36d73d7e1b3","reportUrl":"https://tUnknownLegend.github.io/e2e-selenium-TP/42//#testresult/cb73a36d73d7e1b3","status":"passed","time":{"start":1683814980786,"stop":1683814988986,"duration":8200}},{"uid":"6507d7593fd74998","reportUrl":"https://tUnknownLegend.github.io/e2e-selenium-TP/41//#testresult/6507d7593fd74998","status":"passed","time":{"start":1683814741814,"stop":1683814750098,"duration":8284}},{"uid":"64a79b9c9740ba9c","reportUrl":"https://tUnknownLegend.github.io/e2e-selenium-TP/37//#testresult/64a79b9c9740ba9c","status":"passed","time":{"start":1683813716887,"stop":1683813725139,"duration":8252}},{"uid":"9e98af69b4a50098","reportUrl":"https://tUnknownLegend.github.io/e2e-selenium-TP/36//#testresult/9e98af69b4a50098","status":"passed","time":{"start":1683813656394,"stop":1683813664608,"duration":8214}},{"uid":"ec6723742ade4c69","reportUrl":"https://tUnknownLegend.github.io/e2e-selenium-TP/35//#testresult/ec6723742ade4c69","status":"passed","time":{"start":1683813396133,"stop":1683813405144,"duration":9011}},{"uid":"45368cf0e38aebc1","reportUrl":"https://tUnknownLegend.github.io/e2e-selenium-TP/34//#testresult/45368cf0e38aebc1","status":"passed","time":{"start":1683801865418,"stop":1683801874319,"duration":8901}},{"uid":"637acd1f68660155","reportUrl":"https://tUnknownLegend.github.io/e2e-selenium-TP/33//#testresult/637acd1f68660155","status":"broken","statusDetails":"selenium.common.exceptions.NoSuchElementException: Message: no such element: Unable to locate element: {\"method\":\"xpath\",\"selector\":\"//div[@class=\"content__horizontal-scroll\"][1]\"}\n  (Session info: chrome=113.0.5672.63)\nStacktrace:\n#0 0x55666b71b133 <unknown>\n#1 0x55666b44f966 <unknown>\n#2 0x55666b48c0dc <unknown>\n#3 0x55666b48c211 <unknown>\n#4 0x55666b4c66c4 <unknown>\n#5 0x55666b4abbfd <unknown>\n#6 0x55666b4c41c7 <unknown>\n#7 0x55666b4ab9a3 <unknown>\n#8 0x55666b48046a <unknown>\n#9 0x55666b48155e <unknown>\n#10 0x55666b6dacae <unknown>\n#11 0x55666b6de8fe <unknown>\n#12 0x55666b6e7f20 <unknown>\n#13 0x55666b6df923 <unknown>\n#14 0x55666b6b2c0e <unknown>\n#15 0x55666b702b08 <unknown>\n#16 0x55666b702c97 <unknown>\n#17 0x55666b713113 <unknown>\n#18 0x7f9d734f3b43 <unknown>","time":{"start":1683801756419,"stop":1683801757766,"duration":1347}},{"uid":"76eaa3a50709e9da","reportUrl":"https://tUnknownLegend.github.io/e2e-selenium-TP/31//#testresult/76eaa3a50709e9da","status":"passed","time":{"start":1683797587680,"stop":1683797596655,"duration":8975}},{"uid":"e20a901c9379fa21","reportUrl":"https://tUnknownLegend.github.io/e2e-selenium-TP/32//#testresult/e20a901c9379fa21","status":"passed","time":{"start":1683797570127,"stop":1683797578676,"duration":8549}},{"uid":"151f9fd16c420fd1","reportUrl":"https://tUnknownLegend.github.io/e2e-selenium-TP/29//#testresult/151f9fd16c420fd1","status":"broken","statusDetails":"selenium.common.exceptions.NoSuchElementException: Message: no such element: Unable to locate element: {\"method\":\"xpath\",\"selector\":\"//div[@class=\"content__horizontal-scroll\"][1]\"}\n  (Session info: chrome=113.0.5672.63)\nStacktrace:\n#0 0x559002d2e133 <unknown>\n#1 0x559002a62966 <unknown>\n#2 0x559002a9f0dc <unknown>\n#3 0x559002a9f211 <unknown>\n#4 0x559002ad96c4 <unknown>\n#5 0x559002abebfd <unknown>\n#6 0x559002ad71c7 <unknown>\n#7 0x559002abe9a3 <unknown>\n#8 0x559002a9346a <unknown>\n#9 0x559002a9455e <unknown>\n#10 0x559002cedcae <unknown>\n#11 0x559002cf18fe <unknown>\n#12 0x559002cfaf20 <unknown>\n#13 0x559002cf2923 <unknown>\n#14 0x559002cc5c0e <unknown>\n#15 0x559002d15b08 <unknown>\n#16 0x559002d15c97 <unknown>\n#17 0x559002d26113 <unknown>\n#18 0x7fc6338f4b43 <unknown>","time":{"start":1683794137294,"stop":1683794138460,"duration":1166}},{"uid":"36a95a7453ed00fb","reportUrl":"https://tUnknownLegend.github.io/e2e-selenium-TP/28//#testresult/36a95a7453ed00fb","status":"broken","statusDetails":"selenium.common.exceptions.NoSuchElementException: Message: no such element: Unable to locate element: {\"method\":\"xpath\",\"selector\":\"//div[@class=\"content__horizontal-scroll\"][1]\"}\n  (Session info: chrome=113.0.5672.63)\nStacktrace:\n#0 0x564a251c7133 <unknown>\n#1 0x564a24efb966 <unknown>\n#2 0x564a24f380dc <unknown>\n#3 0x564a24f38211 <unknown>\n#4 0x564a24f726c4 <unknown>\n#5 0x564a24f57bfd <unknown>\n#6 0x564a24f701c7 <unknown>\n#7 0x564a24f579a3 <unknown>\n#8 0x564a24f2c46a <unknown>\n#9 0x564a24f2d55e <unknown>\n#10 0x564a25186cae <unknown>\n#11 0x564a2518a8fe <unknown>\n#12 0x564a25193f20 <unknown>\n#13 0x564a2518b923 <unknown>\n#14 0x564a2515ec0e <unknown>\n#15 0x564a251aeb08 <unknown>\n#16 0x564a251aec97 <unknown>\n#17 0x564a251bf113 <unknown>\n#18 0x7fe1850d1b43 <unknown>","time":{"start":1683794119279,"stop":1683794120612,"duration":1333}},{"uid":"c6579a9b50c22013","reportUrl":"https://tUnknownLegend.github.io/e2e-selenium-TP/27//#testresult/c6579a9b50c22013","status":"passed","time":{"start":1683775644400,"stop":1683775652646,"duration":8246}},{"uid":"65285cf5a22e40fd","reportUrl":"https://tUnknownLegend.github.io/e2e-selenium-TP/26//#testresult/65285cf5a22e40fd","status":"passed","time":{"start":1683775621585,"stop":1683775630081,"duration":8496}}]},"tags":[]},"source":"6e43f0cad43b86c5.json","parameterValues":[]}