{"uid":"af19815d5e09244d","name":"test_payment_card_incorrect_params_date_expiration","fullName":"hw.code.test_profile.TestProfile#test_payment_card_incorrect_params_date_expiration","historyId":"8ad6e0a53801c996449f50c5a144a33d","time":{"start":1683884968529,"stop":1683884974233,"duration":5704},"status":"broken","statusMessage":"selenium.common.exceptions.TimeoutException: Message: \nStacktrace:\n#0 0x55980d5f4133 <unknown>\n#1 0x55980d328966 <unknown>\n#2 0x55980d3650dc <unknown>\n#3 0x55980d365211 <unknown>\n#4 0x55980d39f6c4 <unknown>\n#5 0x55980d384bfd <unknown>\n#6 0x55980d39d1c7 <unknown>\n#7 0x55980d3849a3 <unknown>\n#8 0x55980d35946a <unknown>\n#9 0x55980d35a55e <unknown>\n#10 0x55980d5b3cae <unknown>\n#11 0x55980d5b78fe <unknown>\n#12 0x55980d5c0f20 <unknown>\n#13 0x55980d5b8923 <unknown>\n#14 0x55980d58bc0e <unknown>\n#15 0x55980d5dbb08 <unknown>\n#16 0x55980d5dbc97 <unknown>\n#17 0x55980d5ec113 <unknown>\n#18 0x7f0ec0920b43 <unknown>","statusTrace":"self = <test_profile.TestProfile object at 0x7f5ea33bea60>\n\n    def test_payment_card_incorrect_params_date_expiration(self):\n>       self.loginPage.loginProfile()\n\nhw/code/test_profile.py:380: \n_ _ _ _ _ _ _ _ _ _ _ _ _ _ _ _ _ _ _ _ _ _ _ _ _ _ _ _ _ _ _ _ _ _ _ _ _ _ _ _ \nhw/code/ui/pages/login_page.py:56: in loginProfile\n    self.header.findUserPageButton().click()\nhw/code/ui/pages/header.py:16: in findUserPageButton\n    return self.find(self.locators.OPEN_USER_PAGE_BUTTON)\nhw/code/ui/pages/base_page.py:66: in find\n    self.waitUntilVisible(locator)\nhw/code/ui/pages/base_page.py:82: in waitUntilVisible\n    self.wait(timeout).until(EC.presence_of_element_located(selector))\n_ _ _ _ _ _ _ _ _ _ _ _ _ _ _ _ _ _ _ _ _ _ _ _ _ _ _ _ _ _ _ _ _ _ _ _ _ _ _ _ \n\nself = <selenium.webdriver.support.wait.WebDriverWait (session=\"9ee34950f4ecca33d7a56f9dfbece6ae\")>\nmethod = <function presence_of_element_located.<locals>._predicate at 0x7f5ea3245dc0>\nmessage = ''\n\n    def until(self, method, message: str = \"\"):\n        \"\"\"Calls the method provided with the driver as an argument until the \\\n        return value does not evaluate to ``False``.\n    \n        :param method: callable(WebDriver)\n        :param message: optional message for :exc:`TimeoutException`\n        :returns: the result of the last call to `method`\n        :raises: :exc:`selenium.common.exceptions.TimeoutException` if timeout occurs\n        \"\"\"\n        screen = None\n        stacktrace = None\n    \n        end_time = time.monotonic() + self._timeout\n        while True:\n            try:\n                value = method(self._driver)\n                if value:\n                    return value\n            except self._ignored_exceptions as exc:\n                screen = getattr(exc, \"screen\", None)\n                stacktrace = getattr(exc, \"stacktrace\", None)\n            time.sleep(self._poll)\n            if time.monotonic() > end_time:\n                break\n>       raise TimeoutException(message, screen, stacktrace)\nE       selenium.common.exceptions.TimeoutException: Message: \nE       Stacktrace:\nE       #0 0x55980d5f4133 <unknown>\nE       #1 0x55980d328966 <unknown>\nE       #2 0x55980d3650dc <unknown>\nE       #3 0x55980d365211 <unknown>\nE       #4 0x55980d39f6c4 <unknown>\nE       #5 0x55980d384bfd <unknown>\nE       #6 0x55980d39d1c7 <unknown>\nE       #7 0x55980d3849a3 <unknown>\nE       #8 0x55980d35946a <unknown>\nE       #9 0x55980d35a55e <unknown>\nE       #10 0x55980d5b3cae <unknown>\nE       #11 0x55980d5b78fe <unknown>\nE       #12 0x55980d5c0f20 <unknown>\nE       #13 0x55980d5b8923 <unknown>\nE       #14 0x55980d58bc0e <unknown>\nE       #15 0x55980d5dbb08 <unknown>\nE       #16 0x55980d5dbc97 <unknown>\nE       #17 0x55980d5ec113 <unknown>\nE       #18 0x7f0ec0920b43 <unknown>\n\n/opt/hostedtoolcache/Python/3.9.16/x64/lib/python3.9/site-packages/selenium/webdriver/support/wait.py:95: TimeoutException","flaky":false,"newFailed":false,"newBroken":false,"newPassed":false,"retriesCount":0,"retriesStatusChange":false,"beforeStages":[{"name":"browser_config","time":{"start":1683884474208,"stop":1683884474208,"duration":0},"status":"passed","steps":[],"attachments":[],"parameters":[],"stepsCount":0,"attachmentsCount":0,"shouldDisplayMessage":false,"hasContent":false},{"name":"driver","time":{"start":1683884966208,"stop":1683884967106,"duration":898},"status":"passed","steps":[],"attachments":[],"parameters":[],"stepsCount":0,"attachmentsCount":0,"shouldDisplayMessage":false,"hasContent":false},{"name":"set_page","time":{"start":1683884967106,"stop":1683884967107,"duration":1},"status":"passed","steps":[],"attachments":[],"parameters":[],"stepsCount":0,"attachmentsCount":0,"shouldDisplayMessage":false,"hasContent":false},{"name":"setup","time":{"start":1683884967107,"stop":1683884968528,"duration":1421},"status":"passed","steps":[],"attachments":[],"parameters":[],"stepsCount":0,"attachmentsCount":0,"shouldDisplayMessage":false,"hasContent":false}],"afterStages":[{"name":"driver::0","time":{"start":1683884974262,"stop":1683884974326,"duration":64},"status":"passed","steps":[],"attachments":[],"parameters":[],"stepsCount":0,"attachmentsCount":0,"shouldDisplayMessage":false,"hasContent":false}],"labels":[{"name":"parentSuite","value":"hw.code"},{"name":"suite","value":"test_profile"},{"name":"subSuite","value":"TestProfile"},{"name":"host","value":"fv-az548-899"},{"name":"thread","value":"3849-MainThread"},{"name":"framework","value":"pytest"},{"name":"language","value":"cpython3"},{"name":"package","value":"hw.code.test_profile"},{"name":"resultFormat","value":"allure2"}],"parameters":[],"links":[],"hidden":false,"retry":false,"extra":{"severity":"normal","retries":[],"categories":[{"name":"Test defects","matchedStatuses":[],"flaky":false}],"history":{"statistic":{"failed":0,"broken":4,"skipped":0,"passed":2,"unknown":0,"total":6},"items":[{"uid":"880b22866b8e4a98","reportUrl":"https://tUnknownLegend.github.io/e2e-selenium-TP/49//#testresult/880b22866b8e4a98","status":"broken","statusDetails":"selenium.common.exceptions.TimeoutException: Message: \nStacktrace:\n#0 0x55a624241133 <unknown>\n#1 0x55a623f75966 <unknown>\n#2 0x55a623fb20dc <unknown>\n#3 0x55a623fb2211 <unknown>\n#4 0x55a623fec6c4 <unknown>\n#5 0x55a623fd1bfd <unknown>\n#6 0x55a623fea1c7 <unknown>\n#7 0x55a623fd19a3 <unknown>\n#8 0x55a623fa646a <unknown>\n#9 0x55a623fa755e <unknown>\n#10 0x55a624200cae <unknown>\n#11 0x55a6242048fe <unknown>\n#12 0x55a62420df20 <unknown>\n#13 0x55a624205923 <unknown>\n#14 0x55a6241d8c0e <unknown>\n#15 0x55a624228b08 <unknown>\n#16 0x55a624228c97 <unknown>\n#17 0x55a624239113 <unknown>\n#18 0x7ff4cb0cdb43 <unknown>","time":{"start":1683827286112,"stop":1683827291830,"duration":5718}},{"uid":"73161ca1cea524eb","reportUrl":"https://tUnknownLegend.github.io/e2e-selenium-TP/48//#testresult/73161ca1cea524eb","status":"passed","time":{"start":1683826412438,"stop":1683826414221,"duration":1783}},{"uid":"bb222813418bcb68","reportUrl":"https://tUnknownLegend.github.io/e2e-selenium-TP/47//#testresult/bb222813418bcb68","status":"passed","time":{"start":1683826345759,"stop":1683826347854,"duration":2095}},{"uid":"3e23e64244df741a","reportUrl":"https://tUnknownLegend.github.io/e2e-selenium-TP/45//#testresult/3e23e64244df741a","status":"broken","statusDetails":"selenium.common.exceptions.TimeoutException: Message: \nStacktrace:\n#0 0x55e2813fd133 <unknown>\n#1 0x55e281131966 <unknown>\n#2 0x55e28116e0dc <unknown>\n#3 0x55e28116e211 <unknown>\n#4 0x55e2811a86c4 <unknown>\n#5 0x55e28118dbfd <unknown>\n#6 0x55e2811a61c7 <unknown>\n#7 0x55e28118d9a3 <unknown>\n#8 0x55e28116246a <unknown>\n#9 0x55e28116355e <unknown>\n#10 0x55e2813bccae <unknown>\n#11 0x55e2813c08fe <unknown>\n#12 0x55e2813c9f20 <unknown>\n#13 0x55e2813c1923 <unknown>\n#14 0x55e281394c0e <unknown>\n#15 0x55e2813e4b08 <unknown>\n#16 0x55e2813e4c97 <unknown>\n#17 0x55e2813f5113 <unknown>\n#18 0x7fecc3d63b43 <unknown>","time":{"start":1683816284101,"stop":1683816294718,"duration":10617}},{"uid":"614706141ef9df88","reportUrl":"https://tUnknownLegend.github.io/e2e-selenium-TP/44//#testresult/614706141ef9df88","status":"broken","statusDetails":"selenium.common.exceptions.TimeoutException: Message: \nStacktrace:\n#0 0x55896923d133 <unknown>\n#1 0x558968f71966 <unknown>\n#2 0x558968fae0dc <unknown>\n#3 0x558968fae211 <unknown>\n#4 0x558968fe86c4 <unknown>\n#5 0x558968fcdbfd <unknown>\n#6 0x558968fe61c7 <unknown>\n#7 0x558968fcd9a3 <unknown>\n#8 0x558968fa246a <unknown>\n#9 0x558968fa355e <unknown>\n#10 0x5589691fccae <unknown>\n#11 0x5589692008fe <unknown>\n#12 0x558969209f20 <unknown>\n#13 0x558969201923 <unknown>\n#14 0x5589691d4c0e <unknown>\n#15 0x558969224b08 <unknown>\n#16 0x558969224c97 <unknown>\n#17 0x558969235113 <unknown>\n#18 0x7f9dfc6c0b43 <unknown>","time":{"start":1683816016369,"stop":1683816027053,"duration":10684}}]},"tags":[]},"source":"af19815d5e09244d.json","parameterValues":[]}