{"uid":"36a95a7453ed00fb","name":"test_scroll_buttons","fullName":"hw.code.test_horizontal_catalog_product_page.TestHorizontalScroll#test_scroll_buttons","historyId":"7e75d771050f04f38ae62437d3abd3e2","time":{"start":1683794119279,"stop":1683794120612,"duration":1333},"status":"broken","statusMessage":"selenium.common.exceptions.NoSuchElementException: Message: no such element: Unable to locate element: {\"method\":\"xpath\",\"selector\":\"//div[@class=\"content__horizontal-scroll\"][1]\"}\n  (Session info: chrome=113.0.5672.63)\nStacktrace:\n#0 0x564a251c7133 <unknown>\n#1 0x564a24efb966 <unknown>\n#2 0x564a24f380dc <unknown>\n#3 0x564a24f38211 <unknown>\n#4 0x564a24f726c4 <unknown>\n#5 0x564a24f57bfd <unknown>\n#6 0x564a24f701c7 <unknown>\n#7 0x564a24f579a3 <unknown>\n#8 0x564a24f2c46a <unknown>\n#9 0x564a24f2d55e <unknown>\n#10 0x564a25186cae <unknown>\n#11 0x564a2518a8fe <unknown>\n#12 0x564a25193f20 <unknown>\n#13 0x564a2518b923 <unknown>\n#14 0x564a2515ec0e <unknown>\n#15 0x564a251aeb08 <unknown>\n#16 0x564a251aec97 <unknown>\n#17 0x564a251bf113 <unknown>\n#18 0x7fe1850d1b43 <unknown>","statusTrace":"newSelf = <test_horizontal_catalog_product_page.TestHorizontalScroll object at 0x7f1e70f612b0>\n\n    def wrapper(newSelf):\n        self.render_page()\n>       func(newSelf)\n\nhw/code/ui/pages/base_page.py:58: \n_ _ _ _ _ _ _ _ _ _ _ _ _ _ _ _ _ _ _ _ _ _ _ _ _ _ _ _ _ _ _ _ _ _ _ _ _ _ _ _ \nhw/code/test_horizontal_catalog_product_page.py:20: in test_scroll_buttons\n    self.horizontalScroll.scrollToTheContainer()\nhw/code/ui/pages/horizontal_scroll_catalog_locators.py:48: in scrollToTheContainer\n    self.scrollToLocator(self.locators.GET_SCROLL_CONTAINER(index))\nhw/code/ui/pages/base_page.py:70: in scrollToLocator\n    element = self.driver.find_element(locator[0], locator[1])\n/opt/hostedtoolcache/Python/3.9.16/x64/lib/python3.9/site-packages/selenium/webdriver/remote/webdriver.py:831: in find_element\n    return self.execute(Command.FIND_ELEMENT, {\"using\": by, \"value\": value})[\"value\"]\n/opt/hostedtoolcache/Python/3.9.16/x64/lib/python3.9/site-packages/selenium/webdriver/remote/webdriver.py:440: in execute\n    self.error_handler.check_response(response)\n_ _ _ _ _ _ _ _ _ _ _ _ _ _ _ _ _ _ _ _ _ _ _ _ _ _ _ _ _ _ _ _ _ _ _ _ _ _ _ _ \n\nself = <selenium.webdriver.remote.errorhandler.ErrorHandler object at 0x7f1e721e3910>\nresponse = {'status': 404, 'value': '{\"value\":{\"error\":\"no such element\",\"message\":\"no such element: Unable to locate element: {\\...\\\\n#16 0x564a251aec97 \\\\u003Cunknown>\\\\n#17 0x564a251bf113 \\\\u003Cunknown>\\\\n#18 0x7fe1850d1b43 \\\\u003Cunknown>\\\\n\"}}'}\n\n    def check_response(self, response: Dict[str, Any]) -> None:\n        \"\"\"Checks that a JSON response from the WebDriver does not have an\n        error.\n    \n        :Args:\n         - response - The JSON response from the WebDriver server as a dictionary\n           object.\n    \n        :Raises: If the response contains an error message.\n        \"\"\"\n        status = response.get(\"status\", None)\n        if not status or status == ErrorCode.SUCCESS:\n            return\n        value = None\n        message = response.get(\"message\", \"\")\n        screen: str = response.get(\"screen\", \"\")\n        stacktrace = None\n        if isinstance(status, int):\n            value_json = response.get(\"value\", None)\n            if value_json and isinstance(value_json, str):\n                import json\n    \n                try:\n                    value = json.loads(value_json)\n                    if len(value) == 1:\n                        value = value[\"value\"]\n                    status = value.get(\"error\", None)\n                    if not status:\n                        status = value.get(\"status\", ErrorCode.UNKNOWN_ERROR)\n                        message = value.get(\"value\") or value.get(\"message\")\n                        if not isinstance(message, str):\n                            value = message\n                            message = message.get(\"message\")\n                    else:\n                        message = value.get(\"message\", None)\n                except ValueError:\n                    pass\n    \n        exception_class: Type[WebDriverException]\n        if status in ErrorCode.NO_SUCH_ELEMENT:\n            exception_class = NoSuchElementException\n        elif status in ErrorCode.NO_SUCH_FRAME:\n            exception_class = NoSuchFrameException\n        elif status in ErrorCode.NO_SUCH_SHADOW_ROOT:\n            exception_class = NoSuchShadowRootException\n        elif status in ErrorCode.NO_SUCH_WINDOW:\n            exception_class = NoSuchWindowException\n        elif status in ErrorCode.STALE_ELEMENT_REFERENCE:\n            exception_class = StaleElementReferenceException\n        elif status in ErrorCode.ELEMENT_NOT_VISIBLE:\n            exception_class = ElementNotVisibleException\n        elif status in ErrorCode.INVALID_ELEMENT_STATE:\n            exception_class = InvalidElementStateException\n        elif (\n            status in ErrorCode.INVALID_SELECTOR\n            or status in ErrorCode.INVALID_XPATH_SELECTOR\n            or status in ErrorCode.INVALID_XPATH_SELECTOR_RETURN_TYPER\n        ):\n            exception_class = InvalidSelectorException\n        elif status in ErrorCode.ELEMENT_IS_NOT_SELECTABLE:\n            exception_class = ElementNotSelectableException\n        elif status in ErrorCode.ELEMENT_NOT_INTERACTABLE:\n            exception_class = ElementNotInteractableException\n        elif status in ErrorCode.INVALID_COOKIE_DOMAIN:\n            exception_class = InvalidCookieDomainException\n        elif status in ErrorCode.UNABLE_TO_SET_COOKIE:\n            exception_class = UnableToSetCookieException\n        elif status in ErrorCode.TIMEOUT:\n            exception_class = TimeoutException\n        elif status in ErrorCode.SCRIPT_TIMEOUT:\n            exception_class = TimeoutException\n        elif status in ErrorCode.UNKNOWN_ERROR:\n            exception_class = WebDriverException\n        elif status in ErrorCode.UNEXPECTED_ALERT_OPEN:\n            exception_class = UnexpectedAlertPresentException\n        elif status in ErrorCode.NO_ALERT_OPEN:\n            exception_class = NoAlertPresentException\n        elif status in ErrorCode.IME_NOT_AVAILABLE:\n            exception_class = ImeNotAvailableException\n        elif status in ErrorCode.IME_ENGINE_ACTIVATION_FAILED:\n            exception_class = ImeActivationFailedException\n        elif status in ErrorCode.MOVE_TARGET_OUT_OF_BOUNDS:\n            exception_class = MoveTargetOutOfBoundsException\n        elif status in ErrorCode.JAVASCRIPT_ERROR:\n            exception_class = JavascriptException\n        elif status in ErrorCode.SESSION_NOT_CREATED:\n            exception_class = SessionNotCreatedException\n        elif status in ErrorCode.INVALID_ARGUMENT:\n            exception_class = InvalidArgumentException\n        elif status in ErrorCode.NO_SUCH_COOKIE:\n            exception_class = NoSuchCookieException\n        elif status in ErrorCode.UNABLE_TO_CAPTURE_SCREEN:\n            exception_class = ScreenshotException\n        elif status in ErrorCode.ELEMENT_CLICK_INTERCEPTED:\n            exception_class = ElementClickInterceptedException\n        elif status in ErrorCode.INSECURE_CERTIFICATE:\n            exception_class = InsecureCertificateException\n        elif status in ErrorCode.INVALID_COORDINATES:\n            exception_class = InvalidCoordinatesException\n        elif status in ErrorCode.INVALID_SESSION_ID:\n            exception_class = InvalidSessionIdException\n        elif status in ErrorCode.UNKNOWN_METHOD:\n            exception_class = UnknownMethodException\n        else:\n            exception_class = WebDriverException\n        if not value:\n            value = response[\"value\"]\n        if isinstance(value, str):\n            raise exception_class(value)\n        if message == \"\" and \"message\" in value:\n            message = value[\"message\"]\n    \n        screen = None  # type: ignore[assignment]\n        if \"screen\" in value:\n            screen = value[\"screen\"]\n    \n        stacktrace = None\n        st_value = value.get(\"stackTrace\") or value.get(\"stacktrace\")\n        if st_value:\n            if isinstance(st_value, str):\n                stacktrace = st_value.split(\"\\n\")\n            else:\n                stacktrace = []\n                try:\n                    for frame in st_value:\n                        line = frame.get(\"lineNumber\", \"\")\n                        file = frame.get(\"fileName\", \"<anonymous>\")\n                        if line:\n                            file = f\"{file}:{line}\"\n                        meth = frame.get(\"methodName\", \"<anonymous>\")\n                        if \"className\" in frame:\n                            meth = f\"{frame['className']}.{meth}\"\n                        msg = \"    at %s (%s)\"\n                        msg = msg % (meth, file)\n                        stacktrace.append(msg)\n                except TypeError:\n                    pass\n        if exception_class == UnexpectedAlertPresentException:\n            alert_text = None\n            if \"data\" in value:\n                alert_text = value[\"data\"].get(\"text\")\n            elif \"alert\" in value:\n                alert_text = value[\"alert\"].get(\"text\")\n            raise exception_class(message, screen, stacktrace, alert_text)  # type: ignore[call-arg]  # mypy is not smart enough here\n>       raise exception_class(message, screen, stacktrace)\nE       selenium.common.exceptions.NoSuchElementException: Message: no such element: Unable to locate element: {\"method\":\"xpath\",\"selector\":\"//div[@class=\"content__horizontal-scroll\"][1]\"}\nE         (Session info: chrome=113.0.5672.63)\nE       Stacktrace:\nE       #0 0x564a251c7133 <unknown>\nE       #1 0x564a24efb966 <unknown>\nE       #2 0x564a24f380dc <unknown>\nE       #3 0x564a24f38211 <unknown>\nE       #4 0x564a24f726c4 <unknown>\nE       #5 0x564a24f57bfd <unknown>\nE       #6 0x564a24f701c7 <unknown>\nE       #7 0x564a24f579a3 <unknown>\nE       #8 0x564a24f2c46a <unknown>\nE       #9 0x564a24f2d55e <unknown>\nE       #10 0x564a25186cae <unknown>\nE       #11 0x564a2518a8fe <unknown>\nE       #12 0x564a25193f20 <unknown>\nE       #13 0x564a2518b923 <unknown>\nE       #14 0x564a2515ec0e <unknown>\nE       #15 0x564a251aeb08 <unknown>\nE       #16 0x564a251aec97 <unknown>\nE       #17 0x564a251bf113 <unknown>\nE       #18 0x7fe1850d1b43 <unknown>\n\n/opt/hostedtoolcache/Python/3.9.16/x64/lib/python3.9/site-packages/selenium/webdriver/remote/errorhandler.py:245: NoSuchElementException","flaky":false,"newFailed":false,"newBroken":true,"newPassed":false,"retriesCount":0,"retriesStatusChange":false,"beforeStages":[],"testStage":{"status":"broken","statusMessage":"selenium.common.exceptions.NoSuchElementException: Message: no such element: Unable to locate element: {\"method\":\"xpath\",\"selector\":\"//div[@class=\"content__horizontal-scroll\"][1]\"}\n  (Session info: chrome=113.0.5672.63)\nStacktrace:\n#0 0x564a251c7133 <unknown>\n#1 0x564a24efb966 <unknown>\n#2 0x564a24f380dc <unknown>\n#3 0x564a24f38211 <unknown>\n#4 0x564a24f726c4 <unknown>\n#5 0x564a24f57bfd <unknown>\n#6 0x564a24f701c7 <unknown>\n#7 0x564a24f579a3 <unknown>\n#8 0x564a24f2c46a <unknown>\n#9 0x564a24f2d55e <unknown>\n#10 0x564a25186cae <unknown>\n#11 0x564a2518a8fe <unknown>\n#12 0x564a25193f20 <unknown>\n#13 0x564a2518b923 <unknown>\n#14 0x564a2515ec0e <unknown>\n#15 0x564a251aeb08 <unknown>\n#16 0x564a251aec97 <unknown>\n#17 0x564a251bf113 <unknown>\n#18 0x7fe1850d1b43 <unknown>","statusTrace":"newSelf = <test_horizontal_catalog_product_page.TestHorizontalScroll object at 0x7f1e70f612b0>\n\n    def wrapper(newSelf):\n        self.render_page()\n>       func(newSelf)\n\nhw/code/ui/pages/base_page.py:58: \n_ _ _ _ _ _ _ _ _ _ _ _ _ _ _ _ _ _ _ _ _ _ _ _ _ _ _ _ _ _ _ _ _ _ _ _ _ _ _ _ \nhw/code/test_horizontal_catalog_product_page.py:20: in test_scroll_buttons\n    self.horizontalScroll.scrollToTheContainer()\nhw/code/ui/pages/horizontal_scroll_catalog_locators.py:48: in scrollToTheContainer\n    self.scrollToLocator(self.locators.GET_SCROLL_CONTAINER(index))\nhw/code/ui/pages/base_page.py:70: in scrollToLocator\n    element = self.driver.find_element(locator[0], locator[1])\n/opt/hostedtoolcache/Python/3.9.16/x64/lib/python3.9/site-packages/selenium/webdriver/remote/webdriver.py:831: in find_element\n    return self.execute(Command.FIND_ELEMENT, {\"using\": by, \"value\": value})[\"value\"]\n/opt/hostedtoolcache/Python/3.9.16/x64/lib/python3.9/site-packages/selenium/webdriver/remote/webdriver.py:440: in execute\n    self.error_handler.check_response(response)\n_ _ _ _ _ _ _ _ _ _ _ _ _ _ _ _ _ _ _ _ _ _ _ _ _ _ _ _ _ _ _ _ _ _ _ _ _ _ _ _ \n\nself = <selenium.webdriver.remote.errorhandler.ErrorHandler object at 0x7f1e721e3910>\nresponse = {'status': 404, 'value': '{\"value\":{\"error\":\"no such element\",\"message\":\"no such element: Unable to locate element: {\\...\\\\n#16 0x564a251aec97 \\\\u003Cunknown>\\\\n#17 0x564a251bf113 \\\\u003Cunknown>\\\\n#18 0x7fe1850d1b43 \\\\u003Cunknown>\\\\n\"}}'}\n\n    def check_response(self, response: Dict[str, Any]) -> None:\n        \"\"\"Checks that a JSON response from the WebDriver does not have an\n        error.\n    \n        :Args:\n         - response - The JSON response from the WebDriver server as a dictionary\n           object.\n    \n        :Raises: If the response contains an error message.\n        \"\"\"\n        status = response.get(\"status\", None)\n        if not status or status == ErrorCode.SUCCESS:\n            return\n        value = None\n        message = response.get(\"message\", \"\")\n        screen: str = response.get(\"screen\", \"\")\n        stacktrace = None\n        if isinstance(status, int):\n            value_json = response.get(\"value\", None)\n            if value_json and isinstance(value_json, str):\n                import json\n    \n                try:\n                    value = json.loads(value_json)\n                    if len(value) == 1:\n                        value = value[\"value\"]\n                    status = value.get(\"error\", None)\n                    if not status:\n                        status = value.get(\"status\", ErrorCode.UNKNOWN_ERROR)\n                        message = value.get(\"value\") or value.get(\"message\")\n                        if not isinstance(message, str):\n                            value = message\n                            message = message.get(\"message\")\n                    else:\n                        message = value.get(\"message\", None)\n                except ValueError:\n                    pass\n    \n        exception_class: Type[WebDriverException]\n        if status in ErrorCode.NO_SUCH_ELEMENT:\n            exception_class = NoSuchElementException\n        elif status in ErrorCode.NO_SUCH_FRAME:\n            exception_class = NoSuchFrameException\n        elif status in ErrorCode.NO_SUCH_SHADOW_ROOT:\n            exception_class = NoSuchShadowRootException\n        elif status in ErrorCode.NO_SUCH_WINDOW:\n            exception_class = NoSuchWindowException\n        elif status in ErrorCode.STALE_ELEMENT_REFERENCE:\n            exception_class = StaleElementReferenceException\n        elif status in ErrorCode.ELEMENT_NOT_VISIBLE:\n            exception_class = ElementNotVisibleException\n        elif status in ErrorCode.INVALID_ELEMENT_STATE:\n            exception_class = InvalidElementStateException\n        elif (\n            status in ErrorCode.INVALID_SELECTOR\n            or status in ErrorCode.INVALID_XPATH_SELECTOR\n            or status in ErrorCode.INVALID_XPATH_SELECTOR_RETURN_TYPER\n        ):\n            exception_class = InvalidSelectorException\n        elif status in ErrorCode.ELEMENT_IS_NOT_SELECTABLE:\n            exception_class = ElementNotSelectableException\n        elif status in ErrorCode.ELEMENT_NOT_INTERACTABLE:\n            exception_class = ElementNotInteractableException\n        elif status in ErrorCode.INVALID_COOKIE_DOMAIN:\n            exception_class = InvalidCookieDomainException\n        elif status in ErrorCode.UNABLE_TO_SET_COOKIE:\n            exception_class = UnableToSetCookieException\n        elif status in ErrorCode.TIMEOUT:\n            exception_class = TimeoutException\n        elif status in ErrorCode.SCRIPT_TIMEOUT:\n            exception_class = TimeoutException\n        elif status in ErrorCode.UNKNOWN_ERROR:\n            exception_class = WebDriverException\n        elif status in ErrorCode.UNEXPECTED_ALERT_OPEN:\n            exception_class = UnexpectedAlertPresentException\n        elif status in ErrorCode.NO_ALERT_OPEN:\n            exception_class = NoAlertPresentException\n        elif status in ErrorCode.IME_NOT_AVAILABLE:\n            exception_class = ImeNotAvailableException\n        elif status in ErrorCode.IME_ENGINE_ACTIVATION_FAILED:\n            exception_class = ImeActivationFailedException\n        elif status in ErrorCode.MOVE_TARGET_OUT_OF_BOUNDS:\n            exception_class = MoveTargetOutOfBoundsException\n        elif status in ErrorCode.JAVASCRIPT_ERROR:\n            exception_class = JavascriptException\n        elif status in ErrorCode.SESSION_NOT_CREATED:\n            exception_class = SessionNotCreatedException\n        elif status in ErrorCode.INVALID_ARGUMENT:\n            exception_class = InvalidArgumentException\n        elif status in ErrorCode.NO_SUCH_COOKIE:\n            exception_class = NoSuchCookieException\n        elif status in ErrorCode.UNABLE_TO_CAPTURE_SCREEN:\n            exception_class = ScreenshotException\n        elif status in ErrorCode.ELEMENT_CLICK_INTERCEPTED:\n            exception_class = ElementClickInterceptedException\n        elif status in ErrorCode.INSECURE_CERTIFICATE:\n            exception_class = InsecureCertificateException\n        elif status in ErrorCode.INVALID_COORDINATES:\n            exception_class = InvalidCoordinatesException\n        elif status in ErrorCode.INVALID_SESSION_ID:\n            exception_class = InvalidSessionIdException\n        elif status in ErrorCode.UNKNOWN_METHOD:\n            exception_class = UnknownMethodException\n        else:\n            exception_class = WebDriverException\n        if not value:\n            value = response[\"value\"]\n        if isinstance(value, str):\n            raise exception_class(value)\n        if message == \"\" and \"message\" in value:\n            message = value[\"message\"]\n    \n        screen = None  # type: ignore[assignment]\n        if \"screen\" in value:\n            screen = value[\"screen\"]\n    \n        stacktrace = None\n        st_value = value.get(\"stackTrace\") or value.get(\"stacktrace\")\n        if st_value:\n            if isinstance(st_value, str):\n                stacktrace = st_value.split(\"\\n\")\n            else:\n                stacktrace = []\n                try:\n                    for frame in st_value:\n                        line = frame.get(\"lineNumber\", \"\")\n                        file = frame.get(\"fileName\", \"<anonymous>\")\n                        if line:\n                            file = f\"{file}:{line}\"\n                        meth = frame.get(\"methodName\", \"<anonymous>\")\n                        if \"className\" in frame:\n                            meth = f\"{frame['className']}.{meth}\"\n                        msg = \"    at %s (%s)\"\n                        msg = msg % (meth, file)\n                        stacktrace.append(msg)\n                except TypeError:\n                    pass\n        if exception_class == UnexpectedAlertPresentException:\n            alert_text = None\n            if \"data\" in value:\n                alert_text = value[\"data\"].get(\"text\")\n            elif \"alert\" in value:\n                alert_text = value[\"alert\"].get(\"text\")\n            raise exception_class(message, screen, stacktrace, alert_text)  # type: ignore[call-arg]  # mypy is not smart enough here\n>       raise exception_class(message, screen, stacktrace)\nE       selenium.common.exceptions.NoSuchElementException: Message: no such element: Unable to locate element: {\"method\":\"xpath\",\"selector\":\"//div[@class=\"content__horizontal-scroll\"][1]\"}\nE         (Session info: chrome=113.0.5672.63)\nE       Stacktrace:\nE       #0 0x564a251c7133 <unknown>\nE       #1 0x564a24efb966 <unknown>\nE       #2 0x564a24f380dc <unknown>\nE       #3 0x564a24f38211 <unknown>\nE       #4 0x564a24f726c4 <unknown>\nE       #5 0x564a24f57bfd <unknown>\nE       #6 0x564a24f701c7 <unknown>\nE       #7 0x564a24f579a3 <unknown>\nE       #8 0x564a24f2c46a <unknown>\nE       #9 0x564a24f2d55e <unknown>\nE       #10 0x564a25186cae <unknown>\nE       #11 0x564a2518a8fe <unknown>\nE       #12 0x564a25193f20 <unknown>\nE       #13 0x564a2518b923 <unknown>\nE       #14 0x564a2515ec0e <unknown>\nE       #15 0x564a251aeb08 <unknown>\nE       #16 0x564a251aec97 <unknown>\nE       #17 0x564a251bf113 <unknown>\nE       #18 0x7fe1850d1b43 <unknown>\n\n/opt/hostedtoolcache/Python/3.9.16/x64/lib/python3.9/site-packages/selenium/webdriver/remote/errorhandler.py:245: NoSuchElementException","steps":[{"name":"scroll to the container","time":{"start":1683794120598,"stop":1683794120612,"duration":14},"status":"broken","statusMessage":"selenium.common.exceptions.NoSuchElementException: Message: no such element: Unable to locate element: {\"method\":\"xpath\",\"selector\":\"//div[@class=\"content__horizontal-scroll\"][1]\"}\n  (Session info: chrome=113.0.5672.63)\nStacktrace:\n#0 0x564a251c7133 <unknown>\n#1 0x564a24efb966 <unknown>\n#2 0x564a24f380dc <unknown>\n#3 0x564a24f38211 <unknown>\n#4 0x564a24f726c4 <unknown>\n#5 0x564a24f57bfd <unknown>\n#6 0x564a24f701c7 <unknown>\n#7 0x564a24f579a3 <unknown>\n#8 0x564a24f2c46a <unknown>\n#9 0x564a24f2d55e <unknown>\n#10 0x564a25186cae <unknown>\n#11 0x564a2518a8fe <unknown>\n#12 0x564a25193f20 <unknown>\n#13 0x564a2518b923 <unknown>\n#14 0x564a2515ec0e <unknown>\n#15 0x564a251aeb08 <unknown>\n#16 0x564a251aec97 <unknown>\n#17 0x564a251bf113 <unknown>\n#18 0x7fe1850d1b43 <unknown>\n\n","statusTrace":"  File \"/home/runner/work/e2e-selenium-TP/e2e-selenium-TP/hw/code/test_horizontal_catalog_product_page.py\", line 20, in test_scroll_buttons\n    self.horizontalScroll.scrollToTheContainer()\n  File \"/home/runner/work/e2e-selenium-TP/e2e-selenium-TP/hw/code/ui/pages/horizontal_scroll_catalog_locators.py\", line 48, in scrollToTheContainer\n    self.scrollToLocator(self.locators.GET_SCROLL_CONTAINER(index))\n  File \"/home/runner/work/e2e-selenium-TP/e2e-selenium-TP/hw/code/ui/pages/base_page.py\", line 70, in scrollToLocator\n    element = self.driver.find_element(locator[0], locator[1])\n  File \"/opt/hostedtoolcache/Python/3.9.16/x64/lib/python3.9/site-packages/selenium/webdriver/remote/webdriver.py\", line 831, in find_element\n    return self.execute(Command.FIND_ELEMENT, {\"using\": by, \"value\": value})[\"value\"]\n  File \"/opt/hostedtoolcache/Python/3.9.16/x64/lib/python3.9/site-packages/selenium/webdriver/remote/webdriver.py\", line 440, in execute\n    self.error_handler.check_response(response)\n  File \"/opt/hostedtoolcache/Python/3.9.16/x64/lib/python3.9/site-packages/selenium/webdriver/remote/errorhandler.py\", line 245, in check_response\n    raise exception_class(message, screen, stacktrace)\n","steps":[],"attachments":[],"parameters":[],"stepsCount":0,"attachmentsCount":0,"shouldDisplayMessage":true,"hasContent":true}],"attachments":[],"parameters":[],"stepsCount":1,"attachmentsCount":0,"shouldDisplayMessage":true,"hasContent":true},"afterStages":[],"labels":[{"name":"story","value":"scroll"},{"name":"feature","value":"Test product recommendations"},{"name":"parentSuite","value":"hw.code"},{"name":"suite","value":"test_horizontal_catalog_product_page"},{"name":"subSuite","value":"TestHorizontalScroll"},{"name":"host","value":"fv-az587-681"},{"name":"thread","value":"3855-MainThread"},{"name":"framework","value":"pytest"},{"name":"language","value":"cpython3"},{"name":"package","value":"hw.code.test_horizontal_catalog_product_page"},{"name":"resultFormat","value":"allure2"}],"parameters":[],"links":[],"hidden":false,"retry":false,"extra":{"severity":"normal","retries":[],"categories":[{"name":"Test defects","matchedStatuses":[],"flaky":false}],"history":{"statistic":{"failed":0,"broken":3,"skipped":0,"passed":3,"unknown":0,"total":6},"items":[{"uid":"c6579a9b50c22013","reportUrl":"https://tUnknownLegend.github.io/e2e-selenium-TP/27//#testresult/c6579a9b50c22013","status":"passed","time":{"start":1683775644400,"stop":1683775652646,"duration":8246}},{"uid":"65285cf5a22e40fd","reportUrl":"https://tUnknownLegend.github.io/e2e-selenium-TP/26//#testresult/65285cf5a22e40fd","status":"passed","time":{"start":1683775621585,"stop":1683775630081,"duration":8496}},{"uid":"db21fdae234d40b5","reportUrl":"https://tUnknownLegend.github.io/e2e-selenium-TP/25//#testresult/db21fdae234d40b5","status":"broken","statusDetails":"selenium.common.exceptions.NoSuchElementException: Message: no such element: Unable to locate element: {\"method\":\"xpath\",\"selector\":\"//div[@class=\"content__horizontal-scroll\"][1]\"}\n  (Session info: chrome=112.0.5615.165)\nStacktrace:\n#0 0x560feb66bfe3 <unknown>\n#1 0x560feb3aad36 <unknown>\n#2 0x560feb3e7c4d <unknown>\n#3 0x560feb3e7d61 <unknown>\n#4 0x560feb4236a4 <unknown>\n#5 0x560feb4088ed <unknown>\n#6 0x560feb421232 <unknown>\n#7 0x560feb408693 <unknown>\n#8 0x560feb3db03a <unknown>\n#9 0x560feb3dc17e <unknown>\n#10 0x560feb62ddbd <unknown>\n#11 0x560feb631c6c <unknown>\n#12 0x560feb63b4b0 <unknown>\n#13 0x560feb632d63 <unknown>\n#14 0x560feb605c35 <unknown>\n#15 0x560feb656138 <unknown>\n#16 0x560feb6562c7 <unknown>\n#17 0x560feb664093 <unknown>\n#18 0x7fec7d497b43 <unknown>","time":{"start":1683749800107,"stop":1683749801507,"duration":1400}},{"uid":"21948732cffcb030","reportUrl":"https://tUnknownLegend.github.io/e2e-selenium-TP/24//#testresult/21948732cffcb030","status":"broken","statusDetails":"selenium.common.exceptions.NoSuchElementException: Message: no such element: Unable to locate element: {\"method\":\"xpath\",\"selector\":\"//div[@class=\"content__horizontal-scroll\"][1]\"}\n  (Session info: chrome=112.0.5615.165)\nStacktrace:\n#0 0x5628f4704fe3 <unknown>\n#1 0x5628f4443d36 <unknown>\n#2 0x5628f4480c4d <unknown>\n#3 0x5628f4480d61 <unknown>\n#4 0x5628f44bc6a4 <unknown>\n#5 0x5628f44a18ed <unknown>\n#6 0x5628f44ba232 <unknown>\n#7 0x5628f44a1693 <unknown>\n#8 0x5628f447403a <unknown>\n#9 0x5628f447517e <unknown>\n#10 0x5628f46c6dbd <unknown>\n#11 0x5628f46cac6c <unknown>\n#12 0x5628f46d44b0 <unknown>\n#13 0x5628f46cbd63 <unknown>\n#14 0x5628f469ec35 <unknown>\n#15 0x5628f46ef138 <unknown>\n#16 0x5628f46ef2c7 <unknown>\n#17 0x5628f46fd093 <unknown>\n#18 0x7f3b70b00b43 <unknown>","time":{"start":1683749340515,"stop":1683749341903,"duration":1388}},{"uid":"4807c6c5a67c2513","reportUrl":"https://tUnknownLegend.github.io/e2e-selenium-TP/23//#testresult/4807c6c5a67c2513","status":"passed","time":{"start":1683638320760,"stop":1683638329209,"duration":8449}}]},"tags":[]},"source":"36a95a7453ed00fb.json","parameterValues":[]}