{"uid":"cba141f72013640","name":"test_product_add_comment_change_count","fullName":"hw.code.test_cart_count.TestChangeItemCountInCart#test_product_add_comment_change_count","historyId":"ea0b5fba878cdb08421c08da70858b31","time":{"start":1683797484399,"stop":1683797487743,"duration":3344},"status":"broken","statusMessage":"selenium.common.exceptions.TimeoutException: Message: \nStacktrace:\n#0 0x564f552b5133 <unknown>\n#1 0x564f54fe9966 <unknown>\n#2 0x564f550260dc <unknown>\n#3 0x564f55026211 <unknown>\n#4 0x564f550606c4 <unknown>\n#5 0x564f55045bfd <unknown>\n#6 0x564f5505e1c7 <unknown>\n#7 0x564f550459a3 <unknown>\n#8 0x564f5501a46a <unknown>\n#9 0x564f5501b55e <unknown>\n#10 0x564f55274cae <unknown>\n#11 0x564f552788fe <unknown>\n#12 0x564f55281f20 <unknown>\n#13 0x564f55279923 <unknown>\n#14 0x564f5524cc0e <unknown>\n#15 0x564f5529cb08 <unknown>\n#16 0x564f5529cc97 <unknown>\n#17 0x564f552ad113 <unknown>\n#18 0x7fe1b1c2fb43 <unknown>","statusTrace":"self = <test_cart_count.TestChangeItemCountInCart object at 0x7fa203d24160>\n\n    def test_product_add_comment_change_count(self):\n>       self.addComment.test_auth_change_count_buttons()\n\nhw/code/test_cart_count.py:60: \n_ _ _ _ _ _ _ _ _ _ _ _ _ _ _ _ _ _ _ _ _ _ _ _ _ _ _ _ _ _ _ _ _ _ _ _ _ _ _ _ \nhw/code/ui/components/changeCartCountButton.py:48: in test_auth_change_count_buttons\n    self.header.findLoginPageButton().click()\nhw/code/ui/pages/header.py:13: in findLoginPageButton\n    return self.find(self.locators.OPEN_LOGIN_PAGE_BUTTON)\nhw/code/ui/pages/base_page.py:65: in find\n    self.waitUntilVisible(locator, 3)\nhw/code/ui/pages/base_page.py:81: in waitUntilVisible\n    self.wait(timeout).until(EC.presence_of_element_located(selector))\n_ _ _ _ _ _ _ _ _ _ _ _ _ _ _ _ _ _ _ _ _ _ _ _ _ _ _ _ _ _ _ _ _ _ _ _ _ _ _ _ \n\nself = <selenium.webdriver.support.wait.WebDriverWait (session=\"824566e87c8a0dca3aa5a30400aaf313\")>\nmethod = <function presence_of_element_located.<locals>._predicate at 0x7fa206054e50>\nmessage = ''\n\n    def until(self, method, message: str = \"\"):\n        \"\"\"Calls the method provided with the driver as an argument until the \\\n        return value does not evaluate to ``False``.\n    \n        :param method: callable(WebDriver)\n        :param message: optional message for :exc:`TimeoutException`\n        :returns: the result of the last call to `method`\n        :raises: :exc:`selenium.common.exceptions.TimeoutException` if timeout occurs\n        \"\"\"\n        screen = None\n        stacktrace = None\n    \n        end_time = time.monotonic() + self._timeout\n        while True:\n            try:\n                value = method(self._driver)\n                if value:\n                    return value\n            except self._ignored_exceptions as exc:\n                screen = getattr(exc, \"screen\", None)\n                stacktrace = getattr(exc, \"stacktrace\", None)\n            time.sleep(self._poll)\n            if time.monotonic() > end_time:\n                break\n>       raise TimeoutException(message, screen, stacktrace)\nE       selenium.common.exceptions.TimeoutException: Message: \nE       Stacktrace:\nE       #0 0x564f552b5133 <unknown>\nE       #1 0x564f54fe9966 <unknown>\nE       #2 0x564f550260dc <unknown>\nE       #3 0x564f55026211 <unknown>\nE       #4 0x564f550606c4 <unknown>\nE       #5 0x564f55045bfd <unknown>\nE       #6 0x564f5505e1c7 <unknown>\nE       #7 0x564f550459a3 <unknown>\nE       #8 0x564f5501a46a <unknown>\nE       #9 0x564f5501b55e <unknown>\nE       #10 0x564f55274cae <unknown>\nE       #11 0x564f552788fe <unknown>\nE       #12 0x564f55281f20 <unknown>\nE       #13 0x564f55279923 <unknown>\nE       #14 0x564f5524cc0e <unknown>\nE       #15 0x564f5529cb08 <unknown>\nE       #16 0x564f5529cc97 <unknown>\nE       #17 0x564f552ad113 <unknown>\nE       #18 0x7fe1b1c2fb43 <unknown>\n\n/opt/hostedtoolcache/Python/3.9.16/x64/lib/python3.9/site-packages/selenium/webdriver/support/wait.py:95: TimeoutException","flaky":false,"newFailed":false,"newBroken":true,"newPassed":false,"retriesCount":0,"retriesStatusChange":false,"beforeStages":[],"testStage":{"status":"broken","statusMessage":"selenium.common.exceptions.TimeoutException: Message: \nStacktrace:\n#0 0x564f552b5133 <unknown>\n#1 0x564f54fe9966 <unknown>\n#2 0x564f550260dc <unknown>\n#3 0x564f55026211 <unknown>\n#4 0x564f550606c4 <unknown>\n#5 0x564f55045bfd <unknown>\n#6 0x564f5505e1c7 <unknown>\n#7 0x564f550459a3 <unknown>\n#8 0x564f5501a46a <unknown>\n#9 0x564f5501b55e <unknown>\n#10 0x564f55274cae <unknown>\n#11 0x564f552788fe <unknown>\n#12 0x564f55281f20 <unknown>\n#13 0x564f55279923 <unknown>\n#14 0x564f5524cc0e <unknown>\n#15 0x564f5529cb08 <unknown>\n#16 0x564f5529cc97 <unknown>\n#17 0x564f552ad113 <unknown>\n#18 0x7fe1b1c2fb43 <unknown>","statusTrace":"self = <test_cart_count.TestChangeItemCountInCart object at 0x7fa203d24160>\n\n    def test_product_add_comment_change_count(self):\n>       self.addComment.test_auth_change_count_buttons()\n\nhw/code/test_cart_count.py:60: \n_ _ _ _ _ _ _ _ _ _ _ _ _ _ _ _ _ _ _ _ _ _ _ _ _ _ _ _ _ _ _ _ _ _ _ _ _ _ _ _ \nhw/code/ui/components/changeCartCountButton.py:48: in test_auth_change_count_buttons\n    self.header.findLoginPageButton().click()\nhw/code/ui/pages/header.py:13: in findLoginPageButton\n    return self.find(self.locators.OPEN_LOGIN_PAGE_BUTTON)\nhw/code/ui/pages/base_page.py:65: in find\n    self.waitUntilVisible(locator, 3)\nhw/code/ui/pages/base_page.py:81: in waitUntilVisible\n    self.wait(timeout).until(EC.presence_of_element_located(selector))\n_ _ _ _ _ _ _ _ _ _ _ _ _ _ _ _ _ _ _ _ _ _ _ _ _ _ _ _ _ _ _ _ _ _ _ _ _ _ _ _ \n\nself = <selenium.webdriver.support.wait.WebDriverWait (session=\"824566e87c8a0dca3aa5a30400aaf313\")>\nmethod = <function presence_of_element_located.<locals>._predicate at 0x7fa206054e50>\nmessage = ''\n\n    def until(self, method, message: str = \"\"):\n        \"\"\"Calls the method provided with the driver as an argument until the \\\n        return value does not evaluate to ``False``.\n    \n        :param method: callable(WebDriver)\n        :param message: optional message for :exc:`TimeoutException`\n        :returns: the result of the last call to `method`\n        :raises: :exc:`selenium.common.exceptions.TimeoutException` if timeout occurs\n        \"\"\"\n        screen = None\n        stacktrace = None\n    \n        end_time = time.monotonic() + self._timeout\n        while True:\n            try:\n                value = method(self._driver)\n                if value:\n                    return value\n            except self._ignored_exceptions as exc:\n                screen = getattr(exc, \"screen\", None)\n                stacktrace = getattr(exc, \"stacktrace\", None)\n            time.sleep(self._poll)\n            if time.monotonic() > end_time:\n                break\n>       raise TimeoutException(message, screen, stacktrace)\nE       selenium.common.exceptions.TimeoutException: Message: \nE       Stacktrace:\nE       #0 0x564f552b5133 <unknown>\nE       #1 0x564f54fe9966 <unknown>\nE       #2 0x564f550260dc <unknown>\nE       #3 0x564f55026211 <unknown>\nE       #4 0x564f550606c4 <unknown>\nE       #5 0x564f55045bfd <unknown>\nE       #6 0x564f5505e1c7 <unknown>\nE       #7 0x564f550459a3 <unknown>\nE       #8 0x564f5501a46a <unknown>\nE       #9 0x564f5501b55e <unknown>\nE       #10 0x564f55274cae <unknown>\nE       #11 0x564f552788fe <unknown>\nE       #12 0x564f55281f20 <unknown>\nE       #13 0x564f55279923 <unknown>\nE       #14 0x564f5524cc0e <unknown>\nE       #15 0x564f5529cb08 <unknown>\nE       #16 0x564f5529cc97 <unknown>\nE       #17 0x564f552ad113 <unknown>\nE       #18 0x7fe1b1c2fb43 <unknown>\n\n/opt/hostedtoolcache/Python/3.9.16/x64/lib/python3.9/site-packages/selenium/webdriver/support/wait.py:95: TimeoutException","steps":[{"name":"login","time":{"start":1683797484653,"stop":1683797487742,"duration":3089},"status":"broken","statusMessage":"selenium.common.exceptions.TimeoutException: Message: \nStacktrace:\n#0 0x564f552b5133 <unknown>\n#1 0x564f54fe9966 <unknown>\n#2 0x564f550260dc <unknown>\n#3 0x564f55026211 <unknown>\n#4 0x564f550606c4 <unknown>\n#5 0x564f55045bfd <unknown>\n#6 0x564f5505e1c7 <unknown>\n#7 0x564f550459a3 <unknown>\n#8 0x564f5501a46a <unknown>\n#9 0x564f5501b55e <unknown>\n#10 0x564f55274cae <unknown>\n#11 0x564f552788fe <unknown>\n#12 0x564f55281f20 <unknown>\n#13 0x564f55279923 <unknown>\n#14 0x564f5524cc0e <unknown>\n#15 0x564f5529cb08 <unknown>\n#16 0x564f5529cc97 <unknown>\n#17 0x564f552ad113 <unknown>\n#18 0x7fe1b1c2fb43 <unknown>\n\n","statusTrace":"  File \"/home/runner/work/e2e-selenium-TP/e2e-selenium-TP/hw/code/ui/components/changeCartCountButton.py\", line 48, in test_auth_change_count_buttons\n    self.header.findLoginPageButton().click()\n  File \"/home/runner/work/e2e-selenium-TP/e2e-selenium-TP/hw/code/ui/pages/header.py\", line 13, in findLoginPageButton\n    return self.find(self.locators.OPEN_LOGIN_PAGE_BUTTON)\n  File \"/home/runner/work/e2e-selenium-TP/e2e-selenium-TP/hw/code/ui/pages/base_page.py\", line 65, in find\n    self.waitUntilVisible(locator, 3)\n  File \"/home/runner/work/e2e-selenium-TP/e2e-selenium-TP/hw/code/ui/pages/base_page.py\", line 81, in waitUntilVisible\n    self.wait(timeout).until(EC.presence_of_element_located(selector))\n  File \"/opt/hostedtoolcache/Python/3.9.16/x64/lib/python3.9/site-packages/selenium/webdriver/support/wait.py\", line 95, in until\n    raise TimeoutException(message, screen, stacktrace)\n","steps":[],"attachments":[],"parameters":[],"stepsCount":0,"attachmentsCount":0,"shouldDisplayMessage":true,"hasContent":true}],"attachments":[],"parameters":[],"stepsCount":1,"attachmentsCount":0,"shouldDisplayMessage":true,"hasContent":true},"afterStages":[],"labels":[{"name":"parentSuite","value":"hw.code"},{"name":"suite","value":"test_cart_count"},{"name":"subSuite","value":"TestChangeItemCountInCart"},{"name":"host","value":"fv-az564-471"},{"name":"thread","value":"3855-MainThread"},{"name":"framework","value":"pytest"},{"name":"language","value":"cpython3"},{"name":"package","value":"hw.code.test_cart_count"},{"name":"resultFormat","value":"allure2"}],"parameters":[],"links":[],"hidden":false,"retry":false,"extra":{"severity":"normal","retries":[],"categories":[{"name":"Test defects","matchedStatuses":[],"flaky":false}],"history":{"statistic":{"failed":0,"broken":2,"skipped":0,"passed":7,"unknown":0,"total":9},"items":[{"uid":"5425eaf0eec8db35","reportUrl":"https://tUnknownLegend.github.io/e2e-selenium-TP/32//#testresult/5425eaf0eec8db35","status":"passed","time":{"start":1683797459088,"stop":1683797465142,"duration":6054}},{"uid":"6a779d50ee250b1d","reportUrl":"https://tUnknownLegend.github.io/e2e-selenium-TP/29//#testresult/6a779d50ee250b1d","status":"passed","time":{"start":1683794033755,"stop":1683794038985,"duration":5230}},{"uid":"d4901fe829e48f6f","reportUrl":"https://tUnknownLegend.github.io/e2e-selenium-TP/28//#testresult/d4901fe829e48f6f","status":"passed","time":{"start":1683794013140,"stop":1683794018511,"duration":5371}},{"uid":"457c64e301138482","reportUrl":"https://tUnknownLegend.github.io/e2e-selenium-TP/27//#testresult/457c64e301138482","status":"passed","time":{"start":1683775544150,"stop":1683775549470,"duration":5320}},{"uid":"1192f2fceb98c4dc","reportUrl":"https://tUnknownLegend.github.io/e2e-selenium-TP/26//#testresult/1192f2fceb98c4dc","status":"passed","time":{"start":1683775511882,"stop":1683775517843,"duration":5961}},{"uid":"bd5d9d79bcbfa60a","reportUrl":"https://tUnknownLegend.github.io/e2e-selenium-TP/25//#testresult/bd5d9d79bcbfa60a","status":"passed","time":{"start":1683749751234,"stop":1683749756696,"duration":5462}},{"uid":"e492fa5c9bc843d8","reportUrl":"https://tUnknownLegend.github.io/e2e-selenium-TP/24//#testresult/e492fa5c9bc843d8","status":"broken","statusDetails":"TypeError: object of type 'NoneType' has no len()","time":{"start":1683749305037,"stop":1683749305915,"duration":878}},{"uid":"adfe1c652f62346","reportUrl":"https://tUnknownLegend.github.io/e2e-selenium-TP/23//#testresult/adfe1c652f62346","status":"passed","time":{"start":1683638269891,"stop":1683638275274,"duration":5383}}]},"tags":[]},"source":"cba141f72013640.json","parameterValues":[]}