{"uid":"a07db3501787fa72","name":"test_auth_add_comment_button","fullName":"hw.code.test_view_comment.TestViewComment#test_auth_add_comment_button","historyId":"2f1614276e730b35c3ca7e62ee096bdf","time":{"start":1683638351658,"stop":1683638357413,"duration":5755},"status":"broken","statusMessage":"selenium.common.exceptions.TimeoutException: Message: \nStacktrace:\n#0 0x55e4f124bfe3 <unknown>\n#1 0x55e4f0f8ad36 <unknown>\n#2 0x55e4f0fc7c4d <unknown>\n#3 0x55e4f0fc7d61 <unknown>\n#4 0x55e4f10036a4 <unknown>\n#5 0x55e4f0fe88ed <unknown>\n#6 0x55e4f1001232 <unknown>\n#7 0x55e4f0fe8693 <unknown>\n#8 0x55e4f0fbb03a <unknown>\n#9 0x55e4f0fbc17e <unknown>\n#10 0x55e4f120ddbd <unknown>\n#11 0x55e4f1211c6c <unknown>\n#12 0x55e4f121b4b0 <unknown>\n#13 0x55e4f1212d63 <unknown>\n#14 0x55e4f11e5c35 <unknown>\n#15 0x55e4f1236138 <unknown>\n#16 0x55e4f12362c7 <unknown>\n#17 0x55e4f1244093 <unknown>\n#18 0x7fbc79d42b43 <unknown>","statusTrace":"newSelf = <test_view_comment.TestViewComment object at 0x7f131d1da3a0>\n\n    def wrapper(newSelf):\n        self.render_page()\n>       func(newSelf)\n\nhw/code/ui/pages/base_page.py:39: \n_ _ _ _ _ _ _ _ _ _ _ _ _ _ _ _ _ _ _ _ _ _ _ _ _ _ _ _ _ _ _ _ _ _ _ _ _ _ _ _ \nhw/code/test_view_comment.py:46: in test_auth_add_comment_button\n    self.viewComment.checkErrorAddComment()\nhw/code/ui/pages/view_comment.py:19: in checkErrorAddComment\n    self.checkErrorMessage('Вы уже создали отзыв об этом товаре')\nhw/code/ui/pages/base_page.py:68: in checkErrorMessage\n    errorMessageElement = self.find(\nhw/code/ui/pages/base_page.py:46: in find\n    self.waitUntilVisible(locator, 3)\nhw/code/ui/pages/base_page.py:62: in waitUntilVisible\n    self.wait(timeout).until(EC.presence_of_element_located(selector))\n_ _ _ _ _ _ _ _ _ _ _ _ _ _ _ _ _ _ _ _ _ _ _ _ _ _ _ _ _ _ _ _ _ _ _ _ _ _ _ _ \n\nself = <selenium.webdriver.support.wait.WebDriverWait (session=\"639dd1976616dfb248af28c925aca654\")>\nmethod = <function presence_of_element_located.<locals>._predicate at 0x7f131d100820>\nmessage = ''\n\n    def until(self, method, message: str = \"\"):\n        \"\"\"Calls the method provided with the driver as an argument until the \\\n        return value does not evaluate to ``False``.\n    \n        :param method: callable(WebDriver)\n        :param message: optional message for :exc:`TimeoutException`\n        :returns: the result of the last call to `method`\n        :raises: :exc:`selenium.common.exceptions.TimeoutException` if timeout occurs\n        \"\"\"\n        screen = None\n        stacktrace = None\n    \n        end_time = time.monotonic() + self._timeout\n        while True:\n            try:\n                value = method(self._driver)\n                if value:\n                    return value\n            except self._ignored_exceptions as exc:\n                screen = getattr(exc, \"screen\", None)\n                stacktrace = getattr(exc, \"stacktrace\", None)\n            time.sleep(self._poll)\n            if time.monotonic() > end_time:\n                break\n>       raise TimeoutException(message, screen, stacktrace)\nE       selenium.common.exceptions.TimeoutException: Message: \nE       Stacktrace:\nE       #0 0x55e4f124bfe3 <unknown>\nE       #1 0x55e4f0f8ad36 <unknown>\nE       #2 0x55e4f0fc7c4d <unknown>\nE       #3 0x55e4f0fc7d61 <unknown>\nE       #4 0x55e4f10036a4 <unknown>\nE       #5 0x55e4f0fe88ed <unknown>\nE       #6 0x55e4f1001232 <unknown>\nE       #7 0x55e4f0fe8693 <unknown>\nE       #8 0x55e4f0fbb03a <unknown>\nE       #9 0x55e4f0fbc17e <unknown>\nE       #10 0x55e4f120ddbd <unknown>\nE       #11 0x55e4f1211c6c <unknown>\nE       #12 0x55e4f121b4b0 <unknown>\nE       #13 0x55e4f1212d63 <unknown>\nE       #14 0x55e4f11e5c35 <unknown>\nE       #15 0x55e4f1236138 <unknown>\nE       #16 0x55e4f12362c7 <unknown>\nE       #17 0x55e4f1244093 <unknown>\nE       #18 0x7fbc79d42b43 <unknown>\n\n/opt/hostedtoolcache/Python/3.9.16/x64/lib/python3.9/site-packages/selenium/webdriver/support/wait.py:95: TimeoutException","flaky":false,"newFailed":false,"newBroken":false,"newPassed":false,"retriesCount":0,"retriesStatusChange":false,"beforeStages":[],"testStage":{"status":"broken","statusMessage":"selenium.common.exceptions.TimeoutException: Message: \nStacktrace:\n#0 0x55e4f124bfe3 <unknown>\n#1 0x55e4f0f8ad36 <unknown>\n#2 0x55e4f0fc7c4d <unknown>\n#3 0x55e4f0fc7d61 <unknown>\n#4 0x55e4f10036a4 <unknown>\n#5 0x55e4f0fe88ed <unknown>\n#6 0x55e4f1001232 <unknown>\n#7 0x55e4f0fe8693 <unknown>\n#8 0x55e4f0fbb03a <unknown>\n#9 0x55e4f0fbc17e <unknown>\n#10 0x55e4f120ddbd <unknown>\n#11 0x55e4f1211c6c <unknown>\n#12 0x55e4f121b4b0 <unknown>\n#13 0x55e4f1212d63 <unknown>\n#14 0x55e4f11e5c35 <unknown>\n#15 0x55e4f1236138 <unknown>\n#16 0x55e4f12362c7 <unknown>\n#17 0x55e4f1244093 <unknown>\n#18 0x7fbc79d42b43 <unknown>","statusTrace":"newSelf = <test_view_comment.TestViewComment object at 0x7f131d1da3a0>\n\n    def wrapper(newSelf):\n        self.render_page()\n>       func(newSelf)\n\nhw/code/ui/pages/base_page.py:39: \n_ _ _ _ _ _ _ _ _ _ _ _ _ _ _ _ _ _ _ _ _ _ _ _ _ _ _ _ _ _ _ _ _ _ _ _ _ _ _ _ \nhw/code/test_view_comment.py:46: in test_auth_add_comment_button\n    self.viewComment.checkErrorAddComment()\nhw/code/ui/pages/view_comment.py:19: in checkErrorAddComment\n    self.checkErrorMessage('Вы уже создали отзыв об этом товаре')\nhw/code/ui/pages/base_page.py:68: in checkErrorMessage\n    errorMessageElement = self.find(\nhw/code/ui/pages/base_page.py:46: in find\n    self.waitUntilVisible(locator, 3)\nhw/code/ui/pages/base_page.py:62: in waitUntilVisible\n    self.wait(timeout).until(EC.presence_of_element_located(selector))\n_ _ _ _ _ _ _ _ _ _ _ _ _ _ _ _ _ _ _ _ _ _ _ _ _ _ _ _ _ _ _ _ _ _ _ _ _ _ _ _ \n\nself = <selenium.webdriver.support.wait.WebDriverWait (session=\"639dd1976616dfb248af28c925aca654\")>\nmethod = <function presence_of_element_located.<locals>._predicate at 0x7f131d100820>\nmessage = ''\n\n    def until(self, method, message: str = \"\"):\n        \"\"\"Calls the method provided with the driver as an argument until the \\\n        return value does not evaluate to ``False``.\n    \n        :param method: callable(WebDriver)\n        :param message: optional message for :exc:`TimeoutException`\n        :returns: the result of the last call to `method`\n        :raises: :exc:`selenium.common.exceptions.TimeoutException` if timeout occurs\n        \"\"\"\n        screen = None\n        stacktrace = None\n    \n        end_time = time.monotonic() + self._timeout\n        while True:\n            try:\n                value = method(self._driver)\n                if value:\n                    return value\n            except self._ignored_exceptions as exc:\n                screen = getattr(exc, \"screen\", None)\n                stacktrace = getattr(exc, \"stacktrace\", None)\n            time.sleep(self._poll)\n            if time.monotonic() > end_time:\n                break\n>       raise TimeoutException(message, screen, stacktrace)\nE       selenium.common.exceptions.TimeoutException: Message: \nE       Stacktrace:\nE       #0 0x55e4f124bfe3 <unknown>\nE       #1 0x55e4f0f8ad36 <unknown>\nE       #2 0x55e4f0fc7c4d <unknown>\nE       #3 0x55e4f0fc7d61 <unknown>\nE       #4 0x55e4f10036a4 <unknown>\nE       #5 0x55e4f0fe88ed <unknown>\nE       #6 0x55e4f1001232 <unknown>\nE       #7 0x55e4f0fe8693 <unknown>\nE       #8 0x55e4f0fbb03a <unknown>\nE       #9 0x55e4f0fbc17e <unknown>\nE       #10 0x55e4f120ddbd <unknown>\nE       #11 0x55e4f1211c6c <unknown>\nE       #12 0x55e4f121b4b0 <unknown>\nE       #13 0x55e4f1212d63 <unknown>\nE       #14 0x55e4f11e5c35 <unknown>\nE       #15 0x55e4f1236138 <unknown>\nE       #16 0x55e4f12362c7 <unknown>\nE       #17 0x55e4f1244093 <unknown>\nE       #18 0x7fbc79d42b43 <unknown>\n\n/opt/hostedtoolcache/Python/3.9.16/x64/lib/python3.9/site-packages/selenium/webdriver/support/wait.py:95: TimeoutException","steps":[{"name":"login","time":{"start":1683638351720,"stop":1683638353722,"duration":2002},"status":"passed","steps":[],"attachments":[],"parameters":[],"stepsCount":0,"attachmentsCount":0,"shouldDisplayMessage":false,"hasContent":false},{"name":"checkErrorAddComment","time":{"start":1683638353722,"stop":1683638357412,"duration":3690},"status":"broken","statusMessage":"selenium.common.exceptions.TimeoutException: Message: \nStacktrace:\n#0 0x55e4f124bfe3 <unknown>\n#1 0x55e4f0f8ad36 <unknown>\n#2 0x55e4f0fc7c4d <unknown>\n#3 0x55e4f0fc7d61 <unknown>\n#4 0x55e4f10036a4 <unknown>\n#5 0x55e4f0fe88ed <unknown>\n#6 0x55e4f1001232 <unknown>\n#7 0x55e4f0fe8693 <unknown>\n#8 0x55e4f0fbb03a <unknown>\n#9 0x55e4f0fbc17e <unknown>\n#10 0x55e4f120ddbd <unknown>\n#11 0x55e4f1211c6c <unknown>\n#12 0x55e4f121b4b0 <unknown>\n#13 0x55e4f1212d63 <unknown>\n#14 0x55e4f11e5c35 <unknown>\n#15 0x55e4f1236138 <unknown>\n#16 0x55e4f12362c7 <unknown>\n#17 0x55e4f1244093 <unknown>\n#18 0x7fbc79d42b43 <unknown>\n\n","statusTrace":"  File \"/home/runner/work/e2e-selenium-TP/e2e-selenium-TP/hw/code/test_view_comment.py\", line 46, in test_auth_add_comment_button\n    self.viewComment.checkErrorAddComment()\n  File \"/home/runner/work/e2e-selenium-TP/e2e-selenium-TP/hw/code/ui/pages/view_comment.py\", line 19, in checkErrorAddComment\n    self.checkErrorMessage('Вы уже создали отзыв об этом товаре')\n  File \"/home/runner/work/e2e-selenium-TP/e2e-selenium-TP/hw/code/ui/pages/base_page.py\", line 68, in checkErrorMessage\n    errorMessageElement = self.find(\n  File \"/home/runner/work/e2e-selenium-TP/e2e-selenium-TP/hw/code/ui/pages/base_page.py\", line 46, in find\n    self.waitUntilVisible(locator, 3)\n  File \"/home/runner/work/e2e-selenium-TP/e2e-selenium-TP/hw/code/ui/pages/base_page.py\", line 62, in waitUntilVisible\n    self.wait(timeout).until(EC.presence_of_element_located(selector))\n  File \"/opt/hostedtoolcache/Python/3.9.16/x64/lib/python3.9/site-packages/selenium/webdriver/support/wait.py\", line 95, in until\n    raise TimeoutException(message, screen, stacktrace)\n","steps":[],"attachments":[],"parameters":[],"stepsCount":0,"attachmentsCount":0,"shouldDisplayMessage":true,"hasContent":true}],"attachments":[],"parameters":[],"stepsCount":2,"attachmentsCount":0,"shouldDisplayMessage":true,"hasContent":true},"afterStages":[],"labels":[{"name":"feature","value":"TestViewComment"},{"name":"story","value":"check error message. Auth add comment button"},{"name":"parentSuite","value":"hw.code"},{"name":"suite","value":"test_view_comment"},{"name":"subSuite","value":"TestViewComment"},{"name":"host","value":"fv-az389-776"},{"name":"thread","value":"3912-MainThread"},{"name":"framework","value":"pytest"},{"name":"language","value":"cpython3"},{"name":"package","value":"hw.code.test_view_comment"},{"name":"resultFormat","value":"allure2"}],"parameters":[],"links":[],"hidden":false,"retry":false,"extra":{"severity":"normal","retries":[],"categories":[{"name":"Test defects","matchedStatuses":[],"flaky":false}],"tags":[]},"source":"a07db3501787fa72.json","parameterValues":[]}