{"uid":"cb10bed9349f41fe","name":"test_title_link","fullName":"hw.code.test_horizontal_catalog_product_page.TestHorizontalScroll#test_title_link","historyId":"594fc70bd8c9efbad9ce14c1e6cd5c2d","time":{"start":1683638317644,"stop":1683638320701,"duration":3057},"status":"broken","statusMessage":"selenium.common.exceptions.TimeoutException: Message: \nStacktrace:\n#0 0x564fe234dfe3 <unknown>\n#1 0x564fe208cd36 <unknown>\n#2 0x564fe20c9c4d <unknown>\n#3 0x564fe20c9d61 <unknown>\n#4 0x564fe21056a4 <unknown>\n#5 0x564fe20ea8ed <unknown>\n#6 0x564fe2103232 <unknown>\n#7 0x564fe20ea693 <unknown>\n#8 0x564fe20bd03a <unknown>\n#9 0x564fe20be17e <unknown>\n#10 0x564fe230fdbd <unknown>\n#11 0x564fe2313c6c <unknown>\n#12 0x564fe231d4b0 <unknown>\n#13 0x564fe2314d63 <unknown>\n#14 0x564fe22e7c35 <unknown>\n#15 0x564fe2338138 <unknown>\n#16 0x564fe23382c7 <unknown>\n#17 0x564fe2346093 <unknown>\n#18 0x7f915a35db43 <unknown>","statusTrace":"self = <test_horizontal_catalog_product_page.TestHorizontalScroll object at 0x7f131d19d760>\n\n    @allure.feature('Test product recommendations')\n    @allure.story('title link')\n    def test_title_link(self):\n>       self.horizontalScroll.checkTitleLink()\n\nhw/code/test_horizontal_catalog_product_page.py:45: \n_ _ _ _ _ _ _ _ _ _ _ _ _ _ _ _ _ _ _ _ _ _ _ _ _ _ _ _ _ _ _ _ _ _ _ _ _ _ _ _ \nhw/code/ui/pages/horizontal_scroll_catalog_locators.py:49: in checkTitleLink\n    assert self.locators.hrefs.product in self.getHref(self.locators.GET_ITEM_TITLE)\nhw/code/ui/pages/base_page.py:83: in getHref\n    return self.find(selector).get_attribute('href')\nhw/code/ui/pages/base_page.py:46: in find\n    self.waitUntilVisible(locator, 3)\nhw/code/ui/pages/base_page.py:62: in waitUntilVisible\n    self.wait(timeout).until(EC.presence_of_element_located(selector))\n_ _ _ _ _ _ _ _ _ _ _ _ _ _ _ _ _ _ _ _ _ _ _ _ _ _ _ _ _ _ _ _ _ _ _ _ _ _ _ _ \n\nself = <selenium.webdriver.support.wait.WebDriverWait (session=\"00ddfe21b61a77856672854f28e4b660\")>\nmethod = <function presence_of_element_located.<locals>._predicate at 0x7f131d19cee0>\nmessage = ''\n\n    def until(self, method, message: str = \"\"):\n        \"\"\"Calls the method provided with the driver as an argument until the \\\n        return value does not evaluate to ``False``.\n    \n        :param method: callable(WebDriver)\n        :param message: optional message for :exc:`TimeoutException`\n        :returns: the result of the last call to `method`\n        :raises: :exc:`selenium.common.exceptions.TimeoutException` if timeout occurs\n        \"\"\"\n        screen = None\n        stacktrace = None\n    \n        end_time = time.monotonic() + self._timeout\n        while True:\n            try:\n                value = method(self._driver)\n                if value:\n                    return value\n            except self._ignored_exceptions as exc:\n                screen = getattr(exc, \"screen\", None)\n                stacktrace = getattr(exc, \"stacktrace\", None)\n            time.sleep(self._poll)\n            if time.monotonic() > end_time:\n                break\n>       raise TimeoutException(message, screen, stacktrace)\nE       selenium.common.exceptions.TimeoutException: Message: \nE       Stacktrace:\nE       #0 0x564fe234dfe3 <unknown>\nE       #1 0x564fe208cd36 <unknown>\nE       #2 0x564fe20c9c4d <unknown>\nE       #3 0x564fe20c9d61 <unknown>\nE       #4 0x564fe21056a4 <unknown>\nE       #5 0x564fe20ea8ed <unknown>\nE       #6 0x564fe2103232 <unknown>\nE       #7 0x564fe20ea693 <unknown>\nE       #8 0x564fe20bd03a <unknown>\nE       #9 0x564fe20be17e <unknown>\nE       #10 0x564fe230fdbd <unknown>\nE       #11 0x564fe2313c6c <unknown>\nE       #12 0x564fe231d4b0 <unknown>\nE       #13 0x564fe2314d63 <unknown>\nE       #14 0x564fe22e7c35 <unknown>\nE       #15 0x564fe2338138 <unknown>\nE       #16 0x564fe23382c7 <unknown>\nE       #17 0x564fe2346093 <unknown>\nE       #18 0x7f915a35db43 <unknown>\n\n/opt/hostedtoolcache/Python/3.9.16/x64/lib/python3.9/site-packages/selenium/webdriver/support/wait.py:95: TimeoutException","flaky":false,"newFailed":false,"newBroken":false,"newPassed":false,"retriesCount":0,"retriesStatusChange":false,"beforeStages":[],"afterStages":[],"labels":[{"name":"story","value":"title link"},{"name":"feature","value":"Test product recommendations"},{"name":"parentSuite","value":"hw.code"},{"name":"suite","value":"test_horizontal_catalog_product_page"},{"name":"subSuite","value":"TestHorizontalScroll"},{"name":"host","value":"fv-az389-776"},{"name":"thread","value":"3912-MainThread"},{"name":"framework","value":"pytest"},{"name":"language","value":"cpython3"},{"name":"package","value":"hw.code.test_horizontal_catalog_product_page"},{"name":"resultFormat","value":"allure2"}],"parameters":[],"links":[],"hidden":false,"retry":false,"extra":{"severity":"normal","retries":[],"categories":[{"name":"Test defects","matchedStatuses":[],"flaky":false}],"tags":[]},"source":"cb10bed9349f41fe.json","parameterValues":[]}