{"uid":"6f4ac5da16268175","name":"test_address_card_edit_params","fullName":"hw.code.test_profile.TestProfile#test_address_card_edit_params","historyId":"0ac23184b8f805f5c9da06885bde8dfe","time":{"start":1683816122168,"stop":1683816132864,"duration":10696},"status":"broken","statusMessage":"selenium.common.exceptions.TimeoutException: Message: \nStacktrace:\n#0 0x55b411a55133 <unknown>\n#1 0x55b411789966 <unknown>\n#2 0x55b4117c60dc <unknown>\n#3 0x55b4117c6211 <unknown>\n#4 0x55b4118006c4 <unknown>\n#5 0x55b4117e5bfd <unknown>\n#6 0x55b4117fe1c7 <unknown>\n#7 0x55b4117e59a3 <unknown>\n#8 0x55b4117ba46a <unknown>\n#9 0x55b4117bb55e <unknown>\n#10 0x55b411a14cae <unknown>\n#11 0x55b411a188fe <unknown>\n#12 0x55b411a21f20 <unknown>\n#13 0x55b411a19923 <unknown>\n#14 0x55b4119ecc0e <unknown>\n#15 0x55b411a3cb08 <unknown>\n#16 0x55b411a3cc97 <unknown>\n#17 0x55b411a4d113 <unknown>\n#18 0x7fdf5fbdbb43 <unknown>","statusTrace":"self = <test_profile.TestProfile object at 0x7fbe868ce160>\n\n    def test_address_card_edit_params(self):\n>       self.loginPage.loginProfile()\n\nhw/code/test_profile.py:461: \n_ _ _ _ _ _ _ _ _ _ _ _ _ _ _ _ _ _ _ _ _ _ _ _ _ _ _ _ _ _ _ _ _ _ _ _ _ _ _ _ \nhw/code/ui/pages/login_page.py:56: in loginProfile\n    self.header.findUserPageButton().click()\nhw/code/ui/pages/header.py:16: in findUserPageButton\n    return self.find(self.locators.OPEN_USER_PAGE_BUTTON)\nhw/code/ui/pages/base_page.py:66: in find\n    return self.wait(timeout + self.mini_timeout).until(\n_ _ _ _ _ _ _ _ _ _ _ _ _ _ _ _ _ _ _ _ _ _ _ _ _ _ _ _ _ _ _ _ _ _ _ _ _ _ _ _ \n\nself = <selenium.webdriver.support.wait.WebDriverWait (session=\"0aca2fbdbd8e343fdfb61bd51e0ed879\")>\nmethod = <function presence_of_element_located.<locals>._predicate at 0x7fbe86940e50>\nmessage = ''\n\n    def until(self, method, message: str = \"\"):\n        \"\"\"Calls the method provided with the driver as an argument until the \\\n        return value does not evaluate to ``False``.\n    \n        :param method: callable(WebDriver)\n        :param message: optional message for :exc:`TimeoutException`\n        :returns: the result of the last call to `method`\n        :raises: :exc:`selenium.common.exceptions.TimeoutException` if timeout occurs\n        \"\"\"\n        screen = None\n        stacktrace = None\n    \n        end_time = time.monotonic() + self._timeout\n        while True:\n            try:\n                value = method(self._driver)\n                if value:\n                    return value\n            except self._ignored_exceptions as exc:\n                screen = getattr(exc, \"screen\", None)\n                stacktrace = getattr(exc, \"stacktrace\", None)\n            time.sleep(self._poll)\n            if time.monotonic() > end_time:\n                break\n>       raise TimeoutException(message, screen, stacktrace)\nE       selenium.common.exceptions.TimeoutException: Message: \nE       Stacktrace:\nE       #0 0x55b411a55133 <unknown>\nE       #1 0x55b411789966 <unknown>\nE       #2 0x55b4117c60dc <unknown>\nE       #3 0x55b4117c6211 <unknown>\nE       #4 0x55b4118006c4 <unknown>\nE       #5 0x55b4117e5bfd <unknown>\nE       #6 0x55b4117fe1c7 <unknown>\nE       #7 0x55b4117e59a3 <unknown>\nE       #8 0x55b4117ba46a <unknown>\nE       #9 0x55b4117bb55e <unknown>\nE       #10 0x55b411a14cae <unknown>\nE       #11 0x55b411a188fe <unknown>\nE       #12 0x55b411a21f20 <unknown>\nE       #13 0x55b411a19923 <unknown>\nE       #14 0x55b4119ecc0e <unknown>\nE       #15 0x55b411a3cb08 <unknown>\nE       #16 0x55b411a3cc97 <unknown>\nE       #17 0x55b411a4d113 <unknown>\nE       #18 0x7fdf5fbdbb43 <unknown>\n\n/opt/hostedtoolcache/Python/3.9.16/x64/lib/python3.9/site-packages/selenium/webdriver/support/wait.py:95: TimeoutException","flaky":false,"newFailed":false,"newBroken":false,"newPassed":false,"retriesCount":0,"retriesStatusChange":false,"beforeStages":[{"name":"browser_config","time":{"start":1683815455011,"stop":1683815455011,"duration":0},"status":"passed","steps":[],"attachments":[],"parameters":[],"stepsCount":0,"attachmentsCount":0,"shouldDisplayMessage":false,"hasContent":false},{"name":"driver","time":{"start":1683816119682,"stop":1683816120563,"duration":881},"status":"passed","steps":[],"attachments":[],"parameters":[],"stepsCount":0,"attachmentsCount":0,"shouldDisplayMessage":false,"hasContent":false},{"name":"setup","time":{"start":1683816120564,"stop":1683816122167,"duration":1603},"status":"passed","steps":[],"attachments":[],"parameters":[],"stepsCount":0,"attachmentsCount":0,"shouldDisplayMessage":false,"hasContent":false},{"name":"set_page","time":{"start":1683816120564,"stop":1683816120564,"duration":0},"status":"passed","steps":[],"attachments":[],"parameters":[],"stepsCount":0,"attachmentsCount":0,"shouldDisplayMessage":false,"hasContent":false}],"afterStages":[{"name":"driver::0","time":{"start":1683816132887,"stop":1683816132945,"duration":58},"status":"passed","steps":[],"attachments":[],"parameters":[],"stepsCount":0,"attachmentsCount":0,"shouldDisplayMessage":false,"hasContent":false}],"labels":[{"name":"parentSuite","value":"hw.code"},{"name":"suite","value":"test_profile"},{"name":"subSuite","value":"TestProfile"},{"name":"host","value":"fv-az389-721"},{"name":"thread","value":"3809-MainThread"},{"name":"framework","value":"pytest"},{"name":"language","value":"cpython3"},{"name":"package","value":"hw.code.test_profile"},{"name":"resultFormat","value":"allure2"}],"parameters":[],"links":[],"hidden":false,"retry":false,"extra":{"severity":"normal","retries":[],"categories":[{"name":"Test defects","matchedStatuses":[],"flaky":false}],"tags":[]},"source":"6f4ac5da16268175.json","parameterValues":[]}