{"uid":"7d9ec4770ec29551","name":"test_payment_card_incorrect_params_number","fullName":"hw.code.test_profile.TestProfile#test_payment_card_incorrect_params_number","historyId":"67d512a6e5c4d0bd7ee65cc874856ecd","time":{"start":1683815989816,"stop":1683816000518,"duration":10702},"status":"broken","statusMessage":"selenium.common.exceptions.TimeoutException: Message: \nStacktrace:\n#0 0x564ae6112133 <unknown>\n#1 0x564ae5e46966 <unknown>\n#2 0x564ae5e830dc <unknown>\n#3 0x564ae5e83211 <unknown>\n#4 0x564ae5ebd6c4 <unknown>\n#5 0x564ae5ea2bfd <unknown>\n#6 0x564ae5ebb1c7 <unknown>\n#7 0x564ae5ea29a3 <unknown>\n#8 0x564ae5e7746a <unknown>\n#9 0x564ae5e7855e <unknown>\n#10 0x564ae60d1cae <unknown>\n#11 0x564ae60d58fe <unknown>\n#12 0x564ae60def20 <unknown>\n#13 0x564ae60d6923 <unknown>\n#14 0x564ae60a9c0e <unknown>\n#15 0x564ae60f9b08 <unknown>\n#16 0x564ae60f9c97 <unknown>\n#17 0x564ae610a113 <unknown>\n#18 0x7f52927bdb43 <unknown>","statusTrace":"self = <test_profile.TestProfile object at 0x7fbe867cf640>\n\n    def test_payment_card_incorrect_params_number(self):\n>       self.loginPage.loginProfile()\n\nhw/code/test_profile.py:340: \n_ _ _ _ _ _ _ _ _ _ _ _ _ _ _ _ _ _ _ _ _ _ _ _ _ _ _ _ _ _ _ _ _ _ _ _ _ _ _ _ \nhw/code/ui/pages/login_page.py:56: in loginProfile\n    self.header.findUserPageButton().click()\nhw/code/ui/pages/header.py:16: in findUserPageButton\n    return self.find(self.locators.OPEN_USER_PAGE_BUTTON)\nhw/code/ui/pages/base_page.py:66: in find\n    return self.wait(timeout + self.mini_timeout).until(\n_ _ _ _ _ _ _ _ _ _ _ _ _ _ _ _ _ _ _ _ _ _ _ _ _ _ _ _ _ _ _ _ _ _ _ _ _ _ _ _ \n\nself = <selenium.webdriver.support.wait.WebDriverWait (session=\"013418d5f4b47da16d7d14e13d14e5a0\")>\nmethod = <function presence_of_element_located.<locals>._predicate at 0x7fbe86946ca0>\nmessage = ''\n\n    def until(self, method, message: str = \"\"):\n        \"\"\"Calls the method provided with the driver as an argument until the \\\n        return value does not evaluate to ``False``.\n    \n        :param method: callable(WebDriver)\n        :param message: optional message for :exc:`TimeoutException`\n        :returns: the result of the last call to `method`\n        :raises: :exc:`selenium.common.exceptions.TimeoutException` if timeout occurs\n        \"\"\"\n        screen = None\n        stacktrace = None\n    \n        end_time = time.monotonic() + self._timeout\n        while True:\n            try:\n                value = method(self._driver)\n                if value:\n                    return value\n            except self._ignored_exceptions as exc:\n                screen = getattr(exc, \"screen\", None)\n                stacktrace = getattr(exc, \"stacktrace\", None)\n            time.sleep(self._poll)\n            if time.monotonic() > end_time:\n                break\n>       raise TimeoutException(message, screen, stacktrace)\nE       selenium.common.exceptions.TimeoutException: Message: \nE       Stacktrace:\nE       #0 0x564ae6112133 <unknown>\nE       #1 0x564ae5e46966 <unknown>\nE       #2 0x564ae5e830dc <unknown>\nE       #3 0x564ae5e83211 <unknown>\nE       #4 0x564ae5ebd6c4 <unknown>\nE       #5 0x564ae5ea2bfd <unknown>\nE       #6 0x564ae5ebb1c7 <unknown>\nE       #7 0x564ae5ea29a3 <unknown>\nE       #8 0x564ae5e7746a <unknown>\nE       #9 0x564ae5e7855e <unknown>\nE       #10 0x564ae60d1cae <unknown>\nE       #11 0x564ae60d58fe <unknown>\nE       #12 0x564ae60def20 <unknown>\nE       #13 0x564ae60d6923 <unknown>\nE       #14 0x564ae60a9c0e <unknown>\nE       #15 0x564ae60f9b08 <unknown>\nE       #16 0x564ae60f9c97 <unknown>\nE       #17 0x564ae610a113 <unknown>\nE       #18 0x7f52927bdb43 <unknown>\n\n/opt/hostedtoolcache/Python/3.9.16/x64/lib/python3.9/site-packages/selenium/webdriver/support/wait.py:95: TimeoutException","flaky":false,"newFailed":false,"newBroken":false,"newPassed":false,"retriesCount":0,"retriesStatusChange":false,"beforeStages":[{"name":"browser_config","time":{"start":1683815455011,"stop":1683815455011,"duration":0},"status":"passed","steps":[],"attachments":[],"parameters":[],"stepsCount":0,"attachmentsCount":0,"shouldDisplayMessage":false,"hasContent":false},{"name":"driver","time":{"start":1683815987221,"stop":1683815988128,"duration":907},"status":"passed","steps":[],"attachments":[],"parameters":[],"stepsCount":0,"attachmentsCount":0,"shouldDisplayMessage":false,"hasContent":false},{"name":"set_page","time":{"start":1683815988128,"stop":1683815988129,"duration":1},"status":"passed","steps":[],"attachments":[],"parameters":[],"stepsCount":0,"attachmentsCount":0,"shouldDisplayMessage":false,"hasContent":false},{"name":"setup","time":{"start":1683815988129,"stop":1683815989815,"duration":1686},"status":"passed","steps":[],"attachments":[],"parameters":[],"stepsCount":0,"attachmentsCount":0,"shouldDisplayMessage":false,"hasContent":false}],"afterStages":[{"name":"driver::0","time":{"start":1683816000541,"stop":1683816000599,"duration":58},"status":"passed","steps":[],"attachments":[],"parameters":[],"stepsCount":0,"attachmentsCount":0,"shouldDisplayMessage":false,"hasContent":false}],"labels":[{"name":"parentSuite","value":"hw.code"},{"name":"suite","value":"test_profile"},{"name":"subSuite","value":"TestProfile"},{"name":"host","value":"fv-az389-721"},{"name":"thread","value":"3809-MainThread"},{"name":"framework","value":"pytest"},{"name":"language","value":"cpython3"},{"name":"package","value":"hw.code.test_profile"},{"name":"resultFormat","value":"allure2"}],"parameters":[],"links":[],"hidden":false,"retry":false,"extra":{"severity":"normal","retries":[],"categories":[{"name":"Test defects","matchedStatuses":[],"flaky":false}],"tags":[]},"source":"7d9ec4770ec29551.json","parameterValues":[]}