{"uid":"9c82c37f091f3eec","name":"test_address_card_correct_params_with_flat","fullName":"hw.code.test_profile.TestProfile#test_address_card_correct_params_with_flat","historyId":"2b721b199db5ca1247527a29e8556bd6","time":{"start":1683816055987,"stop":1683816066698,"duration":10711},"status":"broken","statusMessage":"selenium.common.exceptions.TimeoutException: Message: \nStacktrace:\n#0 0x55c52a653133 <unknown>\n#1 0x55c52a387966 <unknown>\n#2 0x55c52a3c40dc <unknown>\n#3 0x55c52a3c4211 <unknown>\n#4 0x55c52a3fe6c4 <unknown>\n#5 0x55c52a3e3bfd <unknown>\n#6 0x55c52a3fc1c7 <unknown>\n#7 0x55c52a3e39a3 <unknown>\n#8 0x55c52a3b846a <unknown>\n#9 0x55c52a3b955e <unknown>\n#10 0x55c52a612cae <unknown>\n#11 0x55c52a6168fe <unknown>\n#12 0x55c52a61ff20 <unknown>\n#13 0x55c52a617923 <unknown>\n#14 0x55c52a5eac0e <unknown>\n#15 0x55c52a63ab08 <unknown>\n#16 0x55c52a63ac97 <unknown>\n#17 0x55c52a64b113 <unknown>\n#18 0x7ff2cb9a4b43 <unknown>","statusTrace":"self = <test_profile.TestProfile object at 0x7fbe867e3ac0>\n\n    def test_address_card_correct_params_with_flat(self):\n>       self.loginPage.loginProfile()\n\nhw/code/test_profile.py:400: \n_ _ _ _ _ _ _ _ _ _ _ _ _ _ _ _ _ _ _ _ _ _ _ _ _ _ _ _ _ _ _ _ _ _ _ _ _ _ _ _ \nhw/code/ui/pages/login_page.py:56: in loginProfile\n    self.header.findUserPageButton().click()\nhw/code/ui/pages/header.py:16: in findUserPageButton\n    return self.find(self.locators.OPEN_USER_PAGE_BUTTON)\nhw/code/ui/pages/base_page.py:66: in find\n    return self.wait(timeout + self.mini_timeout).until(\n_ _ _ _ _ _ _ _ _ _ _ _ _ _ _ _ _ _ _ _ _ _ _ _ _ _ _ _ _ _ _ _ _ _ _ _ _ _ _ _ \n\nself = <selenium.webdriver.support.wait.WebDriverWait (session=\"1a95db32506970b0f90d749326315168\")>\nmethod = <function presence_of_element_located.<locals>._predicate at 0x7fbe86835310>\nmessage = ''\n\n    def until(self, method, message: str = \"\"):\n        \"\"\"Calls the method provided with the driver as an argument until the \\\n        return value does not evaluate to ``False``.\n    \n        :param method: callable(WebDriver)\n        :param message: optional message for :exc:`TimeoutException`\n        :returns: the result of the last call to `method`\n        :raises: :exc:`selenium.common.exceptions.TimeoutException` if timeout occurs\n        \"\"\"\n        screen = None\n        stacktrace = None\n    \n        end_time = time.monotonic() + self._timeout\n        while True:\n            try:\n                value = method(self._driver)\n                if value:\n                    return value\n            except self._ignored_exceptions as exc:\n                screen = getattr(exc, \"screen\", None)\n                stacktrace = getattr(exc, \"stacktrace\", None)\n            time.sleep(self._poll)\n            if time.monotonic() > end_time:\n                break\n>       raise TimeoutException(message, screen, stacktrace)\nE       selenium.common.exceptions.TimeoutException: Message: \nE       Stacktrace:\nE       #0 0x55c52a653133 <unknown>\nE       #1 0x55c52a387966 <unknown>\nE       #2 0x55c52a3c40dc <unknown>\nE       #3 0x55c52a3c4211 <unknown>\nE       #4 0x55c52a3fe6c4 <unknown>\nE       #5 0x55c52a3e3bfd <unknown>\nE       #6 0x55c52a3fc1c7 <unknown>\nE       #7 0x55c52a3e39a3 <unknown>\nE       #8 0x55c52a3b846a <unknown>\nE       #9 0x55c52a3b955e <unknown>\nE       #10 0x55c52a612cae <unknown>\nE       #11 0x55c52a6168fe <unknown>\nE       #12 0x55c52a61ff20 <unknown>\nE       #13 0x55c52a617923 <unknown>\nE       #14 0x55c52a5eac0e <unknown>\nE       #15 0x55c52a63ab08 <unknown>\nE       #16 0x55c52a63ac97 <unknown>\nE       #17 0x55c52a64b113 <unknown>\nE       #18 0x7ff2cb9a4b43 <unknown>\n\n/opt/hostedtoolcache/Python/3.9.16/x64/lib/python3.9/site-packages/selenium/webdriver/support/wait.py:95: TimeoutException","flaky":false,"newFailed":false,"newBroken":false,"newPassed":false,"retriesCount":0,"retriesStatusChange":false,"beforeStages":[{"name":"browser_config","time":{"start":1683815455011,"stop":1683815455011,"duration":0},"status":"passed","steps":[],"attachments":[],"parameters":[],"stepsCount":0,"attachmentsCount":0,"shouldDisplayMessage":false,"hasContent":false},{"name":"driver","time":{"start":1683816053497,"stop":1683816054382,"duration":885},"status":"passed","steps":[],"attachments":[],"parameters":[],"stepsCount":0,"attachmentsCount":0,"shouldDisplayMessage":false,"hasContent":false},{"name":"set_page","time":{"start":1683816054383,"stop":1683816054383,"duration":0},"status":"passed","steps":[],"attachments":[],"parameters":[],"stepsCount":0,"attachmentsCount":0,"shouldDisplayMessage":false,"hasContent":false},{"name":"setup","time":{"start":1683816054383,"stop":1683816055986,"duration":1603},"status":"passed","steps":[],"attachments":[],"parameters":[],"stepsCount":0,"attachmentsCount":0,"shouldDisplayMessage":false,"hasContent":false}],"afterStages":[{"name":"driver::0","time":{"start":1683816066720,"stop":1683816066779,"duration":59},"status":"passed","steps":[],"attachments":[],"parameters":[],"stepsCount":0,"attachmentsCount":0,"shouldDisplayMessage":false,"hasContent":false}],"labels":[{"name":"parentSuite","value":"hw.code"},{"name":"suite","value":"test_profile"},{"name":"subSuite","value":"TestProfile"},{"name":"host","value":"fv-az389-721"},{"name":"thread","value":"3809-MainThread"},{"name":"framework","value":"pytest"},{"name":"language","value":"cpython3"},{"name":"package","value":"hw.code.test_profile"},{"name":"resultFormat","value":"allure2"}],"parameters":[],"links":[],"hidden":false,"retry":false,"extra":{"severity":"normal","retries":[],"categories":[{"name":"Test defects","matchedStatuses":[],"flaky":false}],"tags":[]},"source":"9c82c37f091f3eec.json","parameterValues":[]}