{"uid":"a933626cf27798f9","name":"test_payment_card_incorrect_params_cvc","fullName":"hw.code.test_profile.TestProfile#test_payment_card_incorrect_params_cvc","historyId":"a50d8740b2f5510e50c6cd2551b47af0","time":{"start":1683816042709,"stop":1683816053414,"duration":10705},"status":"broken","statusMessage":"selenium.common.exceptions.TimeoutException: Message: \nStacktrace:\n#0 0x561a59dcf133 <unknown>\n#1 0x561a59b03966 <unknown>\n#2 0x561a59b400dc <unknown>\n#3 0x561a59b40211 <unknown>\n#4 0x561a59b7a6c4 <unknown>\n#5 0x561a59b5fbfd <unknown>\n#6 0x561a59b781c7 <unknown>\n#7 0x561a59b5f9a3 <unknown>\n#8 0x561a59b3446a <unknown>\n#9 0x561a59b3555e <unknown>\n#10 0x561a59d8ecae <unknown>\n#11 0x561a59d928fe <unknown>\n#12 0x561a59d9bf20 <unknown>\n#13 0x561a59d93923 <unknown>\n#14 0x561a59d66c0e <unknown>\n#15 0x561a59db6b08 <unknown>\n#16 0x561a59db6c97 <unknown>\n#17 0x561a59dc7113 <unknown>\n#18 0x7f85078fdb43 <unknown>","statusTrace":"self = <test_profile.TestProfile object at 0x7fbe86751100>\n\n    def test_payment_card_incorrect_params_cvc(self):\n>       self.loginPage.loginProfile()\n\nhw/code/test_profile.py:387: \n_ _ _ _ _ _ _ _ _ _ _ _ _ _ _ _ _ _ _ _ _ _ _ _ _ _ _ _ _ _ _ _ _ _ _ _ _ _ _ _ \nhw/code/ui/pages/login_page.py:56: in loginProfile\n    self.header.findUserPageButton().click()\nhw/code/ui/pages/header.py:16: in findUserPageButton\n    return self.find(self.locators.OPEN_USER_PAGE_BUTTON)\nhw/code/ui/pages/base_page.py:66: in find\n    return self.wait(timeout + self.mini_timeout).until(\n_ _ _ _ _ _ _ _ _ _ _ _ _ _ _ _ _ _ _ _ _ _ _ _ _ _ _ _ _ _ _ _ _ _ _ _ _ _ _ _ \n\nself = <selenium.webdriver.support.wait.WebDriverWait (session=\"848b7f93ada17e252e418aad426f9691\")>\nmethod = <function presence_of_element_located.<locals>._predicate at 0x7fbe88c5f3a0>\nmessage = ''\n\n    def until(self, method, message: str = \"\"):\n        \"\"\"Calls the method provided with the driver as an argument until the \\\n        return value does not evaluate to ``False``.\n    \n        :param method: callable(WebDriver)\n        :param message: optional message for :exc:`TimeoutException`\n        :returns: the result of the last call to `method`\n        :raises: :exc:`selenium.common.exceptions.TimeoutException` if timeout occurs\n        \"\"\"\n        screen = None\n        stacktrace = None\n    \n        end_time = time.monotonic() + self._timeout\n        while True:\n            try:\n                value = method(self._driver)\n                if value:\n                    return value\n            except self._ignored_exceptions as exc:\n                screen = getattr(exc, \"screen\", None)\n                stacktrace = getattr(exc, \"stacktrace\", None)\n            time.sleep(self._poll)\n            if time.monotonic() > end_time:\n                break\n>       raise TimeoutException(message, screen, stacktrace)\nE       selenium.common.exceptions.TimeoutException: Message: \nE       Stacktrace:\nE       #0 0x561a59dcf133 <unknown>\nE       #1 0x561a59b03966 <unknown>\nE       #2 0x561a59b400dc <unknown>\nE       #3 0x561a59b40211 <unknown>\nE       #4 0x561a59b7a6c4 <unknown>\nE       #5 0x561a59b5fbfd <unknown>\nE       #6 0x561a59b781c7 <unknown>\nE       #7 0x561a59b5f9a3 <unknown>\nE       #8 0x561a59b3446a <unknown>\nE       #9 0x561a59b3555e <unknown>\nE       #10 0x561a59d8ecae <unknown>\nE       #11 0x561a59d928fe <unknown>\nE       #12 0x561a59d9bf20 <unknown>\nE       #13 0x561a59d93923 <unknown>\nE       #14 0x561a59d66c0e <unknown>\nE       #15 0x561a59db6b08 <unknown>\nE       #16 0x561a59db6c97 <unknown>\nE       #17 0x561a59dc7113 <unknown>\nE       #18 0x7f85078fdb43 <unknown>\n\n/opt/hostedtoolcache/Python/3.9.16/x64/lib/python3.9/site-packages/selenium/webdriver/support/wait.py:95: TimeoutException","flaky":false,"newFailed":false,"newBroken":false,"newPassed":false,"retriesCount":0,"retriesStatusChange":false,"beforeStages":[{"name":"browser_config","time":{"start":1683815455011,"stop":1683815455011,"duration":0},"status":"passed","steps":[],"attachments":[],"parameters":[],"stepsCount":0,"attachmentsCount":0,"shouldDisplayMessage":false,"hasContent":false},{"name":"driver","time":{"start":1683816040407,"stop":1683816041289,"duration":882},"status":"passed","steps":[],"attachments":[],"parameters":[],"stepsCount":0,"attachmentsCount":0,"shouldDisplayMessage":false,"hasContent":false},{"name":"set_page","time":{"start":1683816041289,"stop":1683816041290,"duration":1},"status":"passed","steps":[],"attachments":[],"parameters":[],"stepsCount":0,"attachmentsCount":0,"shouldDisplayMessage":false,"hasContent":false},{"name":"setup","time":{"start":1683816041290,"stop":1683816042708,"duration":1418},"status":"passed","steps":[],"attachments":[],"parameters":[],"stepsCount":0,"attachmentsCount":0,"shouldDisplayMessage":false,"hasContent":false}],"afterStages":[{"name":"driver::0","time":{"start":1683816053436,"stop":1683816053495,"duration":59},"status":"passed","steps":[],"attachments":[],"parameters":[],"stepsCount":0,"attachmentsCount":0,"shouldDisplayMessage":false,"hasContent":false}],"labels":[{"name":"parentSuite","value":"hw.code"},{"name":"suite","value":"test_profile"},{"name":"subSuite","value":"TestProfile"},{"name":"host","value":"fv-az389-721"},{"name":"thread","value":"3809-MainThread"},{"name":"framework","value":"pytest"},{"name":"language","value":"cpython3"},{"name":"package","value":"hw.code.test_profile"},{"name":"resultFormat","value":"allure2"}],"parameters":[],"links":[],"hidden":false,"retry":false,"extra":{"severity":"normal","retries":[],"categories":[{"name":"Test defects","matchedStatuses":[],"flaky":false}],"tags":[]},"source":"a933626cf27798f9.json","parameterValues":[]}