{"uid":"b44e8c9d8302aec7","name":"test_address_card_correct_params_without_flat","fullName":"hw.code.test_profile.TestProfile#test_address_card_correct_params_without_flat","historyId":"ff76252c3dab8b6bb018be699b4ecd73","time":{"start":1683816069270,"stop":1683816079979,"duration":10709},"status":"broken","statusMessage":"selenium.common.exceptions.TimeoutException: Message: \nStacktrace:\n#0 0x560b8a71a133 <unknown>\n#1 0x560b8a44e966 <unknown>\n#2 0x560b8a48b0dc <unknown>\n#3 0x560b8a48b211 <unknown>\n#4 0x560b8a4c56c4 <unknown>\n#5 0x560b8a4aabfd <unknown>\n#6 0x560b8a4c31c7 <unknown>\n#7 0x560b8a4aa9a3 <unknown>\n#8 0x560b8a47f46a <unknown>\n#9 0x560b8a48055e <unknown>\n#10 0x560b8a6d9cae <unknown>\n#11 0x560b8a6dd8fe <unknown>\n#12 0x560b8a6e6f20 <unknown>\n#13 0x560b8a6de923 <unknown>\n#14 0x560b8a6b1c0e <unknown>\n#15 0x560b8a701b08 <unknown>\n#16 0x560b8a701c97 <unknown>\n#17 0x560b8a712113 <unknown>\n#18 0x7f65ec303b43 <unknown>","statusTrace":"self = <test_profile.TestProfile object at 0x7fbe8680a580>\n\n    def test_address_card_correct_params_without_flat(self):\n>       self.loginPage.loginProfile()\n\nhw/code/test_profile.py:415: \n_ _ _ _ _ _ _ _ _ _ _ _ _ _ _ _ _ _ _ _ _ _ _ _ _ _ _ _ _ _ _ _ _ _ _ _ _ _ _ _ \nhw/code/ui/pages/login_page.py:56: in loginProfile\n    self.header.findUserPageButton().click()\nhw/code/ui/pages/header.py:16: in findUserPageButton\n    return self.find(self.locators.OPEN_USER_PAGE_BUTTON)\nhw/code/ui/pages/base_page.py:66: in find\n    return self.wait(timeout + self.mini_timeout).until(\n_ _ _ _ _ _ _ _ _ _ _ _ _ _ _ _ _ _ _ _ _ _ _ _ _ _ _ _ _ _ _ _ _ _ _ _ _ _ _ _ \n\nself = <selenium.webdriver.support.wait.WebDriverWait (session=\"3933c5297c2cdee08cf53f6a5c10b47d\")>\nmethod = <function presence_of_element_located.<locals>._predicate at 0x7fbe868d4af0>\nmessage = ''\n\n    def until(self, method, message: str = \"\"):\n        \"\"\"Calls the method provided with the driver as an argument until the \\\n        return value does not evaluate to ``False``.\n    \n        :param method: callable(WebDriver)\n        :param message: optional message for :exc:`TimeoutException`\n        :returns: the result of the last call to `method`\n        :raises: :exc:`selenium.common.exceptions.TimeoutException` if timeout occurs\n        \"\"\"\n        screen = None\n        stacktrace = None\n    \n        end_time = time.monotonic() + self._timeout\n        while True:\n            try:\n                value = method(self._driver)\n                if value:\n                    return value\n            except self._ignored_exceptions as exc:\n                screen = getattr(exc, \"screen\", None)\n                stacktrace = getattr(exc, \"stacktrace\", None)\n            time.sleep(self._poll)\n            if time.monotonic() > end_time:\n                break\n>       raise TimeoutException(message, screen, stacktrace)\nE       selenium.common.exceptions.TimeoutException: Message: \nE       Stacktrace:\nE       #0 0x560b8a71a133 <unknown>\nE       #1 0x560b8a44e966 <unknown>\nE       #2 0x560b8a48b0dc <unknown>\nE       #3 0x560b8a48b211 <unknown>\nE       #4 0x560b8a4c56c4 <unknown>\nE       #5 0x560b8a4aabfd <unknown>\nE       #6 0x560b8a4c31c7 <unknown>\nE       #7 0x560b8a4aa9a3 <unknown>\nE       #8 0x560b8a47f46a <unknown>\nE       #9 0x560b8a48055e <unknown>\nE       #10 0x560b8a6d9cae <unknown>\nE       #11 0x560b8a6dd8fe <unknown>\nE       #12 0x560b8a6e6f20 <unknown>\nE       #13 0x560b8a6de923 <unknown>\nE       #14 0x560b8a6b1c0e <unknown>\nE       #15 0x560b8a701b08 <unknown>\nE       #16 0x560b8a701c97 <unknown>\nE       #17 0x560b8a712113 <unknown>\nE       #18 0x7f65ec303b43 <unknown>\n\n/opt/hostedtoolcache/Python/3.9.16/x64/lib/python3.9/site-packages/selenium/webdriver/support/wait.py:95: TimeoutException","flaky":false,"newFailed":false,"newBroken":false,"newPassed":false,"retriesCount":0,"retriesStatusChange":false,"beforeStages":[{"name":"browser_config","time":{"start":1683815455011,"stop":1683815455011,"duration":0},"status":"passed","steps":[],"attachments":[],"parameters":[],"stepsCount":0,"attachmentsCount":0,"shouldDisplayMessage":false,"hasContent":false},{"name":"driver","time":{"start":1683816066780,"stop":1683816067666,"duration":886},"status":"passed","steps":[],"attachments":[],"parameters":[],"stepsCount":0,"attachmentsCount":0,"shouldDisplayMessage":false,"hasContent":false},{"name":"set_page","time":{"start":1683816067666,"stop":1683816067667,"duration":1},"status":"passed","steps":[],"attachments":[],"parameters":[],"stepsCount":0,"attachmentsCount":0,"shouldDisplayMessage":false,"hasContent":false},{"name":"setup","time":{"start":1683816067667,"stop":1683816069269,"duration":1602},"status":"passed","steps":[],"attachments":[],"parameters":[],"stepsCount":0,"attachmentsCount":0,"shouldDisplayMessage":false,"hasContent":false}],"afterStages":[{"name":"driver::0","time":{"start":1683816080001,"stop":1683816080062,"duration":61},"status":"passed","steps":[],"attachments":[],"parameters":[],"stepsCount":0,"attachmentsCount":0,"shouldDisplayMessage":false,"hasContent":false}],"labels":[{"name":"parentSuite","value":"hw.code"},{"name":"suite","value":"test_profile"},{"name":"subSuite","value":"TestProfile"},{"name":"host","value":"fv-az389-721"},{"name":"thread","value":"3809-MainThread"},{"name":"framework","value":"pytest"},{"name":"language","value":"cpython3"},{"name":"package","value":"hw.code.test_profile"},{"name":"resultFormat","value":"allure2"}],"parameters":[],"links":[],"hidden":false,"retry":false,"extra":{"severity":"normal","retries":[],"categories":[{"name":"Test defects","matchedStatuses":[],"flaky":false}],"tags":[]},"source":"b44e8c9d8302aec7.json","parameterValues":[]}