{"uid":"bfae7c8e7e15782e","name":"test_change_password_correct_str","fullName":"hw.code.test_profile.TestProfile#test_change_password_correct_str","historyId":"58091d76bef293a1551ee20da66d697b","time":{"start":1683815963146,"stop":1683815973848,"duration":10702},"status":"broken","statusMessage":"selenium.common.exceptions.TimeoutException: Message: \nStacktrace:\n#0 0x56420ed86133 <unknown>\n#1 0x56420eaba966 <unknown>\n#2 0x56420eaf70dc <unknown>\n#3 0x56420eaf7211 <unknown>\n#4 0x56420eb316c4 <unknown>\n#5 0x56420eb16bfd <unknown>\n#6 0x56420eb2f1c7 <unknown>\n#7 0x56420eb169a3 <unknown>\n#8 0x56420eaeb46a <unknown>\n#9 0x56420eaec55e <unknown>\n#10 0x56420ed45cae <unknown>\n#11 0x56420ed498fe <unknown>\n#12 0x56420ed52f20 <unknown>\n#13 0x56420ed4a923 <unknown>\n#14 0x56420ed1dc0e <unknown>\n#15 0x56420ed6db08 <unknown>\n#16 0x56420ed6dc97 <unknown>\n#17 0x56420ed7e113 <unknown>\n#18 0x7fbe45c69b43 <unknown>","statusTrace":"self = <test_profile.TestProfile object at 0x7fbe867d7be0>\n\n    def test_change_password_correct_str(self):\n>       self.loginPage.loginProfile()\n\nhw/code/test_profile.py:303: \n_ _ _ _ _ _ _ _ _ _ _ _ _ _ _ _ _ _ _ _ _ _ _ _ _ _ _ _ _ _ _ _ _ _ _ _ _ _ _ _ \nhw/code/ui/pages/login_page.py:56: in loginProfile\n    self.header.findUserPageButton().click()\nhw/code/ui/pages/header.py:16: in findUserPageButton\n    return self.find(self.locators.OPEN_USER_PAGE_BUTTON)\nhw/code/ui/pages/base_page.py:66: in find\n    return self.wait(timeout + self.mini_timeout).until(\n_ _ _ _ _ _ _ _ _ _ _ _ _ _ _ _ _ _ _ _ _ _ _ _ _ _ _ _ _ _ _ _ _ _ _ _ _ _ _ _ \n\nself = <selenium.webdriver.support.wait.WebDriverWait (session=\"bd7c5e7c9510e191d20e7ea89692cf30\")>\nmethod = <function presence_of_element_located.<locals>._predicate at 0x7fbe86940e50>\nmessage = ''\n\n    def until(self, method, message: str = \"\"):\n        \"\"\"Calls the method provided with the driver as an argument until the \\\n        return value does not evaluate to ``False``.\n    \n        :param method: callable(WebDriver)\n        :param message: optional message for :exc:`TimeoutException`\n        :returns: the result of the last call to `method`\n        :raises: :exc:`selenium.common.exceptions.TimeoutException` if timeout occurs\n        \"\"\"\n        screen = None\n        stacktrace = None\n    \n        end_time = time.monotonic() + self._timeout\n        while True:\n            try:\n                value = method(self._driver)\n                if value:\n                    return value\n            except self._ignored_exceptions as exc:\n                screen = getattr(exc, \"screen\", None)\n                stacktrace = getattr(exc, \"stacktrace\", None)\n            time.sleep(self._poll)\n            if time.monotonic() > end_time:\n                break\n>       raise TimeoutException(message, screen, stacktrace)\nE       selenium.common.exceptions.TimeoutException: Message: \nE       Stacktrace:\nE       #0 0x56420ed86133 <unknown>\nE       #1 0x56420eaba966 <unknown>\nE       #2 0x56420eaf70dc <unknown>\nE       #3 0x56420eaf7211 <unknown>\nE       #4 0x56420eb316c4 <unknown>\nE       #5 0x56420eb16bfd <unknown>\nE       #6 0x56420eb2f1c7 <unknown>\nE       #7 0x56420eb169a3 <unknown>\nE       #8 0x56420eaeb46a <unknown>\nE       #9 0x56420eaec55e <unknown>\nE       #10 0x56420ed45cae <unknown>\nE       #11 0x56420ed498fe <unknown>\nE       #12 0x56420ed52f20 <unknown>\nE       #13 0x56420ed4a923 <unknown>\nE       #14 0x56420ed1dc0e <unknown>\nE       #15 0x56420ed6db08 <unknown>\nE       #16 0x56420ed6dc97 <unknown>\nE       #17 0x56420ed7e113 <unknown>\nE       #18 0x7fbe45c69b43 <unknown>\n\n/opt/hostedtoolcache/Python/3.9.16/x64/lib/python3.9/site-packages/selenium/webdriver/support/wait.py:95: TimeoutException","flaky":false,"newFailed":false,"newBroken":false,"newPassed":false,"retriesCount":0,"retriesStatusChange":false,"beforeStages":[{"name":"browser_config","time":{"start":1683815455011,"stop":1683815455011,"duration":0},"status":"passed","steps":[],"attachments":[],"parameters":[],"stepsCount":0,"attachmentsCount":0,"shouldDisplayMessage":false,"hasContent":false},{"name":"driver","time":{"start":1683815960577,"stop":1683815961459,"duration":882},"status":"passed","steps":[],"attachments":[],"parameters":[],"stepsCount":0,"attachmentsCount":0,"shouldDisplayMessage":false,"hasContent":false},{"name":"set_page","time":{"start":1683815961460,"stop":1683815961460,"duration":0},"status":"passed","steps":[],"attachments":[],"parameters":[],"stepsCount":0,"attachmentsCount":0,"shouldDisplayMessage":false,"hasContent":false},{"name":"setup","time":{"start":1683815961460,"stop":1683815963145,"duration":1685},"status":"passed","steps":[],"attachments":[],"parameters":[],"stepsCount":0,"attachmentsCount":0,"shouldDisplayMessage":false,"hasContent":false}],"afterStages":[{"name":"driver::0","time":{"start":1683815973870,"stop":1683815973929,"duration":59},"status":"passed","steps":[],"attachments":[],"parameters":[],"stepsCount":0,"attachmentsCount":0,"shouldDisplayMessage":false,"hasContent":false}],"labels":[{"name":"parentSuite","value":"hw.code"},{"name":"suite","value":"test_profile"},{"name":"subSuite","value":"TestProfile"},{"name":"host","value":"fv-az389-721"},{"name":"thread","value":"3809-MainThread"},{"name":"framework","value":"pytest"},{"name":"language","value":"cpython3"},{"name":"package","value":"hw.code.test_profile"},{"name":"resultFormat","value":"allure2"}],"parameters":[],"links":[],"hidden":false,"retry":false,"extra":{"severity":"normal","retries":[],"categories":[{"name":"Test defects","matchedStatuses":[],"flaky":false}],"tags":[]},"source":"bfae7c8e7e15782e.json","parameterValues":[]}