{"uid":"580e83d09e2e4dc0","name":"test_title_link","fullName":"hw.code.test_horizontal_catalog_product_page.TestHorizontalScroll#test_title_link","historyId":"594fc70bd8c9efbad9ce14c1e6cd5c2d","time":{"start":1683775616408,"stop":1683775621526,"duration":5118},"status":"broken","statusMessage":"selenium.common.exceptions.TimeoutException: Message: \nStacktrace:\n#0 0x55cc8f4f6133 <unknown>\n#1 0x55cc8f22a966 <unknown>\n#2 0x55cc8f2670dc <unknown>\n#3 0x55cc8f267211 <unknown>\n#4 0x55cc8f2a16c4 <unknown>\n#5 0x55cc8f286bfd <unknown>\n#6 0x55cc8f29f1c7 <unknown>\n#7 0x55cc8f2869a3 <unknown>\n#8 0x55cc8f25b46a <unknown>\n#9 0x55cc8f25c55e <unknown>\n#10 0x55cc8f4b5cae <unknown>\n#11 0x55cc8f4b98fe <unknown>\n#12 0x55cc8f4c2f20 <unknown>\n#13 0x55cc8f4ba923 <unknown>\n#14 0x55cc8f48dc0e <unknown>\n#15 0x55cc8f4ddb08 <unknown>\n#16 0x55cc8f4ddc97 <unknown>\n#17 0x55cc8f4ee113 <unknown>\n#18 0x7f4b9db41b43 <unknown>","statusTrace":"self = <test_horizontal_catalog_product_page.TestHorizontalScroll object at 0x7faf9828d880>\n\n    @allure.feature('Test product recommendations')\n    @allure.story('title link')\n    def test_title_link(self):\n>       self.horizontalScroll.checkTitleLink()\n\nhw/code/test_horizontal_catalog_product_page.py:50: \n_ _ _ _ _ _ _ _ _ _ _ _ _ _ _ _ _ _ _ _ _ _ _ _ _ _ _ _ _ _ _ _ _ _ _ _ _ _ _ _ \nhw/code/ui/pages/horizontal_scroll_catalog_locators.py:51: in checkTitleLink\n    self.waitUntilVisible(self.locators.GET_ITEM_TITLE, 5)\nhw/code/ui/pages/base_page.py:62: in waitUntilVisible\n    self.wait(timeout).until(EC.presence_of_element_located(selector))\n_ _ _ _ _ _ _ _ _ _ _ _ _ _ _ _ _ _ _ _ _ _ _ _ _ _ _ _ _ _ _ _ _ _ _ _ _ _ _ _ \n\nself = <selenium.webdriver.support.wait.WebDriverWait (session=\"01fb3f0dabaee2752cdef86c97e09d3a\")>\nmethod = <function presence_of_element_located.<locals>._predicate at 0x7faf98292700>\nmessage = ''\n\n    def until(self, method, message: str = \"\"):\n        \"\"\"Calls the method provided with the driver as an argument until the \\\n        return value does not evaluate to ``False``.\n    \n        :param method: callable(WebDriver)\n        :param message: optional message for :exc:`TimeoutException`\n        :returns: the result of the last call to `method`\n        :raises: :exc:`selenium.common.exceptions.TimeoutException` if timeout occurs\n        \"\"\"\n        screen = None\n        stacktrace = None\n    \n        end_time = time.monotonic() + self._timeout\n        while True:\n            try:\n                value = method(self._driver)\n                if value:\n                    return value\n            except self._ignored_exceptions as exc:\n                screen = getattr(exc, \"screen\", None)\n                stacktrace = getattr(exc, \"stacktrace\", None)\n            time.sleep(self._poll)\n            if time.monotonic() > end_time:\n                break\n>       raise TimeoutException(message, screen, stacktrace)\nE       selenium.common.exceptions.TimeoutException: Message: \nE       Stacktrace:\nE       #0 0x55cc8f4f6133 <unknown>\nE       #1 0x55cc8f22a966 <unknown>\nE       #2 0x55cc8f2670dc <unknown>\nE       #3 0x55cc8f267211 <unknown>\nE       #4 0x55cc8f2a16c4 <unknown>\nE       #5 0x55cc8f286bfd <unknown>\nE       #6 0x55cc8f29f1c7 <unknown>\nE       #7 0x55cc8f2869a3 <unknown>\nE       #8 0x55cc8f25b46a <unknown>\nE       #9 0x55cc8f25c55e <unknown>\nE       #10 0x55cc8f4b5cae <unknown>\nE       #11 0x55cc8f4b98fe <unknown>\nE       #12 0x55cc8f4c2f20 <unknown>\nE       #13 0x55cc8f4ba923 <unknown>\nE       #14 0x55cc8f48dc0e <unknown>\nE       #15 0x55cc8f4ddb08 <unknown>\nE       #16 0x55cc8f4ddc97 <unknown>\nE       #17 0x55cc8f4ee113 <unknown>\nE       #18 0x7f4b9db41b43 <unknown>\n\n/opt/hostedtoolcache/Python/3.9.16/x64/lib/python3.9/site-packages/selenium/webdriver/support/wait.py:95: TimeoutException","flaky":false,"newFailed":false,"newBroken":false,"newPassed":false,"retriesCount":0,"retriesStatusChange":false,"beforeStages":[],"afterStages":[],"labels":[{"name":"feature","value":"Test product recommendations"},{"name":"story","value":"title link"},{"name":"parentSuite","value":"hw.code"},{"name":"suite","value":"test_horizontal_catalog_product_page"},{"name":"subSuite","value":"TestHorizontalScroll"},{"name":"host","value":"fv-az791-807"},{"name":"thread","value":"3790-MainThread"},{"name":"framework","value":"pytest"},{"name":"language","value":"cpython3"},{"name":"package","value":"hw.code.test_horizontal_catalog_product_page"},{"name":"resultFormat","value":"allure2"}],"parameters":[],"links":[],"hidden":false,"retry":false,"extra":{"severity":"normal","retries":[],"categories":[{"name":"Test defects","matchedStatuses":[],"flaky":false}],"history":{"statistic":{"failed":0,"broken":4,"skipped":0,"passed":0,"unknown":0,"total":4},"items":[{"uid":"9826808266ab960d","reportUrl":"https://tUnknownLegend.github.io/e2e-selenium-TP/25//#testresult/9826808266ab960d","status":"broken","statusDetails":"selenium.common.exceptions.TimeoutException: Message: \nStacktrace:\n#0 0x560feb66bfe3 <unknown>\n#1 0x560feb3aad36 <unknown>\n#2 0x560feb3e7c4d <unknown>\n#3 0x560feb3e7d61 <unknown>\n#4 0x560feb4236a4 <unknown>\n#5 0x560feb4088ed <unknown>\n#6 0x560feb421232 <unknown>\n#7 0x560feb408693 <unknown>\n#8 0x560feb3db03a <unknown>\n#9 0x560feb3dc17e <unknown>\n#10 0x560feb62ddbd <unknown>\n#11 0x560feb631c6c <unknown>\n#12 0x560feb63b4b0 <unknown>\n#13 0x560feb632d63 <unknown>\n#14 0x560feb605c35 <unknown>\n#15 0x560feb656138 <unknown>\n#16 0x560feb6562c7 <unknown>\n#17 0x560feb664093 <unknown>\n#18 0x7fec7d497b43 <unknown>","time":{"start":1683749794915,"stop":1683749800046,"duration":5131}},{"uid":"b03e8c86d3255952","reportUrl":"https://tUnknownLegend.github.io/e2e-selenium-TP/24//#testresult/b03e8c86d3255952","status":"broken","statusDetails":"selenium.common.exceptions.TimeoutException: Message: \nStacktrace:\n#0 0x5628f4704fe3 <unknown>\n#1 0x5628f4443d36 <unknown>\n#2 0x5628f4480c4d <unknown>\n#3 0x5628f4480d61 <unknown>\n#4 0x5628f44bc6a4 <unknown>\n#5 0x5628f44a18ed <unknown>\n#6 0x5628f44ba232 <unknown>\n#7 0x5628f44a1693 <unknown>\n#8 0x5628f447403a <unknown>\n#9 0x5628f447517e <unknown>\n#10 0x5628f46c6dbd <unknown>\n#11 0x5628f46cac6c <unknown>\n#12 0x5628f46d44b0 <unknown>\n#13 0x5628f46cbd63 <unknown>\n#14 0x5628f469ec35 <unknown>\n#15 0x5628f46ef138 <unknown>\n#16 0x5628f46ef2c7 <unknown>\n#17 0x5628f46fd093 <unknown>\n#18 0x7f3b70b00b43 <unknown>","time":{"start":1683749335327,"stop":1683749340445,"duration":5118}},{"uid":"cb10bed9349f41fe","reportUrl":"https://tUnknownLegend.github.io/e2e-selenium-TP/23//#testresult/cb10bed9349f41fe","status":"broken","statusDetails":"selenium.common.exceptions.TimeoutException: Message: \nStacktrace:\n#0 0x564fe234dfe3 <unknown>\n#1 0x564fe208cd36 <unknown>\n#2 0x564fe20c9c4d <unknown>\n#3 0x564fe20c9d61 <unknown>\n#4 0x564fe21056a4 <unknown>\n#5 0x564fe20ea8ed <unknown>\n#6 0x564fe2103232 <unknown>\n#7 0x564fe20ea693 <unknown>\n#8 0x564fe20bd03a <unknown>\n#9 0x564fe20be17e <unknown>\n#10 0x564fe230fdbd <unknown>\n#11 0x564fe2313c6c <unknown>\n#12 0x564fe231d4b0 <unknown>\n#13 0x564fe2314d63 <unknown>\n#14 0x564fe22e7c35 <unknown>\n#15 0x564fe2338138 <unknown>\n#16 0x564fe23382c7 <unknown>\n#17 0x564fe2346093 <unknown>\n#18 0x7f915a35db43 <unknown>","time":{"start":1683638317644,"stop":1683638320701,"duration":3057}}]},"tags":[]},"source":"580e83d09e2e4dc0.json","parameterValues":[]}