{"uid":"4fcdaf1fd13b947a","name":"test_change_avatar_with_refresh","fullName":"hw.code.test_profile.TestProfile#test_change_avatar_with_refresh","historyId":"6c651d007bac26eb8c45942d3513b2f7","time":{"start":1683826322866,"stop":1683826328416,"duration":5550},"status":"broken","statusMessage":"selenium.common.exceptions.TimeoutException: Message: \nStacktrace:\n#0 0x559f31b82133 <unknown>\n#1 0x559f318b6966 <unknown>\n#2 0x559f318f30dc <unknown>\n#3 0x559f318f3211 <unknown>\n#4 0x559f3192d6c4 <unknown>\n#5 0x559f31912bfd <unknown>\n#6 0x559f3192b1c7 <unknown>\n#7 0x559f319129a3 <unknown>\n#8 0x559f318e746a <unknown>\n#9 0x559f318e855e <unknown>\n#10 0x559f31b41cae <unknown>\n#11 0x559f31b458fe <unknown>\n#12 0x559f31b4ef20 <unknown>\n#13 0x559f31b46923 <unknown>\n#14 0x559f31b19c0e <unknown>\n#15 0x559f31b69b08 <unknown>\n#16 0x559f31b69c97 <unknown>\n#17 0x559f31b7a113 <unknown>\n#18 0x7f98c0705b43 <unknown>","statusTrace":"self = <test_profile.TestProfile object at 0x7fc74aeb5c70>\n\n    def test_change_avatar_with_refresh(self):\n>       self.loginPage.loginProfile()\n\nhw/code/test_profile.py:97: \n_ _ _ _ _ _ _ _ _ _ _ _ _ _ _ _ _ _ _ _ _ _ _ _ _ _ _ _ _ _ _ _ _ _ _ _ _ _ _ _ \nhw/code/ui/pages/login_page.py:56: in loginProfile\n    self.header.findUserPageButton().click()\nhw/code/ui/pages/header.py:16: in findUserPageButton\n    return self.find(self.locators.OPEN_USER_PAGE_BUTTON)\nhw/code/ui/pages/base_page.py:66: in find\n    self.waitUntilVisible(locator)\nhw/code/ui/pages/base_page.py:82: in waitUntilVisible\n    self.wait(timeout).until(EC.presence_of_element_located(selector))\n_ _ _ _ _ _ _ _ _ _ _ _ _ _ _ _ _ _ _ _ _ _ _ _ _ _ _ _ _ _ _ _ _ _ _ _ _ _ _ _ \n\nself = <selenium.webdriver.support.wait.WebDriverWait (session=\"3e65a79f92a6369eb7baa39f6a7f03c8\")>\nmethod = <function presence_of_element_located.<locals>._predicate at 0x7fc74ae0d5e0>\nmessage = ''\n\n    def until(self, method, message: str = \"\"):\n        \"\"\"Calls the method provided with the driver as an argument until the \\\n        return value does not evaluate to ``False``.\n    \n        :param method: callable(WebDriver)\n        :param message: optional message for :exc:`TimeoutException`\n        :returns: the result of the last call to `method`\n        :raises: :exc:`selenium.common.exceptions.TimeoutException` if timeout occurs\n        \"\"\"\n        screen = None\n        stacktrace = None\n    \n        end_time = time.monotonic() + self._timeout\n        while True:\n            try:\n                value = method(self._driver)\n                if value:\n                    return value\n            except self._ignored_exceptions as exc:\n                screen = getattr(exc, \"screen\", None)\n                stacktrace = getattr(exc, \"stacktrace\", None)\n            time.sleep(self._poll)\n            if time.monotonic() > end_time:\n                break\n>       raise TimeoutException(message, screen, stacktrace)\nE       selenium.common.exceptions.TimeoutException: Message: \nE       Stacktrace:\nE       #0 0x559f31b82133 <unknown>\nE       #1 0x559f318b6966 <unknown>\nE       #2 0x559f318f30dc <unknown>\nE       #3 0x559f318f3211 <unknown>\nE       #4 0x559f3192d6c4 <unknown>\nE       #5 0x559f31912bfd <unknown>\nE       #6 0x559f3192b1c7 <unknown>\nE       #7 0x559f319129a3 <unknown>\nE       #8 0x559f318e746a <unknown>\nE       #9 0x559f318e855e <unknown>\nE       #10 0x559f31b41cae <unknown>\nE       #11 0x559f31b458fe <unknown>\nE       #12 0x559f31b4ef20 <unknown>\nE       #13 0x559f31b46923 <unknown>\nE       #14 0x559f31b19c0e <unknown>\nE       #15 0x559f31b69b08 <unknown>\nE       #16 0x559f31b69c97 <unknown>\nE       #17 0x559f31b7a113 <unknown>\nE       #18 0x7f98c0705b43 <unknown>\n\n/opt/hostedtoolcache/Python/3.9.16/x64/lib/python3.9/site-packages/selenium/webdriver/support/wait.py:95: TimeoutException","flaky":false,"newFailed":false,"newBroken":false,"newPassed":false,"retriesCount":0,"retriesStatusChange":false,"beforeStages":[{"name":"browser_config","time":{"start":1683825990567,"stop":1683825990567,"duration":0},"status":"passed","steps":[],"attachments":[],"parameters":[],"stepsCount":0,"attachmentsCount":0,"shouldDisplayMessage":false,"hasContent":false},{"name":"driver","time":{"start":1683826320594,"stop":1683826321455,"duration":861},"status":"passed","steps":[],"attachments":[],"parameters":[],"stepsCount":0,"attachmentsCount":0,"shouldDisplayMessage":false,"hasContent":false},{"name":"setup","time":{"start":1683826321456,"stop":1683826322865,"duration":1409},"status":"passed","steps":[],"attachments":[],"parameters":[],"stepsCount":0,"attachmentsCount":0,"shouldDisplayMessage":false,"hasContent":false},{"name":"set_page","time":{"start":1683826321456,"stop":1683826321456,"duration":0},"status":"passed","steps":[],"attachments":[],"parameters":[],"stepsCount":0,"attachmentsCount":0,"shouldDisplayMessage":false,"hasContent":false}],"afterStages":[{"name":"driver::0","time":{"start":1683826328438,"stop":1683826328495,"duration":57},"status":"passed","steps":[],"attachments":[],"parameters":[],"stepsCount":0,"attachmentsCount":0,"shouldDisplayMessage":false,"hasContent":false}],"labels":[{"name":"parentSuite","value":"hw.code"},{"name":"suite","value":"test_profile"},{"name":"subSuite","value":"TestProfile"},{"name":"host","value":"fv-az1030-424"},{"name":"thread","value":"3758-MainThread"},{"name":"framework","value":"pytest"},{"name":"language","value":"cpython3"},{"name":"package","value":"hw.code.test_profile"},{"name":"resultFormat","value":"allure2"}],"parameters":[],"links":[],"hidden":false,"retry":false,"extra":{"severity":"normal","retries":[],"categories":[{"name":"Test defects","matchedStatuses":[],"flaky":false}],"history":{"statistic":{"failed":0,"broken":3,"skipped":0,"passed":1,"unknown":0,"total":4},"items":[{"uid":"642822f6dce83a97","reportUrl":"https://tUnknownLegend.github.io/e2e-selenium-TP/47//#testresult/642822f6dce83a97","status":"broken","statusDetails":"selenium.common.exceptions.TimeoutException: Message: \nStacktrace:\n#0 0x55fc594ca133 <unknown>\n#1 0x55fc591fe966 <unknown>\n#2 0x55fc5923b0dc <unknown>\n#3 0x55fc5923b211 <unknown>\n#4 0x55fc592756c4 <unknown>\n#5 0x55fc5925abfd <unknown>\n#6 0x55fc592731c7 <unknown>\n#7 0x55fc5925a9a3 <unknown>\n#8 0x55fc5922f46a <unknown>\n#9 0x55fc5923055e <unknown>\n#10 0x55fc59489cae <unknown>\n#11 0x55fc5948d8fe <unknown>\n#12 0x55fc59496f20 <unknown>\n#13 0x55fc5948e923 <unknown>\n#14 0x55fc59461c0e <unknown>\n#15 0x55fc594b1b08 <unknown>\n#16 0x55fc594b1c97 <unknown>\n#17 0x55fc594c2113 <unknown>\n#18 0x7f4c666dbb43 <unknown>","time":{"start":1683826209043,"stop":1683826216500,"duration":7457}},{"uid":"1160a0abd961926a","reportUrl":"https://tUnknownLegend.github.io/e2e-selenium-TP/45//#testresult/1160a0abd961926a","status":"broken","statusDetails":"selenium.common.exceptions.TimeoutException: Message: \nStacktrace:\n#0 0x556a8d5fd133 <unknown>\n#1 0x556a8d331966 <unknown>\n#2 0x556a8d36e0dc <unknown>\n#3 0x556a8d36e211 <unknown>\n#4 0x556a8d3a86c4 <unknown>\n#5 0x556a8d38dbfd <unknown>\n#6 0x556a8d3a61c7 <unknown>\n#7 0x556a8d38d9a3 <unknown>\n#8 0x556a8d36246a <unknown>\n#9 0x556a8d36355e <unknown>\n#10 0x556a8d5bccae <unknown>\n#11 0x556a8d5c08fe <unknown>\n#12 0x556a8d5c9f20 <unknown>\n#13 0x556a8d5c1923 <unknown>\n#14 0x556a8d594c0e <unknown>\n#15 0x556a8d5e4b08 <unknown>\n#16 0x556a8d5e4c97 <unknown>\n#17 0x556a8d5f5113 <unknown>\n#18 0x7fed74d08b43 <unknown>","time":{"start":1683816051010,"stop":1683816061621,"duration":10611}},{"uid":"c92e75619239820f","reportUrl":"https://tUnknownLegend.github.io/e2e-selenium-TP/44//#testresult/c92e75619239820f","status":"passed","time":{"start":1683815817128,"stop":1683815819964,"duration":2836}}]},"tags":[]},"source":"4fcdaf1fd13b947a.json","parameterValues":[]}